#
# There is insufficient memory for the Java Runtime Environment to continue.
# Native memory allocation (malloc) failed to allocate 1134864 bytes for Chunk::new
# Possible reasons:
#   The system is out of physical RAM or swap space
#   The process is running with CompressedOops enabled, and the Java Heap may be blocking the growth of the native heap
# Possible solutions:
#   Reduce memory load on the system
#   Increase physical memory or swap space
#   Check if swap backing store is full
#   Decrease Java heap size (-Xmx/-Xms)
#   Decrease number of Java threads
#   Decrease Java thread stack sizes (-Xss)
#   Set larger code cache with -XX:ReservedCodeCacheSize=
#   JVM is running with Zero Based Compressed Oops mode in which the Java heap is
#     placed in the first 32GB address space. The Java Heap base address is the
#     maximum limit for the native heap growth. Please use -XX:HeapBaseMinAddress
#     to set the Java Heap base and to place the Java Heap above 32GB virtual address.
# This output file may be truncated or incomplete.
#
#  Out of Memory Error (arena.cpp:189), pid=11040, tid=16056
#
# JRE version: Java(TM) SE Runtime Environment (17.0.10+11) (build 17.0.10+11-LTS-240)
# Java VM: Java HotSpot(TM) 64-Bit Server VM (17.0.10+11-LTS-240, mixed mode, sharing, tiered, compressed oops, compressed class ptrs, g1 gc, windows-amd64)
# No core dump will be written. Minidumps are not enabled by default on client versions of Windows
#

---------------  S U M M A R Y ------------

Command Line: -Dclassworlds.conf=C:\Program Files\apache-maven-3.9.8\bin\m2.conf -Dmaven.home=C:\Program Files\apache-maven-3.9.8 -Dlibrary.jansi.path=C:\Program Files\apache-maven-3.9.8\lib\jansi-native -Dmaven.multiModuleProjectDirectory=D:\Server 2 org.codehaus.plexus.classworlds.launcher.Launcher spring-boot:run

Host: 12th Gen Intel(R) Core(TM) i5-12400F, 12 cores, 31G,  Windows 10 , 64 bit Build 19041 (10.0.19041.5678)
Time: Fri Apr 11 11:22:42 2025 India Standard Time elapsed time: 5.697686 seconds (0d 0h 0m 5s)

---------------  T H R E A D  ---------------

Current thread (0x000001655148ebc0):  JavaThread "C2 CompilerThread2" daemon [_thread_in_native, id=16056, stack(0x000000591a300000,0x000000591a400000)]


Current CompileTask:
C2:   5697 9537       4       com.sun.tools.javac.comp.Resolve::findType (512 bytes)

Stack: [0x000000591a300000,0x000000591a400000]
Native frames: (J=compiled Java code, j=interpreted, Vv=VM code, C=native code)
V  [jvm.dll+0x677a5a]
V  [jvm.dll+0x7d8b2d]
V  [jvm.dll+0x7da48e]
V  [jvm.dll+0x7daaf3]
V  [jvm.dll+0x2455ff]
V  [jvm.dll+0xaaafb]
V  [jvm.dll+0xab09c]
V  [jvm.dll+0x361bae]
V  [jvm.dll+0x32c211]
V  [jvm.dll+0x32b6aa]
V  [jvm.dll+0x21794f]
V  [jvm.dll+0x216d81]
V  [jvm.dll+0x1a3410]
V  [jvm.dll+0x226aeb]
V  [jvm.dll+0x224cab]
V  [jvm.dll+0x78e45c]
V  [jvm.dll+0x78888a]
V  [jvm.dll+0x676935]
C  [ucrtbase.dll+0x21bb2]
C  [KERNEL32.DLL+0x17374]
C  [ntdll.dll+0x4cc91]


---------------  P R O C E S S  ---------------

Threads class SMR info:
_java_thread_list=0x00000165514725c0, length=15, elements={
0x000001655dc19f70, 0x000001657c341650, 0x000001657c3423e0, 0x000001657c3559b0,
0x000001657c358390, 0x000001657c358c60, 0x000001657c359530, 0x000001657c35a130,
0x000001657c36bfc0, 0x000001657c36e8e0, 0x00000165511c6130, 0x00000165511d1270,
0x000001655148f660, 0x000001655148ebc0, 0x0000016556a75590
}

Java Threads: ( => current thread )
  0x000001655dc19f70 JavaThread "main" [_thread_in_Java, id=16516, stack(0x0000005918f00000,0x0000005919000000)]
  0x000001657c341650 JavaThread "Reference Handler" daemon [_thread_blocked, id=1700, stack(0x0000005919600000,0x0000005919700000)]
  0x000001657c3423e0 JavaThread "Finalizer" daemon [_thread_blocked, id=16560, stack(0x0000005919700000,0x0000005919800000)]
  0x000001657c3559b0 JavaThread "Signal Dispatcher" daemon [_thread_blocked, id=10532, stack(0x0000005919800000,0x0000005919900000)]
  0x000001657c358390 JavaThread "Attach Listener" daemon [_thread_blocked, id=17648, stack(0x0000005919900000,0x0000005919a00000)]
  0x000001657c358c60 JavaThread "Service Thread" daemon [_thread_blocked, id=3680, stack(0x0000005919a00000,0x0000005919b00000)]
  0x000001657c359530 JavaThread "Monitor Deflation Thread" daemon [_thread_blocked, id=14744, stack(0x0000005919b00000,0x0000005919c00000)]
  0x000001657c35a130 JavaThread "C2 CompilerThread0" daemon [_thread_in_native, id=18612, stack(0x0000005919c00000,0x0000005919d00000)]
  0x000001657c36bfc0 JavaThread "C1 CompilerThread0" daemon [_thread_blocked, id=15940, stack(0x0000005919d00000,0x0000005919e00000)]
  0x000001657c36e8e0 JavaThread "Sweeper thread" daemon [_thread_in_vm, id=18204, stack(0x0000005919e00000,0x0000005919f00000)]
  0x00000165511c6130 JavaThread "Notification Thread" daemon [_thread_blocked, id=4956, stack(0x0000005919f00000,0x000000591a000000)]
  0x00000165511d1270 JavaThread "Common-Cleaner" daemon [_thread_blocked, id=17060, stack(0x000000591a100000,0x000000591a200000)]
  0x000001655148f660 JavaThread "C2 CompilerThread1" daemon [_thread_in_native, id=6336, stack(0x000000591a200000,0x000000591a300000)]
=>0x000001655148ebc0 JavaThread "C2 CompilerThread2" daemon [_thread_in_native, id=16056, stack(0x000000591a300000,0x000000591a400000)]
  0x0000016556a75590 JavaThread "Thread-1" daemon [_thread_blocked, id=14768, stack(0x000000591ad00000,0x000000591ae00000)]

Other Threads:
  0x000001657c33bb30 VMThread "VM Thread" [stack: 0x0000005919500000,0x0000005919600000] [id=5036]
  0x000001655feefc70 WatcherThread [stack: 0x000000591a000000,0x000000591a100000] [id=14748]
  0x000001655fed4370 GCTaskThread "GC Thread#0" [stack: 0x0000005919000000,0x0000005919100000] [id=14432]
  0x000001655628a850 GCTaskThread "GC Thread#1" [stack: 0x000000591a400000,0x000000591a500000] [id=19336]
  0x0000016551b06f30 GCTaskThread "GC Thread#2" [stack: 0x000000591a500000,0x000000591a600000] [id=10568]
  0x00000165512af220 GCTaskThread "GC Thread#3" [stack: 0x000000591a600000,0x000000591a700000] [id=1644]
  0x000001655601d840 GCTaskThread "GC Thread#4" [stack: 0x000000591a700000,0x000000591a800000] [id=16008]
  0x000001655601db00 GCTaskThread "GC Thread#5" [stack: 0x000000591a800000,0x000000591a900000] [id=18828]
  0x0000016551a0d7b0 GCTaskThread "GC Thread#6" [stack: 0x000000591a900000,0x000000591aa00000] [id=14844]
  0x0000016551a0da70 GCTaskThread "GC Thread#7" [stack: 0x000000591aa00000,0x000000591ab00000] [id=9908]
  0x0000016551add040 GCTaskThread "GC Thread#8" [stack: 0x000000591ab00000,0x000000591ac00000] [id=2504]
  0x0000016551add300 GCTaskThread "GC Thread#9" [stack: 0x000000591ac00000,0x000000591ad00000] [id=11788]
  0x000001655fee60b0 ConcurrentGCThread "G1 Main Marker" [stack: 0x0000005919100000,0x0000005919200000] [id=12060]
  0x000001655fee8180 ConcurrentGCThread "G1 Conc#0" [stack: 0x0000005919200000,0x0000005919300000] [id=12404]
  0x0000016557376b60 ConcurrentGCThread "G1 Conc#1" [stack: 0x000000591ae00000,0x000000591af00000] [id=8876]
  0x0000016557377660 ConcurrentGCThread "G1 Conc#2" [stack: 0x000000591af00000,0x000000591b000000] [id=5192]
  0x000001655fefeac0 ConcurrentGCThread "G1 Refine#0" [stack: 0x0000005919300000,0x0000005919400000] [id=384]
  0x00000165594fe890 ConcurrentGCThread "G1 Refine#1" [stack: 0x000000591b000000,0x000000591b100000] [id=7044]
  0x0000016559996170 ConcurrentGCThread "G1 Refine#2" [stack: 0x000000591b100000,0x000000591b200000] [id=5628]
  0x000001655ac6ece0 ConcurrentGCThread "G1 Refine#3" [stack: 0x000000591b200000,0x000000591b300000] [id=10372]
  0x000001657c275730 ConcurrentGCThread "G1 Service" [stack: 0x0000005919400000,0x0000005919500000] [id=15972]

Threads with active compile tasks:
C2 CompilerThread0     5704 9546       4       com.sun.tools.javac.comp.Check::getApplicableTargets (836 bytes)
C2 CompilerThread1     5704 9553       4       java.util.WeakHashMap::get (75 bytes)
C2 CompilerThread2     5704 9537       4       com.sun.tools.javac.comp.Resolve::findType (512 bytes)

VM state: not at safepoint (normal execution)

VM Mutex/Monitor currently owned by a thread: None

Heap address: 0x0000000602400000, size: 8156 MB, Compressed Oops mode: Zero based, Oop shift amount: 3

CDS archive(s) mapped at: [0x0000016510000000-0x0000016510bd0000-0x0000016510bd0000), size 12386304, SharedBaseAddress: 0x0000016510000000, ArchiveRelocationMode: 1.
Compressed class space mapped at: 0x0000016511000000-0x0000016551000000, reserved size: 1073741824
Narrow klass base: 0x0000016510000000, Narrow klass shift: 0, Narrow klass range: 0x100000000

GC Precious Log:
 CPUs: 12 total, 12 available
 Memory: 32621M
 Large Page Support: Disabled
 NUMA Support: Disabled
 Compressed Oops: Enabled (Zero based)
 Heap Region Size: 4M
 Heap Min Capacity: 8M
 Heap Initial Capacity: 512M
 Heap Max Capacity: 8156M
 Pre-touch: Disabled
 Parallel Workers: 10
 Concurrent Workers: 3
 Concurrent Refinement Workers: 10
 Periodic GC: Disabled

Heap:
 garbage-first heap   total 499712K, used 168991K [0x0000000602400000, 0x0000000800000000)
  region size 4096K, 14 young (57344K), 3 survivors (12288K)
 Metaspace       used 30600K, committed 30976K, reserved 1114112K
  class space    used 3348K, committed 3520K, reserved 1048576K

Heap Regions: E=young(eden), S=young(survivor), O=old, HS=humongous(starts), HC=humongous(continues), CS=collection set, F=free, OA=open archive, CA=closed archive, TAMS=top-at-mark-start (previous, next)
|   0|0x0000000602400000, 0x0000000602800000, 0x0000000602800000|100%| O|  |TAMS 0x0000000602800000, 0x0000000602800000| Untracked 
|   1|0x0000000602800000, 0x0000000602c00000, 0x0000000602c00000|100%| O|  |TAMS 0x0000000602c00000, 0x0000000602c00000| Untracked 
|   2|0x0000000602c00000, 0x0000000603000000, 0x0000000603000000|100%| O|  |TAMS 0x0000000603000000, 0x0000000603000000| Untracked 
|   3|0x0000000603000000, 0x0000000603400000, 0x0000000603400000|100%| O|  |TAMS 0x0000000603400000, 0x0000000603400000| Untracked 
|   4|0x0000000603400000, 0x0000000603800000, 0x0000000603800000|100%| O|  |TAMS 0x0000000603800000, 0x0000000603800000| Untracked 
|   5|0x0000000603800000, 0x0000000603c00000, 0x0000000603c00000|100%| O|  |TAMS 0x0000000603c00000, 0x0000000603c00000| Untracked 
|   6|0x0000000603c00000, 0x0000000604000000, 0x0000000604000000|100%| O|  |TAMS 0x0000000604000000, 0x0000000604000000| Untracked 
|   7|0x0000000604000000, 0x0000000604400000, 0x0000000604400000|100%| O|  |TAMS 0x0000000604400000, 0x0000000604400000| Untracked 
|   8|0x0000000604400000, 0x0000000604800000, 0x0000000604800000|100%| O|  |TAMS 0x0000000604800000, 0x0000000604800000| Untracked 
|   9|0x0000000604800000, 0x0000000604c00000, 0x0000000604c00000|100%| O|  |TAMS 0x0000000604c00000, 0x0000000604c00000| Untracked 
|  10|0x0000000604c00000, 0x0000000605000000, 0x0000000605000000|100%| O|  |TAMS 0x0000000605000000, 0x0000000605000000| Untracked 
|  11|0x0000000605000000, 0x0000000605400000, 0x0000000605400000|100%| O|  |TAMS 0x0000000605400000, 0x0000000605400000| Untracked 
|  12|0x0000000605400000, 0x0000000605800000, 0x0000000605800000|100%| O|  |TAMS 0x0000000605800000, 0x0000000605800000| Untracked 
|  13|0x0000000605800000, 0x0000000605c00000, 0x0000000605c00000|100%| O|  |TAMS 0x0000000605c00000, 0x0000000605c00000| Untracked 
|  14|0x0000000605c00000, 0x0000000606000000, 0x0000000606000000|100%| O|  |TAMS 0x0000000606000000, 0x0000000606000000| Untracked 
|  15|0x0000000606000000, 0x0000000606400000, 0x0000000606400000|100%| O|  |TAMS 0x0000000606400000, 0x0000000606400000| Untracked 
|  16|0x0000000606400000, 0x0000000606800000, 0x0000000606800000|100%| O|  |TAMS 0x0000000606800000, 0x0000000606800000| Untracked 
|  17|0x0000000606800000, 0x0000000606c00000, 0x0000000606c00000|100%| O|  |TAMS 0x0000000606c00000, 0x0000000606c00000| Untracked 
|  18|0x0000000606c00000, 0x0000000607000000, 0x0000000607000000|100%| O|  |TAMS 0x0000000607000000, 0x0000000607000000| Untracked 
|  19|0x0000000607000000, 0x0000000607400000, 0x0000000607400000|100%| O|  |TAMS 0x0000000607400000, 0x0000000607400000| Untracked 
|  20|0x0000000607400000, 0x0000000607800000, 0x0000000607800000|100%| O|  |TAMS 0x0000000607662200, 0x0000000607800000| Untracked 
|  21|0x0000000607800000, 0x0000000607c00000, 0x0000000607c00000|100%| O|  |TAMS 0x0000000607800000, 0x0000000607c00000| Untracked 
|  22|0x0000000607c00000, 0x0000000608000000, 0x0000000608000000|100%| O|  |TAMS 0x0000000607c00000, 0x0000000607fbc600| Untracked 
|  23|0x0000000608000000, 0x0000000608400000, 0x0000000608400000|100%|HS|  |TAMS 0x0000000608000000, 0x0000000608000000| Complete 
|  24|0x0000000608400000, 0x0000000608800000, 0x0000000608800000|100%| O|  |TAMS 0x0000000608400000, 0x0000000608400000| Untracked 
|  25|0x0000000608800000, 0x0000000608c00000, 0x0000000608c00000|100%| O|  |TAMS 0x0000000608800000, 0x0000000608800000| Untracked 
|  26|0x0000000608c00000, 0x0000000609000000, 0x0000000609000000|100%| O|  |TAMS 0x0000000608c00000, 0x0000000608c00000| Untracked 
|  27|0x0000000609000000, 0x0000000609173c00, 0x0000000609400000| 36%| O|  |TAMS 0x0000000609000000, 0x0000000609000000| Untracked 
|  28|0x0000000609400000, 0x0000000609400000, 0x0000000609800000|  0%| F|  |TAMS 0x0000000609400000, 0x0000000609400000| Untracked 
|  29|0x0000000609800000, 0x0000000609800000, 0x0000000609c00000|  0%| F|  |TAMS 0x0000000609800000, 0x0000000609800000| Untracked 
|  30|0x0000000609c00000, 0x0000000609c00000, 0x000000060a000000|  0%| F|  |TAMS 0x0000000609c00000, 0x0000000609c00000| Untracked 
|  31|0x000000060a000000, 0x000000060a000000, 0x000000060a400000|  0%| F|  |TAMS 0x000000060a000000, 0x000000060a000000| Untracked 
|  32|0x000000060a400000, 0x000000060a400000, 0x000000060a800000|  0%| F|  |TAMS 0x000000060a400000, 0x000000060a400000| Untracked 
|  33|0x000000060a800000, 0x000000060a800000, 0x000000060ac00000|  0%| F|  |TAMS 0x000000060a800000, 0x000000060a800000| Untracked 
|  34|0x000000060ac00000, 0x000000060ac00000, 0x000000060b000000|  0%| F|  |TAMS 0x000000060ac00000, 0x000000060ac00000| Untracked 
|  35|0x000000060b000000, 0x000000060b000000, 0x000000060b400000|  0%| F|  |TAMS 0x000000060b000000, 0x000000060b000000| Untracked 
|  36|0x000000060b400000, 0x000000060b400000, 0x000000060b800000|  0%| F|  |TAMS 0x000000060b400000, 0x000000060b400000| Untracked 
|  37|0x000000060b800000, 0x000000060b800000, 0x000000060bc00000|  0%| F|  |TAMS 0x000000060b800000, 0x000000060b800000| Untracked 
|  38|0x000000060bc00000, 0x000000060bc00000, 0x000000060c000000|  0%| F|  |TAMS 0x000000060bc00000, 0x000000060bc00000| Untracked 
|  39|0x000000060c000000, 0x000000060c000000, 0x000000060c400000|  0%| F|  |TAMS 0x000000060c000000, 0x000000060c000000| Untracked 
|  40|0x000000060c400000, 0x000000060c400000, 0x000000060c800000|  0%| F|  |TAMS 0x000000060c400000, 0x000000060c400000| Untracked 
|  41|0x000000060c800000, 0x000000060c800000, 0x000000060cc00000|  0%| F|  |TAMS 0x000000060c800000, 0x000000060c800000| Untracked 
|  42|0x000000060cc00000, 0x000000060cc00000, 0x000000060d000000|  0%| F|  |TAMS 0x000000060cc00000, 0x000000060cc00000| Untracked 
|  43|0x000000060d000000, 0x000000060d000000, 0x000000060d400000|  0%| F|  |TAMS 0x000000060d000000, 0x000000060d000000| Untracked 
|  44|0x000000060d400000, 0x000000060d794380, 0x000000060d800000| 89%| S|CS|TAMS 0x000000060d400000, 0x000000060d400000| Complete 
|  45|0x000000060d800000, 0x000000060d800000, 0x000000060dc00000|  0%| F|  |TAMS 0x000000060d800000, 0x000000060d800000| Untracked 
|  46|0x000000060dc00000, 0x000000060dc00000, 0x000000060e000000|  0%| F|  |TAMS 0x000000060dc00000, 0x000000060dc00000| Untracked 
|  47|0x000000060e000000, 0x000000060e400000, 0x000000060e400000|100%| S|CS|TAMS 0x000000060e000000, 0x000000060e000000| Complete 
|  48|0x000000060e400000, 0x000000060e400000, 0x000000060e800000|  0%| F|  |TAMS 0x000000060e400000, 0x000000060e400000| Untracked 
|  49|0x000000060e800000, 0x000000060e800000, 0x000000060ec00000|  0%| F|  |TAMS 0x000000060e800000, 0x000000060e800000| Untracked 
|  50|0x000000060ec00000, 0x000000060f000000, 0x000000060f000000|100%| S|CS|TAMS 0x000000060ec00000, 0x000000060ec00000| Complete 
|  51|0x000000060f000000, 0x000000060f000000, 0x000000060f400000|  0%| F|  |TAMS 0x000000060f000000, 0x000000060f000000| Untracked 
|  52|0x000000060f400000, 0x000000060f400000, 0x000000060f800000|  0%| F|  |TAMS 0x000000060f400000, 0x000000060f400000| Untracked 
|  53|0x000000060f800000, 0x000000060f800000, 0x000000060fc00000|  0%| F|  |TAMS 0x000000060f800000, 0x000000060f800000| Untracked 
|  54|0x000000060fc00000, 0x000000060fc00000, 0x0000000610000000|  0%| F|  |TAMS 0x000000060fc00000, 0x000000060fc00000| Untracked 
|  55|0x0000000610000000, 0x0000000610000000, 0x0000000610400000|  0%| F|  |TAMS 0x0000000610000000, 0x0000000610000000| Untracked 
|  56|0x0000000610400000, 0x0000000610400000, 0x0000000610800000|  0%| F|  |TAMS 0x0000000610400000, 0x0000000610400000| Untracked 
|  57|0x0000000610800000, 0x0000000610800000, 0x0000000610c00000|  0%| F|  |TAMS 0x0000000610800000, 0x0000000610800000| Untracked 
|  58|0x0000000610c00000, 0x0000000610c00000, 0x0000000611000000|  0%| F|  |TAMS 0x0000000610c00000, 0x0000000610c00000| Untracked 
|  59|0x0000000611000000, 0x0000000611000000, 0x0000000611400000|  0%| F|  |TAMS 0x0000000611000000, 0x0000000611000000| Untracked 
|  60|0x0000000611400000, 0x0000000611400000, 0x0000000611800000|  0%| F|  |TAMS 0x0000000611400000, 0x0000000611400000| Untracked 
|  61|0x0000000611800000, 0x0000000611800000, 0x0000000611c00000|  0%| F|  |TAMS 0x0000000611800000, 0x0000000611800000| Untracked 
|  62|0x0000000611c00000, 0x0000000611c00000, 0x0000000612000000|  0%| F|  |TAMS 0x0000000611c00000, 0x0000000611c00000| Untracked 
|  63|0x0000000612000000, 0x0000000612000000, 0x0000000612400000|  0%| F|  |TAMS 0x0000000612000000, 0x0000000612000000| Untracked 
|  64|0x0000000612400000, 0x0000000612400000, 0x0000000612800000|  0%| F|  |TAMS 0x0000000612400000, 0x0000000612400000| Untracked 
|  65|0x0000000612800000, 0x0000000612800000, 0x0000000612c00000|  0%| F|  |TAMS 0x0000000612800000, 0x0000000612800000| Untracked 
|  66|0x0000000612c00000, 0x0000000612c00000, 0x0000000613000000|  0%| F|  |TAMS 0x0000000612c00000, 0x0000000612c00000| Untracked 
|  67|0x0000000613000000, 0x0000000613000000, 0x0000000613400000|  0%| F|  |TAMS 0x0000000613000000, 0x0000000613000000| Untracked 
|  68|0x0000000613400000, 0x0000000613400000, 0x0000000613800000|  0%| F|  |TAMS 0x0000000613400000, 0x0000000613400000| Untracked 
|  69|0x0000000613800000, 0x0000000613800000, 0x0000000613c00000|  0%| F|  |TAMS 0x0000000613800000, 0x0000000613800000| Untracked 
|  70|0x0000000613c00000, 0x0000000613c00000, 0x0000000614000000|  0%| F|  |TAMS 0x0000000613c00000, 0x0000000613c00000| Untracked 
|  71|0x0000000614000000, 0x0000000614000000, 0x0000000614400000|  0%| F|  |TAMS 0x0000000614000000, 0x0000000614000000| Untracked 
|  72|0x0000000614400000, 0x0000000614400000, 0x0000000614800000|  0%| F|  |TAMS 0x0000000614400000, 0x0000000614400000| Untracked 
|  73|0x0000000614800000, 0x0000000614800000, 0x0000000614c00000|  0%| F|  |TAMS 0x0000000614800000, 0x0000000614800000| Untracked 
|  74|0x0000000614c00000, 0x0000000614c00000, 0x0000000615000000|  0%| F|  |TAMS 0x0000000614c00000, 0x0000000614c00000| Untracked 
|  75|0x0000000615000000, 0x0000000615000000, 0x0000000615400000|  0%| F|  |TAMS 0x0000000615000000, 0x0000000615000000| Untracked 
|  76|0x0000000615400000, 0x0000000615400000, 0x0000000615800000|  0%| F|  |TAMS 0x0000000615400000, 0x0000000615400000| Untracked 
|  77|0x0000000615800000, 0x0000000615800000, 0x0000000615c00000|  0%| F|  |TAMS 0x0000000615800000, 0x0000000615800000| Untracked 
|  78|0x0000000615c00000, 0x0000000615c00000, 0x0000000616000000|  0%| F|  |TAMS 0x0000000615c00000, 0x0000000615c00000| Untracked 
|  79|0x0000000616000000, 0x0000000616000000, 0x0000000616400000|  0%| F|  |TAMS 0x0000000616000000, 0x0000000616000000| Untracked 
|  80|0x0000000616400000, 0x0000000616400000, 0x0000000616800000|  0%| F|  |TAMS 0x0000000616400000, 0x0000000616400000| Untracked 
|  81|0x0000000616800000, 0x0000000616800000, 0x0000000616c00000|  0%| F|  |TAMS 0x0000000616800000, 0x0000000616800000| Untracked 
|  82|0x0000000616c00000, 0x0000000616c00000, 0x0000000617000000|  0%| F|  |TAMS 0x0000000616c00000, 0x0000000616c00000| Untracked 
|  83|0x0000000617000000, 0x0000000617000000, 0x0000000617400000|  0%| F|  |TAMS 0x0000000617000000, 0x0000000617000000| Untracked 
|  84|0x0000000617400000, 0x0000000617400000, 0x0000000617800000|  0%| F|  |TAMS 0x0000000617400000, 0x0000000617400000| Untracked 
|  85|0x0000000617800000, 0x0000000617800000, 0x0000000617c00000|  0%| F|  |TAMS 0x0000000617800000, 0x0000000617800000| Untracked 
|  86|0x0000000617c00000, 0x0000000617c00000, 0x0000000618000000|  0%| F|  |TAMS 0x0000000617c00000, 0x0000000617c00000| Untracked 
|  87|0x0000000618000000, 0x0000000618000000, 0x0000000618400000|  0%| F|  |TAMS 0x0000000618000000, 0x0000000618000000| Untracked 
|  88|0x0000000618400000, 0x0000000618400000, 0x0000000618800000|  0%| F|  |TAMS 0x0000000618400000, 0x0000000618400000| Untracked 
|  89|0x0000000618800000, 0x0000000618800000, 0x0000000618c00000|  0%| F|  |TAMS 0x0000000618800000, 0x0000000618800000| Untracked 
|  90|0x0000000618c00000, 0x0000000618c00000, 0x0000000619000000|  0%| F|  |TAMS 0x0000000618c00000, 0x0000000618c00000| Untracked 
|  91|0x0000000619000000, 0x0000000619000000, 0x0000000619400000|  0%| F|  |TAMS 0x0000000619000000, 0x0000000619000000| Untracked 
|  92|0x0000000619400000, 0x0000000619400000, 0x0000000619800000|  0%| F|  |TAMS 0x0000000619400000, 0x0000000619400000| Untracked 
|  93|0x0000000619800000, 0x0000000619800000, 0x0000000619c00000|  0%| F|  |TAMS 0x0000000619800000, 0x0000000619800000| Untracked 
|  94|0x0000000619c00000, 0x0000000619c00000, 0x000000061a000000|  0%| F|  |TAMS 0x0000000619c00000, 0x0000000619c00000| Untracked 
|  95|0x000000061a000000, 0x000000061a000000, 0x000000061a400000|  0%| F|  |TAMS 0x000000061a000000, 0x000000061a000000| Untracked 
|  96|0x000000061a400000, 0x000000061a400000, 0x000000061a800000|  0%| F|  |TAMS 0x000000061a400000, 0x000000061a400000| Untracked 
|  97|0x000000061a800000, 0x000000061a800000, 0x000000061ac00000|  0%| F|  |TAMS 0x000000061a800000, 0x000000061a800000| Untracked 
|  98|0x000000061ac00000, 0x000000061ac00000, 0x000000061b000000|  0%| F|  |TAMS 0x000000061ac00000, 0x000000061ac00000| Untracked 
|  99|0x000000061b000000, 0x000000061b000000, 0x000000061b400000|  0%| F|  |TAMS 0x000000061b000000, 0x000000061b000000| Untracked 
| 100|0x000000061b400000, 0x000000061b400000, 0x000000061b800000|  0%| F|  |TAMS 0x000000061b400000, 0x000000061b400000| Untracked 
| 101|0x000000061b800000, 0x000000061b800000, 0x000000061bc00000|  0%| F|  |TAMS 0x000000061b800000, 0x000000061b800000| Untracked 
| 102|0x000000061bc00000, 0x000000061bc00000, 0x000000061c000000|  0%| F|  |TAMS 0x000000061bc00000, 0x000000061bc00000| Untracked 
| 103|0x000000061c000000, 0x000000061c000000, 0x000000061c400000|  0%| F|  |TAMS 0x000000061c000000, 0x000000061c000000| Untracked 
| 104|0x000000061c400000, 0x000000061c400000, 0x000000061c800000|  0%| F|  |TAMS 0x000000061c400000, 0x000000061c400000| Untracked 
| 105|0x000000061c800000, 0x000000061c800000, 0x000000061cc00000|  0%| F|  |TAMS 0x000000061c800000, 0x000000061c800000| Untracked 
| 106|0x000000061cc00000, 0x000000061cc00000, 0x000000061d000000|  0%| F|  |TAMS 0x000000061cc00000, 0x000000061cc00000| Untracked 
| 107|0x000000061d000000, 0x000000061d000000, 0x000000061d400000|  0%| F|  |TAMS 0x000000061d000000, 0x000000061d000000| Untracked 
| 108|0x000000061d400000, 0x000000061d400000, 0x000000061d800000|  0%| F|  |TAMS 0x000000061d400000, 0x000000061d400000| Untracked 
| 109|0x000000061d800000, 0x000000061d800000, 0x000000061dc00000|  0%| F|  |TAMS 0x000000061d800000, 0x000000061d800000| Untracked 
| 110|0x000000061dc00000, 0x000000061de00800, 0x000000061e000000| 50%| E|  |TAMS 0x000000061dc00000, 0x000000061dc00000| Complete 
| 111|0x000000061e000000, 0x000000061e400000, 0x000000061e400000|100%| E|CS|TAMS 0x000000061e000000, 0x000000061e000000| Complete 
| 112|0x000000061e400000, 0x000000061e800000, 0x000000061e800000|100%| E|CS|TAMS 0x000000061e400000, 0x000000061e400000| Complete 
| 113|0x000000061e800000, 0x000000061ec00000, 0x000000061ec00000|100%| E|CS|TAMS 0x000000061e800000, 0x000000061e800000| Complete 
| 114|0x000000061ec00000, 0x000000061f000000, 0x000000061f000000|100%| E|CS|TAMS 0x000000061ec00000, 0x000000061ec00000| Complete 
| 115|0x000000061f000000, 0x000000061f400000, 0x000000061f400000|100%| E|CS|TAMS 0x000000061f000000, 0x000000061f000000| Complete 
| 116|0x000000061f400000, 0x000000061f800000, 0x000000061f800000|100%| E|CS|TAMS 0x000000061f400000, 0x000000061f400000| Complete 
| 117|0x000000061f800000, 0x000000061fc00000, 0x000000061fc00000|100%| E|CS|TAMS 0x000000061f800000, 0x000000061f800000| Complete 
| 118|0x000000061fc00000, 0x0000000620000000, 0x0000000620000000|100%| E|CS|TAMS 0x000000061fc00000, 0x000000061fc00000| Complete 
| 119|0x0000000620000000, 0x0000000620400000, 0x0000000620400000|100%| E|CS|TAMS 0x0000000620000000, 0x0000000620000000| Complete 
| 127|0x0000000622000000, 0x0000000622400000, 0x0000000622400000|100%| E|CS|TAMS 0x0000000622000000, 0x0000000622000000| Complete 
|2038|0x00000007ffc00000, 0x0000000800000000, 0x0000000800000000|100%| O|  |TAMS 0x0000000800000000, 0x0000000800000000| Untracked 

Card table byte_map: [0x0000016577c30000,0x0000016578c20000] _byte_map_base: 0x0000016574c1e000

Marking Bits (Prev, Next): (CMBitMap*) 0x000001655fed58b0, (CMBitMap*) 0x000001655fed58f0
 Prev Bits: [0x0000016500000000, 0x0000016507f70000)
 Next Bits: [0x0000016507f70000, 0x000001650fee0000)

Polling page: 0x000001655de20000

Metaspace:

Usage:
  Non-class:     26.61 MB used.
      Class:      3.27 MB used.
       Both:     29.88 MB used.

Virtual space:
  Non-class space:       64.00 MB reserved,      26.81 MB ( 42%) committed,  1 nodes.
      Class space:        1.00 GB reserved,       3.44 MB ( <1%) committed,  1 nodes.
             Both:        1.06 GB reserved,      30.25 MB (  3%) committed. 

Chunk freelists:
   Non-Class:  4.69 MB
       Class:  12.53 MB
        Both:  17.22 MB

MaxMetaspaceSize: unlimited
CompressedClassSpaceSize: 1.00 GB
Initial GC threshold: 21.00 MB
Current GC threshold: 45.00 MB
CDS: on
MetaspaceReclaimPolicy: balanced
 - commit_granule_bytes: 65536.
 - commit_granule_words: 8192.
 - virtual_space_node_default_size: 8388608.
 - enlarge_chunks_in_place: 1.
 - new_chunks_are_fully_committed: 0.
 - uncommit_free_chunks: 1.
 - use_allocation_guard: 0.
 - handle_deallocations: 1.


Internal statistics:

num_allocs_failed_limit: 6.
num_arena_births: 266.
num_arena_deaths: 0.
num_vsnodes_births: 2.
num_vsnodes_deaths: 0.
num_space_committed: 484.
num_space_uncommitted: 0.
num_chunks_returned_to_freelist: 6.
num_chunks_taken_from_freelist: 1439.
num_chunk_merges: 6.
num_chunk_splits: 976.
num_chunks_enlarged: 717.
num_inconsistent_stats: 0.

CodeHeap 'non-profiled nmethods': size=120000Kb used=6369Kb max_used=6606Kb free=113631Kb
 bounds [0x000001656f1b0000, 0x000001656f830000, 0x00000165766e0000]
CodeHeap 'profiled nmethods': size=120000Kb used=16660Kb max_used=17978Kb free=103339Kb
 bounds [0x00000165676e0000, 0x0000016568870000, 0x000001656ec10000]
CodeHeap 'non-nmethods': size=5760Kb used=1218Kb max_used=1303Kb free=4541Kb
 bounds [0x000001656ec10000, 0x000001656ee80000, 0x000001656f1b0000]
 total_blobs=8213 nmethods=7692 adapters=433
 compilation: enabled
              stopped_count=0, restarted_count=0
 full_count=0

Compilation events (20 events):
Event: 5.684 Thread 0x000001657c36bfc0 9569       3       lombok.javac.handlers.JavacHandlerUtil::isFieldDeprecated (82 bytes)
Event: 5.684 Thread 0x000001657c36bfc0 nmethod 9569 0x0000016568860590 code [0x0000016568860820, 0x00000165688619b8]
Event: 5.684 Thread 0x000001657c36bfc0 9567       3       lombok.core.handlers.HandlerUtil::stripSectionsFromJavadoc (40 bytes)
Event: 5.684 Thread 0x000001657c36bfc0 nmethod 9567 0x0000016568861e90 code [0x00000165688620a0, 0x00000165688625b8]
Event: 5.684 Thread 0x000001657c36bfc0 9568       3       lombok.core.CleanupRegistry$CleanupKey::hashCode (19 bytes)
Event: 5.685 Thread 0x000001657c36bfc0 nmethod 9568 0x0000016568862790 code [0x0000016568862940, 0x0000016568862ad8]
Event: 5.685 Thread 0x000001657c36bfc0 9570       3       lombok.javac.Javac::getDocComment (41 bytes)
Event: 5.685 Thread 0x000001657c36bfc0 nmethod 9570 0x0000016568862c10 code [0x0000016568862ee0, 0x0000016568863f98]
Event: 5.685 Thread 0x000001657c36bfc0 9571       3       lombok.core.CleanupRegistry::registerTask (25 bytes)
Event: 5.685 Thread 0x000001657c36bfc0 nmethod 9571 0x0000016568864490 code [0x0000016568864640, 0x0000016568864a08]
Event: 5.685 Thread 0x000001657c36bfc0 9572       3       lombok.core.handlers.HandlerUtil::getJavadocSection (173 bytes)
Event: 5.686 Thread 0x000001657c36bfc0 nmethod 9572 0x0000016568864b90 code [0x0000016568864ee0, 0x0000016568866148]
Event: 5.686 Thread 0x000001657c36bfc0 9573       3       lombok.core.handlers.HandlerUtil::shouldReturnThis0 (119 bytes)
Event: 5.686 Thread 0x000001657c36bfc0 nmethod 9573 0x0000016568866990 code [0x0000016568866c20, 0x0000016568867b28]
Event: 5.687 Thread 0x000001657c36bfc0 9575   !   3       jdk.internal.reflect.GeneratedConstructorAccessor10::newInstance (53 bytes)
Event: 5.687 Thread 0x000001657c36bfc0 nmethod 9575 0x0000016568868010 code [0x0000016568868240, 0x0000016568868b08]
Event: 5.688 Thread 0x000001657c36bfc0 9577       3       lombok.javac.handlers.JavacHandlerUtil::removePrefixFromField (254 bytes)
Event: 5.690 Thread 0x000001657c36bfc0 nmethod 9577 0x0000016568868f10 code [0x0000016568869520, 0x000001656886d7b8]
Event: 5.690 Thread 0x000001657c36bfc0 9578       3       com.sun.tools.javac.tree.TreeMaker::MethodDef (19 bytes)
Event: 5.690 Thread 0x000001657c36bfc0 nmethod 9578 0x0000016567bb0310 code [0x0000016567bb04c0, 0x0000016567bb0648]

GC Heap History (20 events):
Event: 3.588 GC heap before
{Heap before GC invocations=9 (full 0):
 garbage-first heap   total 151552K, used 72837K [0x0000000602400000, 0x0000000800000000)
  region size 4096K, 4 young (16384K), 3 survivors (12288K)
 Metaspace       used 26432K, committed 26752K, reserved 1114112K
  class space    used 2981K, committed 3136K, reserved 1048576K
}
Event: 3.595 GC heap after
{Heap after GC invocations=10 (full 0):
 garbage-first heap   total 151552K, used 73125K [0x0000000602400000, 0x0000000800000000)
  region size 4096K, 1 young (4096K), 1 survivors (4096K)
 Metaspace       used 26432K, committed 26752K, reserved 1114112K
  class space    used 2981K, committed 3136K, reserved 1048576K
}
Event: 3.787 GC heap before
{Heap before GC invocations=10 (full 0):
 garbage-first heap   total 151552K, used 109989K [0x0000000602400000, 0x0000000800000000)
  region size 4096K, 10 young (40960K), 1 survivors (4096K)
 Metaspace       used 26465K, committed 26816K, reserved 1114112K
  class space    used 2981K, committed 3136K, reserved 1048576K
}
Event: 3.792 GC heap after
{Heap after GC invocations=11 (full 0):
 garbage-first heap   total 151552K, used 86016K [0x0000000602400000, 0x0000000800000000)
  region size 4096K, 2 young (8192K), 2 survivors (8192K)
 Metaspace       used 26465K, committed 26816K, reserved 1114112K
  class space    used 2981K, committed 3136K, reserved 1048576K
}
Event: 3.914 GC heap before
{Heap before GC invocations=12 (full 0):
 garbage-first heap   total 159744K, used 110592K [0x0000000602400000, 0x0000000800000000)
  region size 4096K, 8 young (32768K), 2 survivors (8192K)
 Metaspace       used 27032K, committed 27392K, reserved 1114112K
  class space    used 3032K, committed 3200K, reserved 1048576K
}
Event: 3.920 GC heap after
{Heap after GC invocations=13 (full 0):
 garbage-first heap   total 159744K, used 92552K [0x0000000602400000, 0x0000000800000000)
  region size 4096K, 1 young (4096K), 1 survivors (4096K)
 Metaspace       used 27032K, committed 27392K, reserved 1114112K
  class space    used 3032K, committed 3200K, reserved 1048576K
}
Event: 3.999 GC heap before
{Heap before GC invocations=13 (full 0):
 garbage-first heap   total 159744K, used 117128K [0x0000000602400000, 0x0000000800000000)
  region size 4096K, 7 young (28672K), 1 survivors (4096K)
 Metaspace       used 27328K, committed 27648K, reserved 1114112K
  class space    used 3044K, committed 3200K, reserved 1048576K
}
Event: 4.006 GC heap after
{Heap after GC invocations=14 (full 0):
 garbage-first heap   total 159744K, used 97640K [0x0000000602400000, 0x0000000800000000)
  region size 4096K, 1 young (4096K), 1 survivors (4096K)
 Metaspace       used 27328K, committed 27648K, reserved 1114112K
  class space    used 3044K, committed 3200K, reserved 1048576K
}
Event: 4.107 GC heap before
{Heap before GC invocations=15 (full 0):
 garbage-first heap   total 180224K, used 122216K [0x0000000602400000, 0x0000000800000000)
  region size 4096K, 7 young (28672K), 1 survivors (4096K)
 Metaspace       used 27437K, committed 27776K, reserved 1114112K
  class space    used 3048K, committed 3200K, reserved 1048576K
}
Event: 4.112 GC heap after
{Heap after GC invocations=16 (full 0):
 garbage-first heap   total 180224K, used 101740K [0x0000000602400000, 0x0000000800000000)
  region size 4096K, 1 young (4096K), 1 survivors (4096K)
 Metaspace       used 27437K, committed 27776K, reserved 1114112K
  class space    used 3048K, committed 3200K, reserved 1048576K
}
Event: 4.152 GC heap before
{Heap before GC invocations=16 (full 0):
 garbage-first heap   total 180224K, used 109932K [0x0000000602400000, 0x0000000800000000)
  region size 4096K, 4 young (16384K), 1 survivors (4096K)
 Metaspace       used 27488K, committed 27776K, reserved 1114112K
  class space    used 3048K, committed 3200K, reserved 1048576K
}
Event: 4.156 GC heap after
{Heap after GC invocations=17 (full 0):
 garbage-first heap   total 360448K, used 103648K [0x0000000602400000, 0x0000000800000000)
  region size 4096K, 2 young (8192K), 2 survivors (8192K)
 Metaspace       used 27488K, committed 27776K, reserved 1114112K
  class space    used 3048K, committed 3200K, reserved 1048576K
}
Event: 4.816 GC heap before
{Heap before GC invocations=17 (full 0):
 garbage-first heap   total 360448K, used 242912K [0x0000000602400000, 0x0000000800000000)
  region size 4096K, 35 young (143360K), 2 survivors (8192K)
 Metaspace       used 29811K, committed 30208K, reserved 1114112K
  class space    used 3271K, committed 3456K, reserved 1048576K
}
Event: 4.826 GC heap after
{Heap after GC invocations=18 (full 0):
 garbage-first heap   total 360448K, used 118106K [0x0000000602400000, 0x0000000800000000)
  region size 4096K, 4 young (16384K), 4 survivors (16384K)
 Metaspace       used 29811K, committed 30208K, reserved 1114112K
  class space    used 3271K, committed 3456K, reserved 1048576K
}
Event: 5.053 GC heap before
{Heap before GC invocations=18 (full 0):
 garbage-first heap   total 360448K, used 253274K [0x0000000602400000, 0x0000000800000000)
  region size 4096K, 37 young (151552K), 4 survivors (16384K)
 Metaspace       used 29875K, committed 30208K, reserved 1114112K
  class space    used 3271K, committed 3456K, reserved 1048576K
}
Event: 5.060 GC heap after
{Heap after GC invocations=19 (full 0):
 garbage-first heap   total 360448K, used 117619K [0x0000000602400000, 0x0000000800000000)
  region size 4096K, 3 young (12288K), 3 survivors (12288K)
 Metaspace       used 29875K, committed 30208K, reserved 1114112K
  class space    used 3271K, committed 3456K, reserved 1048576K
}
Event: 5.387 GC heap before
{Heap before GC invocations=19 (full 0):
 garbage-first heap   total 360448K, used 260979K [0x0000000602400000, 0x0000000800000000)
  region size 4096K, 38 young (155648K), 3 survivors (12288K)
 Metaspace       used 30521K, committed 30912K, reserved 1114112K
  class space    used 3342K, committed 3520K, reserved 1048576K
}
Event: 5.393 GC heap after
{Heap after GC invocations=20 (full 0):
 garbage-first heap   total 360448K, used 121573K [0x0000000602400000, 0x0000000800000000)
  region size 4096K, 4 young (16384K), 4 survivors (16384K)
 Metaspace       used 30521K, committed 30912K, reserved 1114112K
  class space    used 3342K, committed 3520K, reserved 1048576K
}
Event: 5.630 GC heap before
{Heap before GC invocations=20 (full 0):
 garbage-first heap   total 360448K, used 269029K [0x0000000602400000, 0x0000000800000000)
  region size 4096K, 40 young (163840K), 4 survivors (16384K)
 Metaspace       used 30595K, committed 30976K, reserved 1114112K
  class space    used 3347K, committed 3520K, reserved 1048576K
}
Event: 5.638 GC heap after
{Heap after GC invocations=21 (full 0):
 garbage-first heap   total 499712K, used 128031K [0x0000000602400000, 0x0000000800000000)
  region size 4096K, 3 young (12288K), 3 survivors (12288K)
 Metaspace       used 30595K, committed 30976K, reserved 1114112K
  class space    used 3347K, committed 3520K, reserved 1048576K
}

Deoptimization events (20 events):
Event: 5.490 Thread 0x000001655dc19f70 DEOPT PACKING pc=0x00000165686f8bf8 sp=0x0000005918ffc660
Event: 5.490 Thread 0x000001655dc19f70 DEOPT UNPACKING pc=0x000001656ec62b43 sp=0x0000005918ffbb30 mode 0
Event: 5.621 Thread 0x000001655dc19f70 Uncommon trap: trap_request=0xffffff45 fr.pc=0x000001656f40ff48 relative=0x00000000000004e8
Event: 5.621 Thread 0x000001655dc19f70 Uncommon trap: reason=unstable_if action=reinterpret pc=0x000001656f40ff48 method=java.util.WeakHashMap.matchesKey(Ljava/util/WeakHashMap$Entry;Ljava/lang/Object;)Z @ 24 c2
Event: 5.621 Thread 0x000001655dc19f70 DEOPT PACKING pc=0x000001656f40ff48 sp=0x0000005918ffc4d0
Event: 5.621 Thread 0x000001655dc19f70 DEOPT UNPACKING pc=0x000001656ec623a3 sp=0x0000005918ffc410 mode 2
Event: 5.621 Thread 0x000001655dc19f70 Uncommon trap: trap_request=0xffffff45 fr.pc=0x000001656f3da0cc relative=0x000000000000164c
Event: 5.621 Thread 0x000001655dc19f70 Uncommon trap: reason=unstable_if action=reinterpret pc=0x000001656f3da0cc method=java.util.WeakHashMap.matchesKey(Ljava/util/WeakHashMap$Entry;Ljava/lang/Object;)Z @ 24 c2
Event: 5.621 Thread 0x000001655dc19f70 DEOPT PACKING pc=0x000001656f3da0cc sp=0x0000005918ffc490
Event: 5.621 Thread 0x000001655dc19f70 DEOPT UNPACKING pc=0x000001656ec623a3 sp=0x0000005918ffc400 mode 2
Event: 5.655 Thread 0x000001655dc19f70 Uncommon trap: trap_request=0xffffff45 fr.pc=0x000001656f81d4bc relative=0x000000000000045c
Event: 5.655 Thread 0x000001655dc19f70 Uncommon trap: reason=unstable_if action=reinterpret pc=0x000001656f81d4bc method=com.sun.tools.javac.comp.Resolve.findTypeVar(Lcom/sun/tools/javac/comp/Env;Lcom/sun/tools/javac/util/Name;Z)Lcom/sun/tools/javac/code/Symbol; @ 28 c2
Event: 5.655 Thread 0x000001655dc19f70 DEOPT PACKING pc=0x000001656f81d4bc sp=0x0000005918ffbde0
Event: 5.655 Thread 0x000001655dc19f70 DEOPT UNPACKING pc=0x000001656ec623a3 sp=0x0000005918ffbd90 mode 2
Event: 5.664 Thread 0x000001655dc19f70 DEOPT PACKING pc=0x000001656875858b sp=0x0000005918ffc660
Event: 5.664 Thread 0x000001655dc19f70 DEOPT UNPACKING pc=0x000001656ec62b43 sp=0x0000005918ffbb60 mode 0
Event: 5.684 Thread 0x000001655dc19f70 DEOPT PACKING pc=0x000001656875858b sp=0x0000005918ffc640
Event: 5.684 Thread 0x000001655dc19f70 DEOPT UNPACKING pc=0x000001656ec62b43 sp=0x0000005918ffbb40 mode 0
Event: 5.688 Thread 0x000001655dc19f70 DEOPT PACKING pc=0x000001656872d7ef sp=0x0000005918ffc6a0
Event: 5.688 Thread 0x000001655dc19f70 DEOPT UNPACKING pc=0x000001656ec62b43 sp=0x0000005918ffbc08 mode 0

Classes unloaded (0 events):
No events

Classes redefined (0 events):
No events

Internal exceptions (20 events):
Event: 4.408 Thread 0x000001655dc19f70 Exception <a 'sun/nio/fs/WindowsException'{0x00000006143a72f0}> (0x00000006143a72f0) 
thrown [s\open\src\hotspot\share\prims\jni.cpp, line 516]
Event: 4.409 Thread 0x000001655dc19f70 Exception <a 'sun/nio/fs/WindowsException'{0x00000006143a75b0}> (0x00000006143a75b0) 
thrown [s\open\src\hotspot\share\prims\jni.cpp, line 516]
Event: 4.409 Thread 0x000001655dc19f70 Exception <a 'sun/nio/fs/WindowsException'{0x00000006143a94f8}> (0x00000006143a94f8) 
thrown [s\open\src\hotspot\share\prims\jni.cpp, line 516]
Event: 4.409 Thread 0x000001655dc19f70 Exception <a 'sun/nio/fs/WindowsException'{0x00000006143a9768}> (0x00000006143a9768) 
thrown [s\open\src\hotspot\share\prims\jni.cpp, line 516]
Event: 4.409 Thread 0x000001655dc19f70 Exception <a 'sun/nio/fs/WindowsException'{0x00000006143ac498}> (0x00000006143ac498) 
thrown [s\open\src\hotspot\share\prims\jni.cpp, line 516]
Event: 4.409 Thread 0x000001655dc19f70 Exception <a 'sun/nio/fs/WindowsException'{0x00000006143ac758}> (0x00000006143ac758) 
thrown [s\open\src\hotspot\share\prims\jni.cpp, line 516]
Event: 4.409 Thread 0x000001655dc19f70 Exception <a 'sun/nio/fs/WindowsException'{0x00000006143adbc0}> (0x00000006143adbc0) 
thrown [s\open\src\hotspot\share\prims\jni.cpp, line 516]
Event: 4.409 Thread 0x000001655dc19f70 Exception <a 'sun/nio/fs/WindowsException'{0x00000006143adf08}> (0x00000006143adf08) 
thrown [s\open\src\hotspot\share\prims\jni.cpp, line 516]
Event: 4.412 Thread 0x000001655dc19f70 Exception <a 'sun/nio/fs/WindowsException'{0x0000000613c66f60}> (0x0000000613c66f60) 
thrown [s\open\src\hotspot\share\prims\jni.cpp, line 516]
Event: 4.412 Thread 0x000001655dc19f70 Exception <a 'sun/nio/fs/WindowsException'{0x0000000613c671f8}> (0x0000000613c671f8) 
thrown [s\open\src\hotspot\share\prims\jni.cpp, line 516]
Event: 4.412 Thread 0x000001655dc19f70 Exception <a 'sun/nio/fs/WindowsException'{0x0000000613c76af8}> (0x0000000613c76af8) 
thrown [s\open\src\hotspot\share\prims\jni.cpp, line 516]
Event: 4.412 Thread 0x000001655dc19f70 Exception <a 'sun/nio/fs/WindowsException'{0x0000000613c76d38}> (0x0000000613c76d38) 
thrown [s\open\src\hotspot\share\prims\jni.cpp, line 516]
Event: 4.412 Thread 0x000001655dc19f70 Exception <a 'sun/nio/fs/WindowsException'{0x0000000613ca4850}> (0x0000000613ca4850) 
thrown [s\open\src\hotspot\share\prims\jni.cpp, line 516]
Event: 4.412 Thread 0x000001655dc19f70 Exception <a 'sun/nio/fs/WindowsException'{0x0000000613ca4ae0}> (0x0000000613ca4ae0) 
thrown [s\open\src\hotspot\share\prims\jni.cpp, line 516]
Event: 4.412 Thread 0x000001655dc19f70 Exception <a 'sun/nio/fs/WindowsException'{0x0000000613ca69c8}> (0x0000000613ca69c8) 
thrown [s\open\src\hotspot\share\prims\jni.cpp, line 516]
Event: 4.412 Thread 0x000001655dc19f70 Exception <a 'sun/nio/fs/WindowsException'{0x0000000613ca6ce8}> (0x0000000613ca6ce8) 
thrown [s\open\src\hotspot\share\prims\jni.cpp, line 516]
Event: 4.493 Thread 0x000001655dc19f70 Implicit null exception at 0x000001656f305033 to 0x000001656f305464
Event: 4.777 Thread 0x000001655dc19f70 Implicit null exception at 0x000001656f4c757c to 0x000001656f4c7b9c
Event: 5.097 Thread 0x000001655dc19f70 Implicit null exception at 0x000001656f4c1d4c to 0x000001656f4c1e9c
Event: 5.168 Thread 0x000001655dc19f70 Implicit null exception at 0x000001656f3d65ad to 0x000001656f3d6ec3

VM Operations (20 events):
Event: 5.053 Executing VM operation: G1CollectForAllocation
Event: 5.060 Executing VM operation: G1CollectForAllocation done
Event: 5.097 Executing VM operation: HandshakeAllThreads
Event: 5.097 Executing VM operation: HandshakeAllThreads done
Event: 5.099 Executing VM operation: ICBufferFull
Event: 5.099 Executing VM operation: ICBufferFull done
Event: 5.111 Executing VM operation: HandshakeAllThreads
Event: 5.111 Executing VM operation: HandshakeAllThreads done
Event: 5.169 Executing VM operation: ICBufferFull
Event: 5.169 Executing VM operation: ICBufferFull done
Event: 5.332 Executing VM operation: ICBufferFull
Event: 5.332 Executing VM operation: ICBufferFull done
Event: 5.387 Executing VM operation: G1CollectForAllocation
Event: 5.393 Executing VM operation: G1CollectForAllocation done
Event: 5.630 Executing VM operation: G1CollectForAllocation
Event: 5.638 Executing VM operation: G1CollectForAllocation done
Event: 5.684 Executing VM operation: HandshakeAllThreads
Event: 5.684 Executing VM operation: HandshakeAllThreads done
Event: 5.696 Executing VM operation: HandshakeAllThreads
Event: 5.696 Executing VM operation: HandshakeAllThreads done

Events (20 events):
Event: 5.692 Thread 0x000001657c36e8e0 flushing nmethod 0x0000016568332410
Event: 5.693 Thread 0x000001657c36e8e0 flushing nmethod 0x00000165683d6c10
Event: 5.693 Thread 0x000001657c36e8e0 flushing nmethod 0x0000016568482910
Event: 5.693 Thread 0x000001657c36e8e0 flushing nmethod 0x0000016568530010
Event: 5.694 Thread 0x000001657c36e8e0 flushing nmethod 0x0000016568542b10
Event: 5.694 Thread 0x000001657c36e8e0 flushing nmethod 0x0000016568548a90
Event: 5.694 Thread 0x000001657c36e8e0 flushing nmethod 0x0000016568548f10
Event: 5.694 Thread 0x000001657c36e8e0 flushing nmethod 0x000001656854e190
Event: 5.694 Thread 0x000001657c36e8e0 flushing nmethod 0x0000016568552110
Event: 5.694 Thread 0x000001657c36e8e0 flushing nmethod 0x0000016568552490
Event: 5.694 Thread 0x000001657c36e8e0 flushing nmethod 0x0000016568557290
Event: 5.694 Thread 0x000001657c36e8e0 flushing nmethod 0x0000016568577710
Event: 5.694 Thread 0x000001657c36e8e0 flushing nmethod 0x000001656857d990
Event: 5.694 Thread 0x000001657c36e8e0 flushing nmethod 0x000001656857dd10
Event: 5.694 Thread 0x000001657c36e8e0 flushing nmethod 0x000001656858eb10
Event: 5.694 Thread 0x000001657c36e8e0 flushing nmethod 0x0000016568591510
Event: 5.694 Thread 0x000001657c36e8e0 flushing nmethod 0x0000016568592a90
Event: 5.694 Thread 0x000001657c36e8e0 flushing nmethod 0x0000016568593a90
Event: 5.694 Thread 0x000001657c36e8e0 flushing nmethod 0x0000016568595310
Event: 5.694 Thread 0x000001657c36e8e0 flushing nmethod 0x0000016568595790


Dynamic libraries:
0x00007ff78d930000 - 0x00007ff78d940000 	C:\Program Files\Java\jdk-17\bin\java.exe
0x00007ffe77750000 - 0x00007ffe77948000 	C:\Windows\SYSTEM32\ntdll.dll
0x00007ffe76770000 - 0x00007ffe76832000 	C:\Windows\System32\KERNEL32.DLL
0x00007ffe74f50000 - 0x00007ffe75246000 	C:\Windows\System32\KERNELBASE.dll
0x00007ffe753f0000 - 0x00007ffe754f0000 	C:\Windows\System32\ucrtbase.dll
0x00007ffe61320000 - 0x00007ffe61339000 	C:\Program Files\Java\jdk-17\bin\jli.dll
0x00007ffe61340000 - 0x00007ffe6135b000 	C:\Program Files\Java\jdk-17\bin\VCRUNTIME140.dll
0x00007ffe769c0000 - 0x00007ffe76a6f000 	C:\Windows\System32\ADVAPI32.dll
0x00007ffe775f0000 - 0x00007ffe7768e000 	C:\Windows\System32\msvcrt.dll
0x00007ffe75e50000 - 0x00007ffe75eef000 	C:\Windows\System32\sechost.dll
0x00007ffe75ac0000 - 0x00007ffe75be3000 	C:\Windows\System32\RPCRT4.dll
0x00007ffe75280000 - 0x00007ffe752a7000 	C:\Windows\System32\bcrypt.dll
0x00007ffe75770000 - 0x00007ffe7590d000 	C:\Windows\System32\USER32.dll
0x00007ffe75250000 - 0x00007ffe75272000 	C:\Windows\System32\win32u.dll
0x00007ffe6a270000 - 0x00007ffe6a50a000 	C:\Windows\WinSxS\amd64_microsoft.windows.common-controls_6595b64144ccf1df_6.0.19041.4355_none_60b8b9eb71f62e16\COMCTL32.dll
0x00007ffe76740000 - 0x00007ffe7676b000 	C:\Windows\System32\GDI32.dll
0x00007ffe74e30000 - 0x00007ffe74f4a000 	C:\Windows\System32\gdi32full.dll
0x00007ffe75570000 - 0x00007ffe7560d000 	C:\Windows\System32\msvcp_win.dll
0x00007ffe6f040000 - 0x00007ffe6f04a000 	C:\Windows\SYSTEM32\VERSION.dll
0x00007ffe76c00000 - 0x00007ffe76c2f000 	C:\Windows\System32\IMM32.DLL
0x00007ffe612e0000 - 0x00007ffe612ec000 	C:\Program Files\Java\jdk-17\bin\vcruntime140_1.dll
0x00007ffe608a0000 - 0x00007ffe6092e000 	C:\Program Files\Java\jdk-17\bin\msvcp140.dll
0x00007ffe5bae0000 - 0x00007ffe5c6bf000 	C:\Program Files\Java\jdk-17\bin\server\jvm.dll
0x00007ffe75d10000 - 0x00007ffe75d18000 	C:\Windows\System32\PSAPI.DLL
0x00007ffe6b430000 - 0x00007ffe6b457000 	C:\Windows\SYSTEM32\WINMM.dll
0x00007ffe66090000 - 0x00007ffe66099000 	C:\Windows\SYSTEM32\WSOCK32.dll
0x00007ffe76d00000 - 0x00007ffe76d6b000 	C:\Windows\System32\WS2_32.dll
0x00007ffe72c80000 - 0x00007ffe72c92000 	C:\Windows\SYSTEM32\kernel.appcore.dll
0x00007ffe61070000 - 0x00007ffe6107a000 	C:\Program Files\Java\jdk-17\bin\jimage.dll
0x00007ffe6ee50000 - 0x00007ffe6f034000 	C:\Windows\SYSTEM32\DBGHELP.DLL
0x00007ffe6f0e0000 - 0x00007ffe6f114000 	C:\Windows\SYSTEM32\dbgcore.DLL
0x00007ffe752b0000 - 0x00007ffe75332000 	C:\Windows\System32\bcryptPrimitives.dll
0x00007ffe61040000 - 0x00007ffe61065000 	C:\Program Files\Java\jdk-17\bin\java.dll
0x00007ffe60700000 - 0x00007ffe607d7000 	C:\Program Files\Java\jdk-17\bin\jsvml.dll
0x00007ffe76e20000 - 0x00007ffe7758f000 	C:\Windows\System32\SHELL32.dll
0x00007ffe72e80000 - 0x00007ffe73623000 	C:\Windows\SYSTEM32\windows.storage.dll
0x00007ffe763e0000 - 0x00007ffe76735000 	C:\Windows\System32\combase.dll
0x00007ffe74810000 - 0x00007ffe7483b000 	C:\Windows\SYSTEM32\Wldp.dll
0x00007ffe76c30000 - 0x00007ffe76cfd000 	C:\Windows\System32\OLEAUT32.dll
0x00007ffe76d70000 - 0x00007ffe76e1d000 	C:\Windows\System32\SHCORE.dll
0x00007ffe76380000 - 0x00007ffe763d5000 	C:\Windows\System32\shlwapi.dll
0x00007ffe74d10000 - 0x00007ffe74d35000 	C:\Windows\SYSTEM32\profapi.dll
0x00007ffe606b0000 - 0x00007ffe606c9000 	C:\Program Files\Java\jdk-17\bin\net.dll
0x00007ffe6f650000 - 0x00007ffe6f75a000 	C:\Windows\SYSTEM32\WINHTTP.dll
0x00007ffe74570000 - 0x00007ffe745dc000 	C:\Windows\system32\mswsock.dll
0x00007ffe60690000 - 0x00007ffe606a6000 	C:\Program Files\Java\jdk-17\bin\nio.dll
0x00007ffe60670000 - 0x00007ffe60688000 	C:\Program Files\Java\jdk-17\bin\zip.dll
0x00007ffe50c00000 - 0x00007ffe50c24000 	C:\Program Files\apache-maven-3.9.8\lib\jansi-native\Windows\x86_64\jansi.dll
0x00007ffe5f9e0000 - 0x00007ffe5f9f0000 	C:\Program Files\Java\jdk-17\bin\verify.dll

dbghelp: loaded successfully - version: 4.0.5 - missing functions: none
symbol engine: initialized successfully - sym options: 0x614 - pdb path: .;C:\Program Files\Java\jdk-17\bin;C:\Windows\SYSTEM32;C:\Windows\WinSxS\amd64_microsoft.windows.common-controls_6595b64144ccf1df_6.0.19041.4355_none_60b8b9eb71f62e16;C:\Program Files\Java\jdk-17\bin\server;C:\Program Files\apache-maven-3.9.8\lib\jansi-native\Windows\x86_64

VM Arguments:
jvm_args: -Dclassworlds.conf=C:\Program Files\apache-maven-3.9.8\bin\m2.conf -Dmaven.home=C:\Program Files\apache-maven-3.9.8 -Dlibrary.jansi.path=C:\Program Files\apache-maven-3.9.8\lib\jansi-native -Dmaven.multiModuleProjectDirectory=D:\Server 2 
java_command: org.codehaus.plexus.classworlds.launcher.Launcher spring-boot:run
java_class_path (initial): C:\Program Files\apache-maven-3.9.8\boot\plexus-classworlds-2.8.0.jar
Launcher Type: SUN_STANDARD

[Global flags]
     intx CICompilerCount                          = 4                                         {product} {ergonomic}
     uint ConcGCThreads                            = 3                                         {product} {ergonomic}
     uint G1ConcRefinementThreads                  = 10                                        {product} {ergonomic}
   size_t G1HeapRegionSize                         = 4194304                                   {product} {ergonomic}
    uintx GCDrainStackTargetSize                   = 64                                        {product} {ergonomic}
   size_t InitialHeapSize                          = 536870912                                 {product} {ergonomic}
   size_t MarkStackSize                            = 4194304                                   {product} {ergonomic}
   size_t MaxHeapSize                              = 8552185856                                {product} {ergonomic}
   size_t MaxNewSize                               = 5129633792                                {product} {ergonomic}
   size_t MinHeapDeltaBytes                        = 4194304                                   {product} {ergonomic}
   size_t MinHeapSize                              = 8388608                                   {product} {ergonomic}
    uintx NonNMethodCodeHeapSize                   = 5839372                                {pd product} {ergonomic}
    uintx NonProfiledCodeHeapSize                  = 122909434                              {pd product} {ergonomic}
    uintx ProfiledCodeHeapSize                     = 122909434                              {pd product} {ergonomic}
    uintx ReservedCodeCacheSize                    = 251658240                              {pd product} {ergonomic}
     bool SegmentedCodeCache                       = true                                      {product} {ergonomic}
   size_t SoftMaxHeapSize                          = 8552185856                             {manageable} {ergonomic}
     bool UseCompressedClassPointers               = true                           {product lp64_product} {ergonomic}
     bool UseCompressedOops                        = true                           {product lp64_product} {ergonomic}
     bool UseG1GC                                  = true                                      {product} {ergonomic}
     bool UseLargePagesIndividualAllocation        = false                                  {pd product} {ergonomic}

Logging:
Log output configuration:
 #0: stdout all=warning uptime,level,tags
 #1: stderr all=off uptime,level,tags

Environment Variables:
JAVA_HOME=C:\Program Files\Java\jdk-17
PATH=C:\Program Files\Common Files\Oracle\Java\javapath;C:\Windows\system32;C:\Windows;C:\Windows\System32\Wbem;C:\Windows\System32\WindowsPowerShell\v1.0\;C:\Windows\System32\OpenSSH\;C:\Program Files\Java\jdk-17\bin;C:\Program Files\Git\cmd;C:\Program Files\Git\usr\bin;C:\Windows\System32\OpenSSH;C:\Program Files\pg\bin;C:\Program Files\apache-maven-3.9.8\bin;C:\Program Files\nodejs\;D:\ffmpeg-7.1-essentials_build\bin;C:\ffmpeg-7.1-essentials_build\bin;C:\Users\Raman\AppData\Local\Microsoft\WindowsApps;C:\Program Files\JetBrains\IntelliJ IDEA Community Edition 2024.1.4\bin;;C:\Users\Raman\AppData\Roaming\npm;C:\Users\Raman\AppData\Local\Programs\Microsoft VS Code\bin;C:\Program Files\pg\bin;
USERNAME=Raman
OS=Windows_NT
PROCESSOR_IDENTIFIER=Intel64 Family 6 Model 151 Stepping 2, GenuineIntel



---------------  S Y S T E M  ---------------

OS:
 Windows 10 , 64 bit Build 19041 (10.0.19041.5678)
OS uptime: 1 days 16:16 hours

CPU: total 12 (initial active 12) (6 cores per cpu, 2 threads per core) family 6 model 151 stepping 2 microcode 0x34, cx8, cmov, fxsr, ht, mmx, 3dnowpref, sse, sse2, sse3, ssse3, sse4.1, sse4.2, popcnt, lzcnt, tsc, tscinvbit, avx, avx2, aes, erms, clmul, bmi1, bmi2, adx, sha, fma, vzeroupper, clflush, clflushopt, clwb

Memory: 4k page, system-wide physical 32621M (799M free)
TotalPageFile size 50040M (AvailPageFile size 11M)
current process WorkingSet (physical memory assigned to process): 518M, peak: 519M
current process commit charge ("private bytes"): 721M, peak: 729M

vm_info: Java HotSpot(TM) 64-Bit Server VM (17.0.10+11-LTS-240) for windows-amd64 JRE (17.0.10+11-LTS-240), built on Dec 19 2023 21:47:25 by "mach5one" with MS VC++ 17.1 (VS2022)

END.
