#
# There is insufficient memory for the Java Runtime Environment to continue.
# Native memory allocation (mmap) failed to map 536870912 bytes for G1 virtual space
# Possible reasons:
#   The system is out of physical RAM or swap space
#   The process is running with CompressedOops enabled, and the Java Heap may be blocking the growth of the native heap
# Possible solutions:
#   Reduce memory load on the system
#   Increase physical memory or swap space
#   Check if swap backing store is full
#   Decrease Java heap size (-Xmx/-Xms)
#   Decrease number of Java threads
#   Decrease Java thread stack sizes (-Xss)
#   Set larger code cache with -XX:ReservedCodeCacheSize=
#   JVM is running with Zero Based Compressed Oops mode in which the Java heap is
#     placed in the first 32GB address space. The Java Heap base address is the
#     maximum limit for the native heap growth. Please use -XX:HeapBaseMinAddress
#     to set the Java Heap base and to place the Java Heap above 32GB virtual address.
# This output file may be truncated or incomplete.
#
#  Out of Memory Error (os_windows.cpp:3548), pid=11156, tid=8996
#
# JRE version:  (17.0.10+11) (build )
# Java VM: Java HotSpot(TM) 64-Bit Server VM (17.0.10+11-LTS-240, mixed mode, sharing, tiered, compressed oops, compressed class ptrs, g1 gc, windows-amd64)
# No core dump will be written. Minidumps are not enabled by default on client versions of Windows
#

---------------  S U M M A R Y ------------

Command Line: 

Host: 12th Gen Intel(R) Core(TM) i5-12400F, 12 cores, 31G,  Windows 10 , 64 bit Build 19041 (10.0.19041.5438)
Time: Sat Apr  5 14:24:26 2025 India Standard Time elapsed time: 0.005072 seconds (0d 0h 0m 0s)

---------------  T H R E A D  ---------------

Current thread (0x0000013454a080e0):  JavaThread "Unknown thread" [_thread_in_vm, id=8996, stack(0x0000001aa1500000,0x0000001aa1600000)]

Stack: [0x0000001aa1500000,0x0000001aa1600000]
Native frames: (J=compiled Java code, j=interpreted, Vv=VM code, C=native code)
V  [jvm.dll+0x677a5a]
V  [jvm.dll+0x7d8b2d]
V  [jvm.dll+0x7da48e]
V  [jvm.dll+0x7daaf3]
V  [jvm.dll+0x2455ff]
V  [jvm.dll+0x6749b9]
V  [jvm.dll+0x669382]
V  [jvm.dll+0x302e96]
V  [jvm.dll+0x30a416]
V  [jvm.dll+0x359cbe]
V  [jvm.dll+0x359eef]
V  [jvm.dll+0x2d9e88]
V  [jvm.dll+0x2dadf4]
V  [jvm.dll+0x7aa551]
V  [jvm.dll+0x367911]
V  [jvm.dll+0x789639]
V  [jvm.dll+0x3eb30f]
V  [jvm.dll+0x3ecd91]
C  [jli.dll+0x5297]
C  [ucrtbase.dll+0x21bb2]
C  [KERNEL32.DLL+0x17374]
C  [ntdll.dll+0x4cc91]


---------------  P R O C E S S  ---------------

Threads class SMR info:
_java_thread_list=0x00007ffccf8e6a18, length=0, elements={
}

Java Threads: ( => current thread )

Other Threads:
  0x0000013454ab3c40 GCTaskThread "GC Thread#0" [stack: 0x0000001aa1600000,0x0000001aa1700000] [id=21884]
  0x0000013454ac6980 ConcurrentGCThread "G1 Main Marker" [stack: 0x0000001aa1700000,0x0000001aa1800000] [id=24932]
  0x0000013454ac7a30 ConcurrentGCThread "G1 Conc#0" [stack: 0x0000001aa1800000,0x0000001aa1900000] [id=10168]

[error occurred during error reporting (printing all threads), id 0xc0000005, EXCEPTION_ACCESS_VIOLATION (0xc0000005) at pc=0x00007ffccf11aae7]

VM state: not at safepoint (not fully initialized)

VM Mutex/Monitor currently owned by a thread:  ([mutex/lock_event])
[0x0000013454a02f60] Heap_lock - owner thread: 0x0000013454a080e0

Heap address: 0x0000000602400000, size: 8156 MB, Compressed Oops mode: Zero based, Oop shift amount: 3

CDS archive(s) mapped at: [0x0000000000000000-0x0000000000000000-0x0000000000000000), size 0, SharedBaseAddress: 0x0000000800000000, ArchiveRelocationMode: 1.
Narrow klass base: 0x0000000000000000, Narrow klass shift: 0, Narrow klass range: 0x0

GC Precious Log:
<Empty>

Heap:
 garbage-first heap   total 0K, used 0K [0x0000000602400000, 0x0000000800000000)
  region size 4096K, 0 young (0K), 0 survivors (0K)

[error occurred during error reporting (printing heap information), id 0xc0000005, EXCEPTION_ACCESS_VIOLATION (0xc0000005) at pc=0x00007ffccf501249]

GC Heap History (0 events):
No events

Deoptimization events (0 events):
No events

Classes unloaded (0 events):
No events

Classes redefined (0 events):
No events

Internal exceptions (0 events):
No events

VM Operations (0 events):
No events

Events (1 events):
Event: 0.003 Loaded shared library C:\Program Files\Java\jdk-17\bin\java.dll


Dynamic libraries:
0x00007ff6f8c80000 - 0x00007ff6f8c90000 	C:\Program Files\Java\jdk-17\bin\java.exe
0x00007ffcebc30000 - 0x00007ffcebe28000 	C:\Windows\SYSTEM32\ntdll.dll
0x00007ffceb930000 - 0x00007ffceb9f2000 	C:\Windows\System32\KERNEL32.DLL
0x00007ffce9400000 - 0x00007ffce96ff000 	C:\Windows\System32\KERNELBASE.dll
0x00007ffce9300000 - 0x00007ffce9400000 	C:\Windows\System32\ucrtbase.dll
0x00007ffcd47a0000 - 0x00007ffcd47b9000 	C:\Program Files\Java\jdk-17\bin\jli.dll
0x00007ffcd4780000 - 0x00007ffcd479b000 	C:\Program Files\Java\jdk-17\bin\VCRUNTIME140.dll
0x00007ffceb880000 - 0x00007ffceb92f000 	C:\Windows\System32\ADVAPI32.dll
0x00007ffceaa40000 - 0x00007ffceaade000 	C:\Windows\System32\msvcrt.dll
0x00007ffceab40000 - 0x00007ffceabdf000 	C:\Windows\System32\sechost.dll
0x00007ffce9fe0000 - 0x00007ffcea103000 	C:\Windows\System32\RPCRT4.dll
0x00007ffce92d0000 - 0x00007ffce92f7000 	C:\Windows\System32\bcrypt.dll
0x00007ffceb5c0000 - 0x00007ffceb75d000 	C:\Windows\System32\USER32.dll
0x00007ffce9700000 - 0x00007ffce9722000 	C:\Windows\System32\win32u.dll
0x00007ffcd4450000 - 0x00007ffcd46ea000 	C:\Windows\WinSxS\amd64_microsoft.windows.common-controls_6595b64144ccf1df_6.0.19041.4355_none_60b8b9eb71f62e16\COMCTL32.dll
0x00007ffcebbc0000 - 0x00007ffcebbeb000 	C:\Windows\System32\GDI32.dll
0x00007ffce9ac0000 - 0x00007ffce9bda000 	C:\Windows\System32\gdi32full.dll
0x00007ffce97c0000 - 0x00007ffce985d000 	C:\Windows\System32\msvcp_win.dll
0x00007ffce3160000 - 0x00007ffce316a000 	C:\Windows\SYSTEM32\VERSION.dll
0x00007ffceadb0000 - 0x00007ffceaddf000 	C:\Windows\System32\IMM32.DLL
0x00007ffcd6b40000 - 0x00007ffcd6b4c000 	C:\Program Files\Java\jdk-17\bin\vcruntime140_1.dll
0x00007ffcd4230000 - 0x00007ffcd42be000 	C:\Program Files\Java\jdk-17\bin\msvcp140.dll
0x00007ffccee30000 - 0x00007ffccfa0f000 	C:\Program Files\Java\jdk-17\bin\server\jvm.dll
0x00007ffceba00000 - 0x00007ffceba08000 	C:\Windows\System32\PSAPI.DLL
0x00007ffcd2e70000 - 0x00007ffcd2e97000 	C:\Windows\SYSTEM32\WINMM.dll
0x00007ffcd83f0000 - 0x00007ffcd83f9000 	C:\Windows\SYSTEM32\WSOCK32.dll
0x00007ffceabe0000 - 0x00007ffceac4b000 	C:\Windows\System32\WS2_32.dll
0x00007ffce7170000 - 0x00007ffce7182000 	C:\Windows\SYSTEM32\kernel.appcore.dll
0x00007ffcd5b00000 - 0x00007ffcd5b0a000 	C:\Program Files\Java\jdk-17\bin\jimage.dll
0x00007ffce2030000 - 0x00007ffce2214000 	C:\Windows\SYSTEM32\DBGHELP.DLL
0x00007ffce1e90000 - 0x00007ffce1ec4000 	C:\Windows\SYSTEM32\dbgcore.DLL
0x00007ffce9730000 - 0x00007ffce97b2000 	C:\Windows\System32\bcryptPrimitives.dll
0x00007ffcd4140000 - 0x00007ffcd4165000 	C:\Program Files\Java\jdk-17\bin\java.dll

dbghelp: loaded successfully - version: 4.0.5 - missing functions: none
symbol engine: initialized successfully - sym options: 0x614 - pdb path: .;C:\Program Files\Java\jdk-17\bin;C:\Windows\SYSTEM32;C:\Windows\WinSxS\amd64_microsoft.windows.common-controls_6595b64144ccf1df_6.0.19041.4355_none_60b8b9eb71f62e16;C:\Program Files\Java\jdk-17\bin\server

VM Arguments:
java_command: <unknown>
java_class_path (initial): <not set>
Launcher Type: SUN_STANDARD

[Global flags]
     intx CICompilerCount                          = 4                                         {product} {ergonomic}
     uint ConcGCThreads                            = 3                                         {product} {ergonomic}
     uint G1ConcRefinementThreads                  = 10                                        {product} {ergonomic}
   size_t G1HeapRegionSize                         = 4194304                                   {product} {ergonomic}
    uintx GCDrainStackTargetSize                   = 64                                        {product} {ergonomic}
   size_t InitialHeapSize                          = 536870912                                 {product} {ergonomic}
   size_t MarkStackSize                            = 4194304                                   {product} {ergonomic}
   size_t MaxHeapSize                              = 8552185856                                {product} {ergonomic}
   size_t MinHeapDeltaBytes                        = 4194304                                   {product} {ergonomic}
   size_t MinHeapSize                              = 8388608                                   {product} {ergonomic}
    uintx NonNMethodCodeHeapSize                   = 5839372                                {pd product} {ergonomic}
    uintx NonProfiledCodeHeapSize                  = 122909434                              {pd product} {ergonomic}
    uintx ProfiledCodeHeapSize                     = 122909434                              {pd product} {ergonomic}
    uintx ReservedCodeCacheSize                    = 251658240                              {pd product} {ergonomic}
     bool SegmentedCodeCache                       = true                                      {product} {ergonomic}
   size_t SoftMaxHeapSize                          = 8552185856                             {manageable} {ergonomic}
     bool UseCompressedClassPointers               = true                           {product lp64_product} {ergonomic}
     bool UseCompressedOops                        = true                           {product lp64_product} {ergonomic}
     bool UseG1GC                                  = true                                      {product} {ergonomic}
     bool UseLargePagesIndividualAllocation        = false                                  {pd product} {ergonomic}

Logging:
Log output configuration:
 #0: stdout all=warning uptime,level,tags
 #1: stderr all=off uptime,level,tags

Environment Variables:
JAVA_HOME=C:\Program Files\Java\jdk-17
PATH=C:\Program Files\Common Files\Oracle\Java\javapath;C:\Windows\system32;C:\Windows;C:\Windows\System32\Wbem;C:\Windows\System32\WindowsPowerShell\v1.0\;C:\Windows\System32\OpenSSH\;C:\Program Files\Java\jdk-17\bin;C:\Program Files\Git\cmd;C:\Program Files\Git\usr\bin;C:\Windows\System32\OpenSSH;C:\Program Files\pg\bin;C:\Program Files\apache-maven-3.9.8\bin;C:\Program Files\nodejs\;D:\ffmpeg-7.1-essentials_build\bin;C:\ffmpeg-7.1-essentials_build\bin;C:\Users\Raman\AppData\Local\Microsoft\WindowsApps;C:\Program Files\JetBrains\IntelliJ IDEA Community Edition 2024.1.4\bin;;C:\Users\Raman\AppData\Roaming\npm;C:\Users\Raman\AppData\Local\Programs\Microsoft VS Code\bin;C:\Program Files\pg\bin;
USERNAME=Raman
OS=Windows_NT
PROCESSOR_IDENTIFIER=Intel64 Family 6 Model 151 Stepping 2, GenuineIntel



---------------  S Y S T E M  ---------------

OS:
 Windows 10 , 64 bit Build 19041 (10.0.19041.5438)
OS uptime: 23 days 17:22 hours

CPU: total 12 (initial active 12) (6 cores per cpu, 2 threads per core) family 6 model 151 stepping 2 microcode 0x34, cx8, cmov, fxsr, ht, mmx, 3dnowpref, sse, sse2, sse3, ssse3, sse4.1, sse4.2, popcnt, lzcnt, tsc, tscinvbit, avx, avx2, aes, erms, clmul, bmi1, bmi2, adx, sha, fma, vzeroupper, clflush, clflushopt, clwb

Memory: 4k page, system-wide physical 32621M (5521M free)
TotalPageFile size 50040M (AvailPageFile size 194M)
current process WorkingSet (physical memory assigned to process): 10M, peak: 10M
current process commit charge ("private bytes"): 64M, peak: 576M

vm_info: Java HotSpot(TM) 64-Bit Server VM (17.0.10+11-LTS-240) for windows-amd64 JRE (17.0.10+11-LTS-240), built on Dec 19 2023 21:47:25 by "mach5one" with MS VC++ 17.1 (VS2022)

END.
