#
# There is insufficient memory for the Java Runtime Environment to continue.
# Native memory allocation (mmap) failed to map 100663296 bytes for G1 virtual space
# Possible reasons:
#   The system is out of physical RAM or swap space
#   The process is running with CompressedOops enabled, and the Java Heap may be blocking the growth of the native heap
# Possible solutions:
#   Reduce memory load on the system
#   Increase physical memory or swap space
#   Check if swap backing store is full
#   Decrease Java heap size (-Xmx/-Xms)
#   Decrease number of Java threads
#   Decrease Java thread stack sizes (-Xss)
#   Set larger code cache with -XX:ReservedCodeCacheSize=
#   JVM is running with Zero Based Compressed Oops mode in which the Java heap is
#     placed in the first 32GB address space. The Java Heap base address is the
#     maximum limit for the native heap growth. Please use -XX:HeapBaseMinAddress
#     to set the Java Heap base and to place the Java Heap above 32GB virtual address.
# This output file may be truncated or incomplete.
#
#  Out of Memory Error (os_windows.cpp:3548), pid=18884, tid=4700
#
# JRE version: Java(TM) SE Runtime Environment (17.0.10+11) (build 17.0.10+11-LTS-240)
# Java VM: Java HotSpot(TM) 64-Bit Server VM (17.0.10+11-LTS-240, mixed mode, sharing, tiered, compressed oops, compressed class ptrs, g1 gc, windows-amd64)
# No core dump will be written. Minidumps are not enabled by default on client versions of Windows
#

---------------  S U M M A R Y ------------

Command Line: -Dclassworlds.conf=C:\Program Files\apache-maven-3.9.8\bin\m2.conf -Dmaven.home=C:\Program Files\apache-maven-3.9.8 -Dlibrary.jansi.path=C:\Program Files\apache-maven-3.9.8\lib\jansi-native -Dmaven.multiModuleProjectDirectory=D:\Server 2 org.codehaus.plexus.classworlds.launcher.Launcher spring-boot:run

Host: 12th Gen Intel(R) Core(TM) i5-12400F, 12 cores, 31G,  Windows 10 , 64 bit Build 19041 (10.0.19041.5678)
Time: Fri Apr 11 11:20:21 2025 India Standard Time elapsed time: 7.676232 seconds (0d 0h 0m 7s)

---------------  T H R E A D  ---------------

Current thread (0x00000222e0011480):  VMThread "VM Thread" [stack: 0x0000005edc700000,0x0000005edc800000] [id=4700]

Stack: [0x0000005edc700000,0x0000005edc800000]
Native frames: (J=compiled Java code, j=interpreted, Vv=VM code, C=native code)
V  [jvm.dll+0x677a5a]
V  [jvm.dll+0x7d8b2d]
V  [jvm.dll+0x7da48e]
V  [jvm.dll+0x7daaf3]
V  [jvm.dll+0x2455ff]
V  [jvm.dll+0x6749b9]
V  [jvm.dll+0x669382]
V  [jvm.dll+0x302e96]
V  [jvm.dll+0x30a416]
V  [jvm.dll+0x359cbe]
V  [jvm.dll+0x359eef]
V  [jvm.dll+0x2d9e88]
V  [jvm.dll+0x2d8295]
V  [jvm.dll+0x2d789c]
V  [jvm.dll+0x31b18b]
V  [jvm.dll+0x7df30b]
V  [jvm.dll+0x7e0044]
V  [jvm.dll+0x7e055d]
V  [jvm.dll+0x7e0934]
V  [jvm.dll+0x7e0a00]
V  [jvm.dll+0x78888a]
V  [jvm.dll+0x676935]
C  [ucrtbase.dll+0x21bb2]
C  [KERNEL32.DLL+0x17374]
C  [ntdll.dll+0x4cc91]

VM_Operation (0x0000005edc1faff0): G1CollectForAllocation, mode: safepoint, requested by thread 0x00000222eeb43980


---------------  P R O C E S S  ---------------

Threads class SMR info:
_java_thread_list=0x00000222e5408fa0, length=15, elements={
0x00000222eeb43980, 0x00000222e00160c0, 0x00000222e0016f40, 0x00000222e002b630,
0x00000222e002e100, 0x00000222e002eac0, 0x00000222e0031490, 0x00000222e0032bb0,
0x00000222e0038fb0, 0x00000222e0061de0, 0x00000222e0188f40, 0x00000222e018e330,
0x00000222e029d5b0, 0x00000222e56780d0, 0x00000222e5e6a080
}

Java Threads: ( => current thread )
  0x00000222eeb43980 JavaThread "main" [_thread_blocked, id=17604, stack(0x0000005edc100000,0x0000005edc200000)]
  0x00000222e00160c0 JavaThread "Reference Handler" daemon [_thread_blocked, id=11260, stack(0x0000005edc800000,0x0000005edc900000)]
  0x00000222e0016f40 JavaThread "Finalizer" daemon [_thread_blocked, id=19432, stack(0x0000005edc900000,0x0000005edca00000)]
  0x00000222e002b630 JavaThread "Signal Dispatcher" daemon [_thread_blocked, id=15508, stack(0x0000005edca00000,0x0000005edcb00000)]
  0x00000222e002e100 JavaThread "Attach Listener" daemon [_thread_blocked, id=12136, stack(0x0000005edcb00000,0x0000005edcc00000)]
  0x00000222e002eac0 JavaThread "Service Thread" daemon [_thread_blocked, id=18568, stack(0x0000005edcc00000,0x0000005edcd00000)]
  0x00000222e0031490 JavaThread "Monitor Deflation Thread" daemon [_thread_blocked, id=6532, stack(0x0000005edcd00000,0x0000005edce00000)]
  0x00000222e0032bb0 JavaThread "C2 CompilerThread0" daemon [_thread_blocked, id=14664, stack(0x0000005edce00000,0x0000005edcf00000)]
  0x00000222e0038fb0 JavaThread "C1 CompilerThread0" daemon [_thread_blocked, id=13192, stack(0x0000005edcf00000,0x0000005edd000000)]
  0x00000222e0061de0 JavaThread "Sweeper thread" daemon [_thread_blocked, id=13060, stack(0x0000005edd000000,0x0000005edd100000)]
  0x00000222e0188f40 JavaThread "Notification Thread" daemon [_thread_blocked, id=14204, stack(0x0000005edd100000,0x0000005edd200000)]
  0x00000222e018e330 JavaThread "Common-Cleaner" daemon [_thread_blocked, id=7452, stack(0x0000005edd300000,0x0000005edd400000)]
  0x00000222e029d5b0 JavaThread "C2 CompilerThread1" daemon [_thread_blocked, id=18328, stack(0x0000005edd400000,0x0000005edd500000)]
  0x00000222e56780d0 JavaThread "C2 CompilerThread2" daemon [_thread_blocked, id=17876, stack(0x0000005edd500000,0x0000005edd600000)]
  0x00000222e5e6a080 JavaThread "Thread-1" daemon [_thread_blocked, id=10200, stack(0x0000005eddf00000,0x0000005ede000000)]

Other Threads:
=>0x00000222e0011480 VMThread "VM Thread" [stack: 0x0000005edc700000,0x0000005edc800000] [id=4700]
  0x00000222e018c2a0 WatcherThread [stack: 0x0000005edd200000,0x0000005edd300000] [id=5732]
  0x00000222eebf1dd0 GCTaskThread "GC Thread#0" [stack: 0x0000005edc200000,0x0000005edc300000] [id=8824]
  0x00000222e01a4af0 GCTaskThread "GC Thread#1" [stack: 0x0000005edd600000,0x0000005edd700000] [id=18580]
  0x00000222e01a4570 GCTaskThread "GC Thread#2" [stack: 0x0000005edd700000,0x0000005edd800000] [id=15784]
  0x00000222e01a5070 GCTaskThread "GC Thread#3" [stack: 0x0000005edd800000,0x0000005edd900000] [id=9584]
  0x00000222e01a4830 GCTaskThread "GC Thread#4" [stack: 0x0000005edd900000,0x0000005edda00000] [id=18272]
  0x00000222e01a34f0 GCTaskThread "GC Thread#5" [stack: 0x0000005edda00000,0x0000005eddb00000] [id=15164]
  0x00000222e01a37b0 GCTaskThread "GC Thread#6" [stack: 0x0000005eddb00000,0x0000005eddc00000] [id=17760]
  0x00000222e01a3d30 GCTaskThread "GC Thread#7" [stack: 0x0000005eddc00000,0x0000005eddd00000] [id=8588]
  0x00000222e01a3a70 GCTaskThread "GC Thread#8" [stack: 0x0000005eddd00000,0x0000005edde00000] [id=11840]
  0x00000222e01a3ff0 GCTaskThread "GC Thread#9" [stack: 0x0000005edde00000,0x0000005eddf00000] [id=2756]
  0x00000222eec02bf0 ConcurrentGCThread "G1 Main Marker" [stack: 0x0000005edc300000,0x0000005edc400000] [id=15684]
  0x00000222eec04db0 ConcurrentGCThread "G1 Conc#0" [stack: 0x0000005edc400000,0x0000005edc500000] [id=10140]
  0x00000222e531ab70 ConcurrentGCThread "G1 Conc#1" [stack: 0x0000005ede000000,0x0000005ede100000] [id=18592]
  0x00000222e5318ff0 ConcurrentGCThread "G1 Conc#2" [stack: 0x0000005ede100000,0x0000005ede200000] [id=12576]
  0x00000222eec1ea50 ConcurrentGCThread "G1 Refine#0" [stack: 0x0000005edc500000,0x0000005edc600000] [id=10824]
  0x00000222e5ab3a90 ConcurrentGCThread "G1 Refine#1" [stack: 0x0000005ede200000,0x0000005ede300000] [id=9096]
  0x00000222e5ab3d80 ConcurrentGCThread "G1 Refine#2" [stack: 0x0000005ede300000,0x0000005ede400000] [id=10716]
  0x00000222e5ab4070 ConcurrentGCThread "G1 Refine#3" [stack: 0x0000005ede400000,0x0000005ede500000] [id=19008]
  0x00000222e5ab34b0 ConcurrentGCThread "G1 Refine#4" [stack: 0x0000005ede500000,0x0000005ede600000] [id=18344]
  0x00000222e5ab37a0 ConcurrentGCThread "G1 Refine#5" [stack: 0x0000005ede600000,0x0000005ede700000] [id=12256]
  0x00000222e5ab4360 ConcurrentGCThread "G1 Refine#6" [stack: 0x0000005ede700000,0x0000005ede800000] [id=14168]
  0x00000222e9500800 ConcurrentGCThread "G1 Refine#7" [stack: 0x0000005ede800000,0x0000005ede900000] [id=1360]
  0x00000222fc053ed0 ConcurrentGCThread "G1 Service" [stack: 0x0000005edc600000,0x0000005edc700000] [id=304]

Threads with active compile tasks:
C2 CompilerThread0     7683 10202       4       com.sun.tools.javac.code.Types::capture (556 bytes)
C1 CompilerThread0     7683 10278       1       com.sun.tools.javac.code.Type$UndetVar::getInst (5 bytes)
C2 CompilerThread1     7683 10169       4       com.sun.tools.javac.jvm.ClassReader$AnnotationDeproxy::deproxyCompound (115 bytes)
C2 CompilerThread2     7683 10180       4       com.sun.tools.javac.code.TypeAnnotations$TypeAnnotationPositions::separateAnnotationsKinds (520 bytes)

VM state: at safepoint (normal execution)

VM Mutex/Monitor currently owned by a thread:  ([mutex/lock_event])
[0x00000222eeb3ec20] Threads_lock - owner thread: 0x00000222e0011480
[0x00000222eeb3f640] Heap_lock - owner thread: 0x00000222eeb43980

Heap address: 0x0000000602400000, size: 8156 MB, Compressed Oops mode: Zero based, Oop shift amount: 3

CDS archive(s) mapped at: [0x000002229f000000-0x000002229fbd0000-0x000002229fbd0000), size 12386304, SharedBaseAddress: 0x000002229f000000, ArchiveRelocationMode: 1.
Compressed class space mapped at: 0x00000222a0000000-0x00000222e0000000, reserved size: 1073741824
Narrow klass base: 0x000002229f000000, Narrow klass shift: 0, Narrow klass range: 0x100000000

GC Precious Log:
 CPUs: 12 total, 12 available
 Memory: 32621M
 Large Page Support: Disabled
 NUMA Support: Disabled
 Compressed Oops: Enabled (Zero based)
 Heap Region Size: 4M
 Heap Min Capacity: 8M
 Heap Initial Capacity: 512M
 Heap Max Capacity: 8156M
 Pre-touch: Disabled
 Parallel Workers: 10
 Concurrent Workers: 3
 Concurrent Refinement Workers: 10
 Periodic GC: Disabled

Heap:
 garbage-first heap   total 401408K, used 141540K [0x0000000602400000, 0x0000000800000000)
  region size 4096K, 3 young (12288K), 3 survivors (12288K)
 Metaspace       used 31346K, committed 31744K, reserved 1114112K
  class space    used 3459K, committed 3648K, reserved 1048576K

Heap Regions: E=young(eden), S=young(survivor), O=old, HS=humongous(starts), HC=humongous(continues), CS=collection set, F=free, OA=open archive, CA=closed archive, TAMS=top-at-mark-start (previous, next)
|   0|0x0000000602400000, 0x0000000602800000, 0x0000000602800000|100%| O|  |TAMS 0x0000000602800000, 0x0000000602400000| Untracked 
|   1|0x0000000602800000, 0x0000000602c00000, 0x0000000602c00000|100%| O|  |TAMS 0x0000000602c00000, 0x0000000602800000| Untracked 
|   2|0x0000000602c00000, 0x0000000602f90200, 0x0000000603000000| 89%| O|  |TAMS 0x0000000602f90200, 0x0000000602c00000| Untracked 
|   3|0x0000000603000000, 0x0000000603400000, 0x0000000603400000|100%| O|  |TAMS 0x0000000603400000, 0x0000000603000000| Untracked 
|   4|0x0000000603400000, 0x0000000603800000, 0x0000000603800000|100%| O|  |TAMS 0x0000000603800000, 0x0000000603400000| Untracked 
|   5|0x0000000603800000, 0x0000000603c00000, 0x0000000603c00000|100%| O|  |TAMS 0x0000000603c00000, 0x0000000603800000| Untracked 
|   6|0x0000000603c00000, 0x0000000604000000, 0x0000000604000000|100%| O|  |TAMS 0x0000000604000000, 0x0000000603c00000| Untracked 
|   7|0x0000000604000000, 0x0000000604400000, 0x0000000604400000|100%| O|  |TAMS 0x0000000604400000, 0x0000000604000000| Untracked 
|   8|0x0000000604400000, 0x0000000604800000, 0x0000000604800000|100%| O|  |TAMS 0x0000000604800000, 0x0000000604400000| Untracked 
|   9|0x0000000604800000, 0x0000000604c00000, 0x0000000604c00000|100%| O|  |TAMS 0x0000000604c00000, 0x0000000604800000| Untracked 
|  10|0x0000000604c00000, 0x0000000605000000, 0x0000000605000000|100%| O|  |TAMS 0x0000000605000000, 0x0000000604c00000| Untracked 
|  11|0x0000000605000000, 0x0000000605400000, 0x0000000605400000|100%| O|  |TAMS 0x0000000605400000, 0x0000000605000000| Untracked 
|  12|0x0000000605400000, 0x0000000605800000, 0x0000000605800000|100%| O|  |TAMS 0x0000000605800000, 0x0000000605400000| Untracked 
|  13|0x0000000605800000, 0x0000000605c00000, 0x0000000605c00000|100%| O|  |TAMS 0x0000000605c00000, 0x0000000605800000| Untracked 
|  14|0x0000000605c00000, 0x0000000606000000, 0x0000000606000000|100%| O|  |TAMS 0x0000000606000000, 0x0000000605c00000| Untracked 
|  15|0x0000000606000000, 0x0000000606400000, 0x0000000606400000|100%| O|  |TAMS 0x0000000606400000, 0x0000000606000000| Untracked 
|  16|0x0000000606400000, 0x0000000606800000, 0x0000000606800000|100%| O|  |TAMS 0x0000000606800000, 0x0000000606400000| Untracked 
|  17|0x0000000606800000, 0x0000000606c00000, 0x0000000606c00000|100%| O|  |TAMS 0x0000000606c00000, 0x0000000606800000| Untracked 
|  18|0x0000000606c00000, 0x0000000607000000, 0x0000000607000000|100%| O|  |TAMS 0x0000000607000000, 0x0000000606c00000| Untracked 
|  19|0x0000000607000000, 0x0000000607400000, 0x0000000607400000|100%| O|  |TAMS 0x0000000607400000, 0x0000000607000000| Untracked 
|  20|0x0000000607400000, 0x0000000607800000, 0x0000000607800000|100%| O|  |TAMS 0x0000000607800000, 0x0000000607400000| Untracked 
|  21|0x0000000607800000, 0x0000000607c00000, 0x0000000607c00000|100%| O|  |TAMS 0x0000000607c00000, 0x0000000607800000| Untracked 
|  22|0x0000000607c00000, 0x0000000608000000, 0x0000000608000000|100%| O|  |TAMS 0x0000000608000000, 0x0000000607c00000| Untracked 
|  23|0x0000000608000000, 0x0000000608400000, 0x0000000608400000|100%| O|  |TAMS 0x00000006083c2000, 0x0000000608000000| Untracked 
|  24|0x0000000608400000, 0x0000000608800000, 0x0000000608800000|100%|HS|  |TAMS 0x0000000608800000, 0x0000000608400000| Complete 
|  25|0x0000000608800000, 0x0000000608c00000, 0x0000000608c00000|100%| O|  |TAMS 0x0000000608800000, 0x0000000608800000| Untracked 
|  26|0x0000000608c00000, 0x0000000609000000, 0x0000000609000000|100%| O|  |TAMS 0x0000000608c00000, 0x0000000608c00000| Untracked 
|  27|0x0000000609000000, 0x0000000609400000, 0x0000000609400000|100%| O|  |TAMS 0x0000000609000000, 0x0000000609000000| Untracked 
|  28|0x0000000609400000, 0x0000000609800000, 0x0000000609800000|100%| O|  |TAMS 0x0000000609400000, 0x0000000609400000| Untracked 
|  29|0x0000000609800000, 0x0000000609c00000, 0x0000000609c00000|100%| O|  |TAMS 0x0000000609800000, 0x0000000609800000| Untracked 
|  30|0x0000000609c00000, 0x000000060a000000, 0x000000060a000000|100%| O|  |TAMS 0x0000000609c00000, 0x0000000609c00000| Untracked 
|  31|0x000000060a000000, 0x000000060a06ba00, 0x000000060a400000| 10%| O|  |TAMS 0x000000060a000000, 0x000000060a000000| Untracked 
|  32|0x000000060a400000, 0x000000060a400000, 0x000000060a800000|  0%| F|  |TAMS 0x000000060a400000, 0x000000060a400000| Untracked 
|  33|0x000000060a800000, 0x000000060a800000, 0x000000060ac00000|  0%| F|  |TAMS 0x000000060a800000, 0x000000060a800000| Untracked 
|  34|0x000000060ac00000, 0x000000060ac00000, 0x000000060b000000|  0%| F|  |TAMS 0x000000060ac00000, 0x000000060ac00000| Untracked 
|  35|0x000000060b000000, 0x000000060b000000, 0x000000060b400000|  0%| F|  |TAMS 0x000000060b000000, 0x000000060b000000| Untracked 
|  36|0x000000060b400000, 0x000000060b400000, 0x000000060b800000|  0%| F|  |TAMS 0x000000060b400000, 0x000000060b400000| Untracked 
|  37|0x000000060b800000, 0x000000060b800000, 0x000000060bc00000|  0%| F|  |TAMS 0x000000060b800000, 0x000000060b800000| Untracked 
|  38|0x000000060bc00000, 0x000000060bc00000, 0x000000060c000000|  0%| F|  |TAMS 0x000000060bc00000, 0x000000060bc00000| Untracked 
|  39|0x000000060c000000, 0x000000060c000000, 0x000000060c400000|  0%| F|  |TAMS 0x000000060c000000, 0x000000060c000000| Untracked 
|  40|0x000000060c400000, 0x000000060c400000, 0x000000060c800000|  0%| F|  |TAMS 0x000000060c400000, 0x000000060c400000| Untracked 
|  41|0x000000060c800000, 0x000000060c800000, 0x000000060cc00000|  0%| F|  |TAMS 0x000000060c800000, 0x000000060c800000| Untracked 
|  42|0x000000060cc00000, 0x000000060cc00000, 0x000000060d000000|  0%| F|  |TAMS 0x000000060cc00000, 0x000000060cc00000| Untracked 
|  43|0x000000060d000000, 0x000000060d000000, 0x000000060d400000|  0%| F|  |TAMS 0x000000060d000000, 0x000000060d000000| Untracked 
|  44|0x000000060d400000, 0x000000060d400000, 0x000000060d800000|  0%| F|  |TAMS 0x000000060d400000, 0x000000060d400000| Untracked 
|  45|0x000000060d800000, 0x000000060d800000, 0x000000060dc00000|  0%| F|  |TAMS 0x000000060d800000, 0x000000060d800000| Untracked 
|  46|0x000000060dc00000, 0x000000060dc00000, 0x000000060e000000|  0%| F|  |TAMS 0x000000060dc00000, 0x000000060dc00000| Untracked 
|  47|0x000000060e000000, 0x000000060e23d700, 0x000000060e400000| 55%| S|CS|TAMS 0x000000060e000000, 0x000000060e000000| Complete 
|  48|0x000000060e400000, 0x000000060e400000, 0x000000060e800000|  0%| F|  |TAMS 0x000000060e400000, 0x000000060e400000| Untracked 
|  49|0x000000060e800000, 0x000000060e800000, 0x000000060ec00000|  0%| F|  |TAMS 0x000000060e800000, 0x000000060e800000| Untracked 
|  50|0x000000060ec00000, 0x000000060f000000, 0x000000060f000000|100%| S|CS|TAMS 0x000000060ec00000, 0x000000060ec00000| Complete 
|  51|0x000000060f000000, 0x000000060f400000, 0x000000060f400000|100%| S|CS|TAMS 0x000000060f000000, 0x000000060f000000| Complete 
|  52|0x000000060f400000, 0x000000060f400000, 0x000000060f800000|  0%| F|  |TAMS 0x000000060f400000, 0x000000060f400000| Untracked 
|  53|0x000000060f800000, 0x000000060f800000, 0x000000060fc00000|  0%| F|  |TAMS 0x000000060f800000, 0x000000060f800000| Untracked 
|  54|0x000000060fc00000, 0x000000060fc00000, 0x0000000610000000|  0%| F|  |TAMS 0x000000060fc00000, 0x000000060fc00000| Untracked 
|  55|0x0000000610000000, 0x0000000610000000, 0x0000000610400000|  0%| F|  |TAMS 0x0000000610000000, 0x0000000610000000| Untracked 
|  56|0x0000000610400000, 0x0000000610400000, 0x0000000610800000|  0%| F|  |TAMS 0x0000000610400000, 0x0000000610400000| Untracked 
|  57|0x0000000610800000, 0x0000000610800000, 0x0000000610c00000|  0%| F|  |TAMS 0x0000000610800000, 0x0000000610800000| Untracked 
|  58|0x0000000610c00000, 0x0000000610c00000, 0x0000000611000000|  0%| F|  |TAMS 0x0000000610c00000, 0x0000000610c00000| Untracked 
|  59|0x0000000611000000, 0x0000000611000000, 0x0000000611400000|  0%| F|  |TAMS 0x0000000611000000, 0x0000000611000000| Untracked 
|  60|0x0000000611400000, 0x0000000611400000, 0x0000000611800000|  0%| F|  |TAMS 0x0000000611400000, 0x0000000611400000| Untracked 
|  61|0x0000000611800000, 0x0000000611800000, 0x0000000611c00000|  0%| F|  |TAMS 0x0000000611800000, 0x0000000611800000| Untracked 
|  62|0x0000000611c00000, 0x0000000611c00000, 0x0000000612000000|  0%| F|  |TAMS 0x0000000611c00000, 0x0000000611c00000| Untracked 
|  63|0x0000000612000000, 0x0000000612000000, 0x0000000612400000|  0%| F|  |TAMS 0x0000000612000000, 0x0000000612000000| Untracked 
|  64|0x0000000612400000, 0x0000000612400000, 0x0000000612800000|  0%| F|  |TAMS 0x0000000612400000, 0x0000000612400000| Untracked 
|  65|0x0000000612800000, 0x0000000612800000, 0x0000000612c00000|  0%| F|  |TAMS 0x0000000612800000, 0x0000000612800000| Untracked 
|  66|0x0000000612c00000, 0x0000000612c00000, 0x0000000613000000|  0%| F|  |TAMS 0x0000000612c00000, 0x0000000612c00000| Untracked 
|  67|0x0000000613000000, 0x0000000613000000, 0x0000000613400000|  0%| F|  |TAMS 0x0000000613000000, 0x0000000613000000| Untracked 
|  68|0x0000000613400000, 0x0000000613400000, 0x0000000613800000|  0%| F|  |TAMS 0x0000000613400000, 0x0000000613400000| Untracked 
|  69|0x0000000613800000, 0x0000000613800000, 0x0000000613c00000|  0%| F|  |TAMS 0x0000000613800000, 0x0000000613800000| Untracked 
|  70|0x0000000613c00000, 0x0000000613c00000, 0x0000000614000000|  0%| F|  |TAMS 0x0000000613c00000, 0x0000000613c00000| Untracked 
|  71|0x0000000614000000, 0x0000000614000000, 0x0000000614400000|  0%| F|  |TAMS 0x0000000614000000, 0x0000000614000000| Untracked 
|  72|0x0000000614400000, 0x0000000614400000, 0x0000000614800000|  0%| F|  |TAMS 0x0000000614400000, 0x0000000614400000| Untracked 
|  73|0x0000000614800000, 0x0000000614800000, 0x0000000614c00000|  0%| F|  |TAMS 0x0000000614800000, 0x0000000614800000| Untracked 
|  74|0x0000000614c00000, 0x0000000614c00000, 0x0000000615000000|  0%| F|  |TAMS 0x0000000614c00000, 0x0000000614c00000| Untracked 
|  75|0x0000000615000000, 0x0000000615000000, 0x0000000615400000|  0%| F|  |TAMS 0x0000000615000000, 0x0000000615000000| Untracked 
|  76|0x0000000615400000, 0x0000000615400000, 0x0000000615800000|  0%| F|  |TAMS 0x0000000615400000, 0x0000000615400000| Untracked 
|  77|0x0000000615800000, 0x0000000615800000, 0x0000000615c00000|  0%| F|  |TAMS 0x0000000615800000, 0x0000000615800000| Untracked 
|  78|0x0000000615c00000, 0x0000000615c00000, 0x0000000616000000|  0%| F|  |TAMS 0x0000000615c00000, 0x0000000615c00000| Untracked 
|  79|0x0000000616000000, 0x0000000616000000, 0x0000000616400000|  0%| F|  |TAMS 0x0000000616000000, 0x0000000616000000| Untracked 
|  80|0x0000000616400000, 0x0000000616400000, 0x0000000616800000|  0%| F|  |TAMS 0x0000000616400000, 0x0000000616400000| Untracked 
|  81|0x0000000616800000, 0x0000000616800000, 0x0000000616c00000|  0%| F|  |TAMS 0x0000000616800000, 0x0000000616800000| Untracked 
|  82|0x0000000616c00000, 0x0000000616c00000, 0x0000000617000000|  0%| F|  |TAMS 0x0000000616c00000, 0x0000000616c00000| Untracked 
|  83|0x0000000617000000, 0x0000000617000000, 0x0000000617400000|  0%| F|  |TAMS 0x0000000617000000, 0x0000000617000000| Untracked 
|  84|0x0000000617400000, 0x0000000617400000, 0x0000000617800000|  0%| F|  |TAMS 0x0000000617400000, 0x0000000617400000| Untracked 
|  85|0x0000000617800000, 0x0000000617800000, 0x0000000617c00000|  0%| F|  |TAMS 0x0000000617800000, 0x0000000617800000| Untracked 
|  86|0x0000000617c00000, 0x0000000617c00000, 0x0000000618000000|  0%| F|  |TAMS 0x0000000617c00000, 0x0000000617c00000| Untracked 
|  87|0x0000000618000000, 0x0000000618000000, 0x0000000618400000|  0%| F|  |TAMS 0x0000000618000000, 0x0000000618000000| Untracked 
|  88|0x0000000618400000, 0x0000000618400000, 0x0000000618800000|  0%| F|  |TAMS 0x0000000618400000, 0x0000000618400000| Untracked 
|  89|0x0000000618800000, 0x0000000618800000, 0x0000000618c00000|  0%| F|  |TAMS 0x0000000618800000, 0x0000000618800000| Untracked 
|  90|0x0000000618c00000, 0x0000000618c00000, 0x0000000619000000|  0%| F|  |TAMS 0x0000000618c00000, 0x0000000618c00000| Untracked 
|  91|0x0000000619000000, 0x0000000619000000, 0x0000000619400000|  0%| F|  |TAMS 0x0000000619000000, 0x0000000619000000| Untracked 
|  92|0x0000000619400000, 0x0000000619400000, 0x0000000619800000|  0%| F|  |TAMS 0x0000000619400000, 0x0000000619400000| Untracked 
|  93|0x0000000619800000, 0x0000000619800000, 0x0000000619c00000|  0%| F|  |TAMS 0x0000000619800000, 0x0000000619800000| Untracked 
|  94|0x0000000619c00000, 0x0000000619c00000, 0x000000061a000000|  0%| F|  |TAMS 0x0000000619c00000, 0x0000000619c00000| Untracked 
|  95|0x000000061a000000, 0x000000061a000000, 0x000000061a400000|  0%| F|  |TAMS 0x000000061a000000, 0x000000061a000000| Untracked 
| 127|0x0000000622000000, 0x0000000622000000, 0x0000000622400000|  0%| F|  |TAMS 0x0000000622000000, 0x0000000622000000| Untracked 
|2038|0x00000007ffc00000, 0x0000000800000000, 0x0000000800000000|100%| O|  |TAMS 0x0000000800000000, 0x00000007ffc00000| Untracked 

Card table byte_map: [0x00000222f7950000,0x00000222f8940000] _byte_map_base: 0x00000222f493e000

Marking Bits (Prev, Next): (CMBitMap*) 0x00000222eebf23f0, (CMBitMap*) 0x00000222eebf2430
 Prev Bits: [0x000002228f000000, 0x0000022296f70000)
 Next Bits: [0x0000022296f70000, 0x000002229eee0000)

Polling page: 0x00000222ecae0000

Metaspace:

Usage:
  Non-class:     27.23 MB used.
      Class:      3.38 MB used.
       Both:     30.61 MB used.

Virtual space:
  Non-class space:       64.00 MB reserved,      27.44 MB ( 43%) committed,  1 nodes.
      Class space:        1.00 GB reserved,       3.56 MB ( <1%) committed,  1 nodes.
             Both:        1.06 GB reserved,      31.00 MB (  3%) committed. 

Chunk freelists:
   Non-Class:  4.16 MB
       Class:  12.42 MB
        Both:  16.57 MB

MaxMetaspaceSize: unlimited
CompressedClassSpaceSize: 1.00 GB
Initial GC threshold: 21.00 MB
Current GC threshold: 46.56 MB
CDS: on
MetaspaceReclaimPolicy: balanced
 - commit_granule_bytes: 65536.
 - commit_granule_words: 8192.
 - virtual_space_node_default_size: 8388608.
 - enlarge_chunks_in_place: 1.
 - new_chunks_are_fully_committed: 0.
 - uncommit_free_chunks: 1.
 - use_allocation_guard: 0.
 - handle_deallocations: 1.


Internal statistics:

num_allocs_failed_limit: 6.
num_arena_births: 286.
num_arena_deaths: 0.
num_vsnodes_births: 2.
num_vsnodes_deaths: 0.
num_space_committed: 496.
num_space_uncommitted: 0.
num_chunks_returned_to_freelist: 6.
num_chunks_taken_from_freelist: 1487.
num_chunk_merges: 6.
num_chunk_splits: 1008.
num_chunks_enlarged: 748.
num_inconsistent_stats: 0.

CodeHeap 'non-profiled nmethods': size=120000Kb used=7891Kb max_used=7891Kb free=112108Kb
 bounds [0x0000022287ad0000, 0x0000022288290000, 0x000002228f000000]
CodeHeap 'profiled nmethods': size=120000Kb used=16925Kb max_used=18223Kb free=103075Kb
 bounds [0x0000022280000000, 0x00000222811d0000, 0x0000022287530000]
CodeHeap 'non-nmethods': size=5760Kb used=1216Kb max_used=1305Kb free=4543Kb
 bounds [0x0000022287530000, 0x00000222877a0000, 0x0000022287ad0000]
 total_blobs=8511 nmethods=7990 adapters=433
 compilation: enabled
              stopped_count=0, restarted_count=0
 full_count=0

Compilation events (20 events):
Event: 7.668 Thread 0x00000222e0038fb0 nmethod 10266 0x0000022280e90d90 code [0x0000022280e90f80, 0x0000022280e913a8]
Event: 7.668 Thread 0x00000222e0038fb0 10267       2       java.lang.invoke.MethodHandles$Lookup::checkMethodName (45 bytes)
Event: 7.668 Thread 0x00000222e0038fb0 nmethod 10267 0x0000022280f71e10 code [0x0000022280f72000, 0x0000022280f72368]
Event: 7.668 Thread 0x00000222e0038fb0 10268       2       com.sun.tools.javac.code.Type$StructuralTypeMapping::visitClassType (67 bytes)
Event: 7.668 Thread 0x00000222e0038fb0 nmethod 10268 0x0000022280bb6390 code [0x0000022280bb6580, 0x0000022280bb69f8]
Event: 7.668 Thread 0x00000222e0038fb0 10271   !   3       com.sun.tools.javac.code.Types$12::visitClassType (229 bytes)
Event: 7.669 Thread 0x00000222e0038fb0 nmethod 10271 0x0000022280c84990 code [0x0000022280c84d20, 0x0000022280c86c28]
Event: 7.669 Thread 0x00000222e0038fb0 10273       3       com.sun.tools.javac.code.Scope$ScopeImpl$1::skipToNextMatchingEntry (48 bytes)
Event: 7.669 Thread 0x00000222e0038fb0 nmethod 10273 0x00000222810d9790 code [0x00000222810d9940, 0x00000222810d9cc8]
Event: 7.669 Thread 0x00000222e0038fb0 10272       3       com.sun.tools.javac.code.Scope$ScopeImpl$1::update (72 bytes)
Event: 7.670 Thread 0x00000222e0038fb0 nmethod 10272 0x00000222808dbd10 code [0x00000222808dbee0, 0x00000222808dc298]
Event: 7.670 Thread 0x00000222e0038fb0 10269       2       com.sun.tools.javac.code.Types$MapVisitor::visitType (7 bytes)
Event: 7.670 Thread 0x00000222e0038fb0 nmethod 10269 0x0000022280e10290 code [0x0000022280e10420, 0x0000022280e10548]
Event: 7.670 Thread 0x00000222e0038fb0 10270       2       com.sun.tools.javac.code.Type::map (10 bytes)
Event: 7.670 Thread 0x00000222e0038fb0 nmethod 10270 0x0000022280e79390 code [0x0000022280e79540, 0x0000022280e796a8]
Event: 7.670 Thread 0x00000222e0038fb0 10275       2       java.util.EnumMap::put (10 bytes)
Event: 7.670 Thread 0x00000222e0038fb0 nmethod 10275 0x0000022280eeb310 code [0x0000022280eeb4a0, 0x0000022280eeb608]
Event: 7.670 Thread 0x00000222e0038fb0 10277       2       java.util.EnumMap::get (29 bytes)
Event: 7.670 Thread 0x00000222e0038fb0 nmethod 10277 0x0000022281011710 code [0x00000222810118c0, 0x0000022281011ac8]
Event: 7.670 Thread 0x00000222e0038fb0 10278       1       com.sun.tools.javac.code.Type$UndetVar::getInst (5 bytes)

GC Heap History (20 events):
Event: 4.862 GC heap after
{Heap after GC invocations=19 (full 0):
 garbage-first heap   total 323584K, used 115737K [0x0000000602400000, 0x0000000800000000)
  region size 4096K, 1 young (4096K), 1 survivors (4096K)
 Metaspace       used 28174K, committed 28480K, reserved 1114112K
  class space    used 3090K, committed 3264K, reserved 1048576K
}
Event: 5.365 GC heap before
{Heap before GC invocations=20 (full 0):
 garbage-first heap   total 323584K, used 226329K [0x0000000602400000, 0x0000000800000000)
  region size 4096K, 28 young (114688K), 1 survivors (4096K)
 Metaspace       used 29871K, committed 30208K, reserved 1114112K
  class space    used 3270K, committed 3456K, reserved 1048576K
}
Event: 5.368 GC heap after
{Heap after GC invocations=21 (full 0):
 garbage-first heap   total 323584K, used 117209K [0x0000000602400000, 0x0000000800000000)
  region size 4096K, 2 young (8192K), 2 survivors (8192K)
 Metaspace       used 29871K, committed 30208K, reserved 1114112K
  class space    used 3270K, committed 3456K, reserved 1048576K
}
Event: 5.556 GC heap before
{Heap before GC invocations=21 (full 0):
 garbage-first heap   total 323584K, used 231897K [0x0000000602400000, 0x0000000800000000)
  region size 4096K, 30 young (122880K), 2 survivors (8192K)
 Metaspace       used 30162K, committed 30464K, reserved 1114112K
  class space    used 3315K, committed 3456K, reserved 1048576K
}
Event: 5.560 GC heap after
{Heap after GC invocations=22 (full 0):
 garbage-first heap   total 323584K, used 118765K [0x0000000602400000, 0x0000000800000000)
  region size 4096K, 2 young (8192K), 2 survivors (8192K)
 Metaspace       used 30162K, committed 30464K, reserved 1114112K
  class space    used 3315K, committed 3456K, reserved 1048576K
}
Event: 5.858 GC heap before
{Heap before GC invocations=22 (full 0):
 garbage-first heap   total 323584K, used 241645K [0x0000000602400000, 0x0000000800000000)
  region size 4096K, 32 young (131072K), 2 survivors (8192K)
 Metaspace       used 30537K, committed 30912K, reserved 1114112K
  class space    used 3343K, committed 3520K, reserved 1048576K
}
Event: 5.863 GC heap after
{Heap after GC invocations=23 (full 0):
 garbage-first heap   total 323584K, used 122024K [0x0000000602400000, 0x0000000800000000)
  region size 4096K, 3 young (12288K), 3 survivors (12288K)
 Metaspace       used 30537K, committed 30912K, reserved 1114112K
  class space    used 3343K, committed 3520K, reserved 1048576K
}
Event: 6.086 GC heap before
{Heap before GC invocations=23 (full 0):
 garbage-first heap   total 323584K, used 249000K [0x0000000602400000, 0x0000000800000000)
  region size 4096K, 34 young (139264K), 3 survivors (12288K)
 Metaspace       used 30589K, committed 30976K, reserved 1114112K
  class space    used 3347K, committed 3520K, reserved 1048576K
}
Event: 6.094 GC heap after
{Heap after GC invocations=24 (full 0):
 garbage-first heap   total 323584K, used 127036K [0x0000000602400000, 0x0000000800000000)
  region size 4096K, 4 young (16384K), 4 survivors (16384K)
 Metaspace       used 30589K, committed 30976K, reserved 1114112K
  class space    used 3347K, committed 3520K, reserved 1048576K
}
Event: 6.285 GC heap before
{Heap before GC invocations=24 (full 0):
 garbage-first heap   total 323584K, used 254012K [0x0000000602400000, 0x0000000800000000)
  region size 4096K, 35 young (143360K), 4 survivors (16384K)
 Metaspace       used 30609K, committed 30976K, reserved 1114112K
  class space    used 3348K, committed 3520K, reserved 1048576K
}
Event: 6.293 GC heap after
{Heap after GC invocations=25 (full 0):
 garbage-first heap   total 323584K, used 131789K [0x0000000602400000, 0x0000000800000000)
  region size 4096K, 4 young (16384K), 4 survivors (16384K)
 Metaspace       used 30609K, committed 30976K, reserved 1114112K
  class space    used 3348K, committed 3520K, reserved 1048576K
}
Event: 6.447 GC heap before
{Heap before GC invocations=25 (full 0):
 garbage-first heap   total 323584K, used 258765K [0x0000000602400000, 0x0000000800000000)
  region size 4096K, 35 young (143360K), 4 survivors (16384K)
 Metaspace       used 30617K, committed 30976K, reserved 1114112K
  class space    used 3348K, committed 3520K, reserved 1048576K
}
Event: 6.453 GC heap after
{Heap after GC invocations=26 (full 0):
 garbage-first heap   total 397312K, used 132268K [0x0000000602400000, 0x0000000800000000)
  region size 4096K, 3 young (12288K), 3 survivors (12288K)
 Metaspace       used 30617K, committed 30976K, reserved 1114112K
  class space    used 3348K, committed 3520K, reserved 1048576K
}
Event: 6.821 GC heap before
{Heap before GC invocations=26 (full 0):
 garbage-first heap   total 397312K, used 320684K [0x0000000602400000, 0x0000000800000000)
  region size 4096K, 49 young (200704K), 3 survivors (12288K)
 Metaspace       used 30738K, committed 31104K, reserved 1114112K
  class space    used 3351K, committed 3520K, reserved 1048576K
}
Event: 6.828 GC heap after
{Heap after GC invocations=27 (full 0):
 garbage-first heap   total 397312K, used 141343K [0x0000000602400000, 0x0000000800000000)
  region size 4096K, 5 young (20480K), 5 survivors (20480K)
 Metaspace       used 30738K, committed 31104K, reserved 1114112K
  class space    used 3351K, committed 3520K, reserved 1048576K
}
Event: 7.133 GC heap before
{Heap before GC invocations=27 (full 0):
 garbage-first heap   total 397312K, used 321567K [0x0000000602400000, 0x0000000800000000)
  region size 4096K, 49 young (200704K), 5 survivors (20480K)
 Metaspace       used 30797K, committed 31168K, reserved 1114112K
  class space    used 3351K, committed 3520K, reserved 1048576K
}
Event: 7.140 GC heap after
{Heap after GC invocations=28 (full 0):
 garbage-first heap   total 397312K, used 142652K [0x0000000602400000, 0x0000000800000000)
  region size 4096K, 4 young (16384K), 4 survivors (16384K)
 Metaspace       used 30797K, committed 31168K, reserved 1114112K
  class space    used 3351K, committed 3520K, reserved 1048576K
}
Event: 7.381 GC heap before
{Heap before GC invocations=28 (full 0):
 garbage-first heap   total 397312K, used 318780K [0x0000000602400000, 0x0000000800000000)
  region size 4096K, 47 young (192512K), 4 survivors (16384K)
 Metaspace       used 30802K, committed 31168K, reserved 1114112K
  class space    used 3351K, committed 3520K, reserved 1048576K
}
Event: 7.391 GC heap after
{Heap after GC invocations=29 (full 0):
 garbage-first heap   total 397312K, used 141740K [0x0000000602400000, 0x0000000800000000)
  region size 4096K, 3 young (12288K), 3 survivors (12288K)
 Metaspace       used 30802K, committed 31168K, reserved 1114112K
  class space    used 3351K, committed 3520K, reserved 1048576K
}
Event: 7.670 GC heap before
{Heap before GC invocations=29 (full 0):
 garbage-first heap   total 397312K, used 317868K [0x0000000602400000, 0x0000000800000000)
  region size 4096K, 46 young (188416K), 3 survivors (12288K)
 Metaspace       used 31346K, committed 31744K, reserved 1114112K
  class space    used 3459K, committed 3648K, reserved 1048576K
}

Deoptimization events (20 events):
Event: 7.668 Thread 0x00000222eeb43980 Uncommon trap: trap_request=0xffffffde fr.pc=0x00000222881f1c28 relative=0x0000000000006be8
Event: 7.668 Thread 0x00000222eeb43980 Uncommon trap: reason=class_check action=maybe_recompile pc=0x00000222881f1c28 method=com.sun.tools.javac.code.Types$MembersClosureCache.visitClassType(Lcom/sun/tools/javac/code/Type$ClassType;Ljava/lang/Void;)Lcom/sun/tools/javac/code/Scope$CompoundScope
Event: 7.668 Thread 0x00000222eeb43980 DEOPT PACKING pc=0x00000222881f1c28 sp=0x0000005edc1fb0b0
Event: 7.668 Thread 0x00000222eeb43980 DEOPT UNPACKING pc=0x00000222875823a3 sp=0x0000005edc1fb0b8 mode 2
Event: 7.669 Thread 0x00000222eeb43980 Uncommon trap: trap_request=0xffffffc6 fr.pc=0x000002228819a178 relative=0x00000000000003b8
Event: 7.669 Thread 0x00000222eeb43980 Uncommon trap: reason=bimorphic_or_optimized_type_check action=maybe_recompile pc=0x000002228819a178 method=java.util.Spliterators$IteratorSpliterator.tryAdvance(Ljava/util/function/Consumer;)Z @ 63 c2
Event: 7.669 Thread 0x00000222eeb43980 DEOPT PACKING pc=0x000002228819a178 sp=0x0000005edc1fb120
Event: 7.669 Thread 0x00000222eeb43980 DEOPT UNPACKING pc=0x00000222875823a3 sp=0x0000005edc1fb0e8 mode 2
Event: 7.669 Thread 0x00000222eeb43980 Uncommon trap: trap_request=0xffffff45 fr.pc=0x000002228814d4ec relative=0x000000000000044c
Event: 7.669 Thread 0x00000222eeb43980 Uncommon trap: reason=unstable_if action=reinterpret pc=0x000002228814d4ec method=com.sun.tools.javac.comp.Resolve.isAccessible(Lcom/sun/tools/javac/comp/Env;Lcom/sun/tools/javac/code/Symbol$TypeSymbol;Z)Z @ 354 c2
Event: 7.669 Thread 0x00000222eeb43980 DEOPT PACKING pc=0x000002228814d4ec sp=0x0000005edc1fb040
Event: 7.669 Thread 0x00000222eeb43980 DEOPT UNPACKING pc=0x00000222875823a3 sp=0x0000005edc1faff8 mode 2
Event: 7.670 Thread 0x00000222eeb43980 Uncommon trap: trap_request=0xffffff45 fr.pc=0x0000022288133218 relative=0x00000000000014f8
Event: 7.670 Thread 0x00000222eeb43980 Uncommon trap: reason=unstable_if action=reinterpret pc=0x0000022288133218 method=java.util.HashMap.removeNode(ILjava/lang/Object;Ljava/lang/Object;ZZ)Ljava/util/HashMap$Node; @ 7 c2
Event: 7.670 Thread 0x00000222eeb43980 DEOPT PACKING pc=0x0000022288133218 sp=0x0000005edc1fb530
Event: 7.670 Thread 0x00000222eeb43980 DEOPT UNPACKING pc=0x00000222875823a3 sp=0x0000005edc1fb408 mode 2
Event: 7.670 Thread 0x00000222eeb43980 Uncommon trap: trap_request=0xffffff45 fr.pc=0x000002228819ec10 relative=0x0000000000000cb0
Event: 7.670 Thread 0x00000222eeb43980 Uncommon trap: reason=unstable_if action=reinterpret pc=0x000002228819ec10 method=java.util.HashMap.removeNode(ILjava/lang/Object;Ljava/lang/Object;ZZ)Ljava/util/HashMap$Node; @ 7 c2
Event: 7.670 Thread 0x00000222eeb43980 DEOPT PACKING pc=0x000002228819ec10 sp=0x0000005edc1fb4a0
Event: 7.670 Thread 0x00000222eeb43980 DEOPT UNPACKING pc=0x00000222875823a3 sp=0x0000005edc1fb440 mode 2

Classes unloaded (0 events):
No events

Classes redefined (0 events):
No events

Internal exceptions (20 events):
Event: 7.292 Thread 0x00000222eeb43980 Exception <a 'sun/nio/fs/WindowsException'{0x00000006129ba5d8}> (0x00000006129ba5d8) 
thrown [s\open\src\hotspot\share\prims\jni.cpp, line 516]
Event: 7.292 Thread 0x00000222eeb43980 Exception <a 'sun/nio/fs/WindowsException'{0x00000006129ba8a8}> (0x00000006129ba8a8) 
thrown [s\open\src\hotspot\share\prims\jni.cpp, line 516]
Event: 7.292 Thread 0x00000222eeb43980 Exception <a 'sun/nio/fs/WindowsException'{0x00000006129bb7f8}> (0x00000006129bb7f8) 
thrown [s\open\src\hotspot\share\prims\jni.cpp, line 516]
Event: 7.292 Thread 0x00000222eeb43980 Exception <a 'sun/nio/fs/WindowsException'{0x00000006129bba50}> (0x00000006129bba50) 
thrown [s\open\src\hotspot\share\prims\jni.cpp, line 516]
Event: 7.476 Thread 0x00000222eeb43980 Exception <a 'sun/nio/fs/WindowsException'{0x0000000616ba6638}> (0x0000000616ba6638) 
thrown [s\open\src\hotspot\share\prims\jni.cpp, line 516]
Event: 7.476 Thread 0x00000222eeb43980 Exception <a 'sun/nio/fs/WindowsException'{0x0000000616ba6878}> (0x0000000616ba6878) 
thrown [s\open\src\hotspot\share\prims\jni.cpp, line 516]
Event: 7.476 Thread 0x00000222eeb43980 Exception <a 'sun/nio/fs/WindowsException'{0x0000000616ba76e0}> (0x0000000616ba76e0) 
thrown [s\open\src\hotspot\share\prims\jni.cpp, line 516]
Event: 7.476 Thread 0x00000222eeb43980 Exception <a 'sun/nio/fs/WindowsException'{0x0000000616ba79b0}> (0x0000000616ba79b0) 
thrown [s\open\src\hotspot\share\prims\jni.cpp, line 516]
Event: 7.476 Thread 0x00000222eeb43980 Exception <a 'sun/nio/fs/WindowsException'{0x0000000616ba8900}> (0x0000000616ba8900) 
thrown [s\open\src\hotspot\share\prims\jni.cpp, line 516]
Event: 7.476 Thread 0x00000222eeb43980 Exception <a 'sun/nio/fs/WindowsException'{0x0000000616ba8b58}> (0x0000000616ba8b58) 
thrown [s\open\src\hotspot\share\prims\jni.cpp, line 516]
Event: 7.645 Thread 0x00000222eeb43980 Implicit null exception at 0x0000022287b2b36c to 0x0000022287b2cbf0
Event: 7.645 Thread 0x00000222eeb43980 Implicit null exception at 0x0000022287fc1c04 to 0x0000022287fc33fc
Event: 7.649 Thread 0x00000222eeb43980 Exception <a 'java/lang/NoSuchMethodError'{0x000000060f90c5a0}: 'int java.lang.invoke.DirectMethodHandle$Holder.invokeVirtual(java.lang.Object, java.lang.Object, java.lang.Object, java.lang.Object)'> (0x000000060f90c5a0) 
thrown [s\open\src\hotspot\share\interpreter\linkResolver.cpp, line 759]
Event: 7.650 Thread 0x00000222eeb43980 Exception <a 'java/lang/NoSuchMethodError'{0x000000060f917ae0}: 'java.lang.Object java.lang.invoke.DirectMethodHandle$Holder.newInvokeSpecial(java.lang.Object, java.lang.Object, int, java.lang.Object)'> (0x000000060f917ae0) 
thrown [s\open\src\hotspot\share\interpreter\linkResolver.cpp, line 759]
Event: 7.650 Thread 0x00000222eeb43980 Exception <a 'java/lang/NoSuchMethodError'{0x000000060f91c6b8}: 'java.lang.Object java.lang.invoke.DirectMethodHandle$Holder.invokeSpecial(java.lang.Object, java.lang.Object, java.lang.Object, int, java.lang.Object)'> (0x000000060f91c6b8) 
thrown [s\open\src\hotspot\share\interpreter\linkResolver.cpp, line 759]
Event: 7.661 Thread 0x00000222eeb43980 Exception <a 'java/lang/NoSuchMethodError'{0x000000060f99abb8}: 'java.lang.Object java.lang.invoke.DirectMethodHandle$Holder.newInvokeSpecial(java.lang.Object, java.lang.Object, java.lang.Object, java.lang.Object, java.lang.Object, java.lang.Object, java.lang.Object, java.lang.Object)'> (0x000000060f99abb8) 
thrown [s\open\src\hotspot\share\interpreter\linkResolver.cpp, line 759]
Event: 7.661 Thread 0x00000222eeb43980 Exception <a 'java/lang/NoSuchMethodError'{0x000000060f9a02d8}: 'java.lang.Object java.lang.invoke.DirectMethodHandle$Holder.invokeSpecial(java.lang.Object, java.lang.Object, java.lang.Object, java.lang.Object, java.lang.Object, java.lang.Object, java.lang.Object, java.lang.Object, java.lang.Object)'> (0x000000060f9a02d8) 
thrown [s\open\src\hotspot\share\interpreter\linkResolver.cpp, line 759]
Event: 7.662 Thread 0x00000222eeb43980 Exception <a 'java/lang/NoSuchMethodError'{0x000000060f9a5758}: 'java.lang.Object java.lang.invoke.Invokers$Holder.linkToTargetMethod(java.lang.Object, java.lang.Object, java.lang.Object, java.lang.Object, java.lang.Object, java.lang.Object, java.lang.Object, java.lang.Object)'> (0x000000060f9a5758) 
thrown [s\open\src\hotspot\share\interpreter\linkResolver.cpp, line 759]
Event: 7.670 Thread 0x00000222eeb43980 Implicit null exception at 0x0000022288131de2 to 0x00000222881331f8
Event: 7.670 Thread 0x00000222eeb43980 Implicit null exception at 0x000002228819dfaa to 0x000002228819ebe4

VM Operations (20 events):
Event: 7.583 Executing VM operation: HandshakeAllThreads done
Event: 7.590 Executing VM operation: ICBufferFull
Event: 7.590 Executing VM operation: ICBufferFull done
Event: 7.630 Executing VM operation: HandshakeAllThreads
Event: 7.630 Executing VM operation: HandshakeAllThreads done
Event: 7.631 Executing VM operation: HandshakeAllThreads
Event: 7.631 Executing VM operation: HandshakeAllThreads done
Event: 7.634 Executing VM operation: HandshakeAllThreads
Event: 7.634 Executing VM operation: HandshakeAllThreads done
Event: 7.646 Executing VM operation: HandshakeAllThreads
Event: 7.646 Executing VM operation: HandshakeAllThreads done
Event: 7.646 Executing VM operation: ICBufferFull
Event: 7.647 Executing VM operation: ICBufferFull done
Event: 7.658 Executing VM operation: HandshakeAllThreads
Event: 7.658 Executing VM operation: HandshakeAllThreads done
Event: 7.663 Executing VM operation: HandshakeAllThreads
Event: 7.663 Executing VM operation: HandshakeAllThreads done
Event: 7.666 Executing VM operation: HandshakeAllThreads
Event: 7.666 Executing VM operation: HandshakeAllThreads done
Event: 7.670 Executing VM operation: G1CollectForAllocation

Events (20 events):
Event: 7.589 Thread 0x00000222e0061de0 flushing nmethod 0x0000022280b79d90
Event: 7.589 Thread 0x00000222e0061de0 flushing nmethod 0x0000022280d8a410
Event: 7.590 Thread 0x00000222e0061de0 flushing nmethod 0x0000022280e06090
Event: 7.590 Thread 0x00000222e0061de0 flushing nmethod 0x0000022280e97e90
Event: 7.590 Thread 0x00000222e0061de0 flushing nmethod 0x0000022280f06990
Event: 7.590 Thread 0x00000222e0061de0 flushing nmethod 0x0000022280f07490
Event: 7.590 Thread 0x00000222e0061de0 flushing nmethod 0x0000022280f0ed10
Event: 7.590 Thread 0x00000222e0061de0 flushing nmethod 0x0000022280f1a890
Event: 7.653 loading class java/util/EnumMap$EntrySet
Event: 7.653 loading class java/util/EnumMap$EntrySet done
Event: 7.653 loading class java/util/EnumMap$EntryIterator
Event: 7.653 loading class java/util/EnumMap$EnumMapIterator
Event: 7.653 loading class java/util/EnumMap$EnumMapIterator done
Event: 7.653 loading class java/util/EnumMap$EntryIterator done
Event: 7.653 loading class java/util/EnumMap$EntryIterator$Entry
Event: 7.653 loading class java/util/EnumMap$EntryIterator$Entry done
Event: 7.663 loading class java/util/stream/ReduceOps$2
Event: 7.663 loading class java/util/stream/ReduceOps$2 done
Event: 7.664 loading class java/util/stream/ReduceOps$2ReducingSink
Event: 7.664 loading class java/util/stream/ReduceOps$2ReducingSink done


Dynamic libraries:
0x00007ff78d930000 - 0x00007ff78d940000 	C:\Program Files\Java\jdk-17\bin\java.exe
0x00007ffe77750000 - 0x00007ffe77948000 	C:\Windows\SYSTEM32\ntdll.dll
0x00007ffe76770000 - 0x00007ffe76832000 	C:\Windows\System32\KERNEL32.DLL
0x00007ffe74f50000 - 0x00007ffe75246000 	C:\Windows\System32\KERNELBASE.dll
0x00007ffe753f0000 - 0x00007ffe754f0000 	C:\Windows\System32\ucrtbase.dll
0x00007ffe61320000 - 0x00007ffe61339000 	C:\Program Files\Java\jdk-17\bin\jli.dll
0x00007ffe61340000 - 0x00007ffe6135b000 	C:\Program Files\Java\jdk-17\bin\VCRUNTIME140.dll
0x00007ffe769c0000 - 0x00007ffe76a6f000 	C:\Windows\System32\ADVAPI32.dll
0x00007ffe775f0000 - 0x00007ffe7768e000 	C:\Windows\System32\msvcrt.dll
0x00007ffe75e50000 - 0x00007ffe75eef000 	C:\Windows\System32\sechost.dll
0x00007ffe75ac0000 - 0x00007ffe75be3000 	C:\Windows\System32\RPCRT4.dll
0x00007ffe75280000 - 0x00007ffe752a7000 	C:\Windows\System32\bcrypt.dll
0x00007ffe75770000 - 0x00007ffe7590d000 	C:\Windows\System32\USER32.dll
0x00007ffe75250000 - 0x00007ffe75272000 	C:\Windows\System32\win32u.dll
0x00007ffe6a270000 - 0x00007ffe6a50a000 	C:\Windows\WinSxS\amd64_microsoft.windows.common-controls_6595b64144ccf1df_6.0.19041.4355_none_60b8b9eb71f62e16\COMCTL32.dll
0x00007ffe76740000 - 0x00007ffe7676b000 	C:\Windows\System32\GDI32.dll
0x00007ffe74e30000 - 0x00007ffe74f4a000 	C:\Windows\System32\gdi32full.dll
0x00007ffe75570000 - 0x00007ffe7560d000 	C:\Windows\System32\msvcp_win.dll
0x00007ffe6f040000 - 0x00007ffe6f04a000 	C:\Windows\SYSTEM32\VERSION.dll
0x00007ffe76c00000 - 0x00007ffe76c2f000 	C:\Windows\System32\IMM32.DLL
0x00007ffe612e0000 - 0x00007ffe612ec000 	C:\Program Files\Java\jdk-17\bin\vcruntime140_1.dll
0x00007ffe608a0000 - 0x00007ffe6092e000 	C:\Program Files\Java\jdk-17\bin\msvcp140.dll
0x00007ffe5bae0000 - 0x00007ffe5c6bf000 	C:\Program Files\Java\jdk-17\bin\server\jvm.dll
0x00007ffe75d10000 - 0x00007ffe75d18000 	C:\Windows\System32\PSAPI.DLL
0x00007ffe6b430000 - 0x00007ffe6b457000 	C:\Windows\SYSTEM32\WINMM.dll
0x00007ffe66090000 - 0x00007ffe66099000 	C:\Windows\SYSTEM32\WSOCK32.dll
0x00007ffe76d00000 - 0x00007ffe76d6b000 	C:\Windows\System32\WS2_32.dll
0x00007ffe72c80000 - 0x00007ffe72c92000 	C:\Windows\SYSTEM32\kernel.appcore.dll
0x00007ffe61070000 - 0x00007ffe6107a000 	C:\Program Files\Java\jdk-17\bin\jimage.dll
0x00007ffe6ee50000 - 0x00007ffe6f034000 	C:\Windows\SYSTEM32\DBGHELP.DLL
0x00007ffe6f0e0000 - 0x00007ffe6f114000 	C:\Windows\SYSTEM32\dbgcore.DLL
0x00007ffe752b0000 - 0x00007ffe75332000 	C:\Windows\System32\bcryptPrimitives.dll
0x00007ffe61040000 - 0x00007ffe61065000 	C:\Program Files\Java\jdk-17\bin\java.dll
0x00007ffe60700000 - 0x00007ffe607d7000 	C:\Program Files\Java\jdk-17\bin\jsvml.dll
0x00007ffe76e20000 - 0x00007ffe7758f000 	C:\Windows\System32\SHELL32.dll
0x00007ffe72e80000 - 0x00007ffe73623000 	C:\Windows\SYSTEM32\windows.storage.dll
0x00007ffe763e0000 - 0x00007ffe76735000 	C:\Windows\System32\combase.dll
0x00007ffe74810000 - 0x00007ffe7483b000 	C:\Windows\SYSTEM32\Wldp.dll
0x00007ffe76c30000 - 0x00007ffe76cfd000 	C:\Windows\System32\OLEAUT32.dll
0x00007ffe76d70000 - 0x00007ffe76e1d000 	C:\Windows\System32\SHCORE.dll
0x00007ffe76380000 - 0x00007ffe763d5000 	C:\Windows\System32\shlwapi.dll
0x00007ffe74d10000 - 0x00007ffe74d35000 	C:\Windows\SYSTEM32\profapi.dll
0x00007ffe606b0000 - 0x00007ffe606c9000 	C:\Program Files\Java\jdk-17\bin\net.dll
0x00007ffe6f650000 - 0x00007ffe6f75a000 	C:\Windows\SYSTEM32\WINHTTP.dll
0x00007ffe74570000 - 0x00007ffe745dc000 	C:\Windows\system32\mswsock.dll
0x00007ffe60690000 - 0x00007ffe606a6000 	C:\Program Files\Java\jdk-17\bin\nio.dll
0x00007ffe60670000 - 0x00007ffe60688000 	C:\Program Files\Java\jdk-17\bin\zip.dll
0x00007ffe50c00000 - 0x00007ffe50c24000 	C:\Program Files\apache-maven-3.9.8\lib\jansi-native\Windows\x86_64\jansi.dll
0x00007ffe5f9e0000 - 0x00007ffe5f9f0000 	C:\Program Files\Java\jdk-17\bin\verify.dll

dbghelp: loaded successfully - version: 4.0.5 - missing functions: none
symbol engine: initialized successfully - sym options: 0x614 - pdb path: .;C:\Program Files\Java\jdk-17\bin;C:\Windows\SYSTEM32;C:\Windows\WinSxS\amd64_microsoft.windows.common-controls_6595b64144ccf1df_6.0.19041.4355_none_60b8b9eb71f62e16;C:\Program Files\Java\jdk-17\bin\server;C:\Program Files\apache-maven-3.9.8\lib\jansi-native\Windows\x86_64

VM Arguments:
jvm_args: -Dclassworlds.conf=C:\Program Files\apache-maven-3.9.8\bin\m2.conf -Dmaven.home=C:\Program Files\apache-maven-3.9.8 -Dlibrary.jansi.path=C:\Program Files\apache-maven-3.9.8\lib\jansi-native -Dmaven.multiModuleProjectDirectory=D:\Server 2 
java_command: org.codehaus.plexus.classworlds.launcher.Launcher spring-boot:run
java_class_path (initial): C:\Program Files\apache-maven-3.9.8\boot\plexus-classworlds-2.8.0.jar
Launcher Type: SUN_STANDARD

[Global flags]
     intx CICompilerCount                          = 4                                         {product} {ergonomic}
     uint ConcGCThreads                            = 3                                         {product} {ergonomic}
     uint G1ConcRefinementThreads                  = 10                                        {product} {ergonomic}
   size_t G1HeapRegionSize                         = 4194304                                   {product} {ergonomic}
    uintx GCDrainStackTargetSize                   = 64                                        {product} {ergonomic}
   size_t InitialHeapSize                          = 536870912                                 {product} {ergonomic}
   size_t MarkStackSize                            = 4194304                                   {product} {ergonomic}
   size_t MaxHeapSize                              = 8552185856                                {product} {ergonomic}
   size_t MaxNewSize                               = 5129633792                                {product} {ergonomic}
   size_t MinHeapDeltaBytes                        = 4194304                                   {product} {ergonomic}
   size_t MinHeapSize                              = 8388608                                   {product} {ergonomic}
    uintx NonNMethodCodeHeapSize                   = 5839372                                {pd product} {ergonomic}
    uintx NonProfiledCodeHeapSize                  = 122909434                              {pd product} {ergonomic}
    uintx ProfiledCodeHeapSize                     = 122909434                              {pd product} {ergonomic}
    uintx ReservedCodeCacheSize                    = 251658240                              {pd product} {ergonomic}
     bool SegmentedCodeCache                       = true                                      {product} {ergonomic}
   size_t SoftMaxHeapSize                          = 8552185856                             {manageable} {ergonomic}
     bool UseCompressedClassPointers               = true                           {product lp64_product} {ergonomic}
     bool UseCompressedOops                        = true                           {product lp64_product} {ergonomic}
     bool UseG1GC                                  = true                                      {product} {ergonomic}
     bool UseLargePagesIndividualAllocation        = false                                  {pd product} {ergonomic}

Logging:
Log output configuration:
 #0: stdout all=warning uptime,level,tags
 #1: stderr all=off uptime,level,tags

Environment Variables:
JAVA_HOME=C:\Program Files\Java\jdk-17
PATH=C:\Program Files\Common Files\Oracle\Java\javapath;C:\Windows\system32;C:\Windows;C:\Windows\System32\Wbem;C:\Windows\System32\WindowsPowerShell\v1.0\;C:\Windows\System32\OpenSSH\;C:\Program Files\Java\jdk-17\bin;C:\Program Files\Git\cmd;C:\Program Files\Git\usr\bin;C:\Windows\System32\OpenSSH;C:\Program Files\pg\bin;C:\Program Files\apache-maven-3.9.8\bin;C:\Program Files\nodejs\;D:\ffmpeg-7.1-essentials_build\bin;C:\ffmpeg-7.1-essentials_build\bin;C:\Users\Raman\AppData\Local\Microsoft\WindowsApps;C:\Program Files\JetBrains\IntelliJ IDEA Community Edition 2024.1.4\bin;;C:\Users\Raman\AppData\Roaming\npm;C:\Users\Raman\AppData\Local\Programs\Microsoft VS Code\bin;C:\Program Files\pg\bin;
USERNAME=Raman
OS=Windows_NT
PROCESSOR_IDENTIFIER=Intel64 Family 6 Model 151 Stepping 2, GenuineIntel



---------------  S Y S T E M  ---------------

OS:
 Windows 10 , 64 bit Build 19041 (10.0.19041.5678)
OS uptime: 1 days 16:14 hours

CPU: total 12 (initial active 12) (6 cores per cpu, 2 threads per core) family 6 model 151 stepping 2 microcode 0x34, cx8, cmov, fxsr, ht, mmx, 3dnowpref, sse, sse2, sse3, ssse3, sse4.1, sse4.2, popcnt, lzcnt, tsc, tscinvbit, avx, avx2, aes, erms, clmul, bmi1, bmi2, adx, sha, fma, vzeroupper, clflush, clflushopt, clwb

Memory: 4k page, system-wide physical 32621M (599M free)
TotalPageFile size 50040M (AvailPageFile size 91M)
current process WorkingSet (physical memory assigned to process): 581M, peak: 584M
current process commit charge ("private bytes"): 638M, peak: 734M

vm_info: Java HotSpot(TM) 64-Bit Server VM (17.0.10+11-LTS-240) for windows-amd64 JRE (17.0.10+11-LTS-240), built on Dec 19 2023 21:47:25 by "mach5one" with MS VC++ 17.1 (VS2022)

END.
