#
# There is insufficient memory for the Java Runtime Environment to continue.
# Native memory allocation (malloc) failed to allocate 1427136 bytes for Chunk::new
# Possible reasons:
#   The system is out of physical RAM or swap space
#   The process is running with CompressedOops enabled, and the Java Heap may be blocking the growth of the native heap
# Possible solutions:
#   Reduce memory load on the system
#   Increase physical memory or swap space
#   Check if swap backing store is full
#   Decrease Java heap size (-Xmx/-Xms)
#   Decrease number of Java threads
#   Decrease Java thread stack sizes (-Xss)
#   Set larger code cache with -XX:ReservedCodeCacheSize=
#   JVM is running with Zero Based Compressed Oops mode in which the Java heap is
#     placed in the first 32GB address space. The Java Heap base address is the
#     maximum limit for the native heap growth. Please use -XX:HeapBaseMinAddress
#     to set the Java Heap base and to place the Java Heap above 32GB virtual address.
# This output file may be truncated or incomplete.
#
#  Out of Memory Error (arena.cpp:189), pid=16852, tid=8676
#
# JRE version: Java(TM) SE Runtime Environment (17.0.10+11) (build 17.0.10+11-LTS-240)
# Java VM: Java HotSpot(TM) 64-Bit Server VM (17.0.10+11-LTS-240, mixed mode, sharing, tiered, compressed oops, compressed class ptrs, g1 gc, windows-amd64)
# No core dump will be written. Minidumps are not enabled by default on client versions of Windows
#

---------------  S U M M A R Y ------------

Command Line: -Dclassworlds.conf=C:\Program Files\apache-maven-3.9.8\bin\m2.conf -Dmaven.home=C:\Program Files\apache-maven-3.9.8 -Dlibrary.jansi.path=C:\Program Files\apache-maven-3.9.8\lib\jansi-native -Dmaven.multiModuleProjectDirectory=D:\Server 2 org.codehaus.plexus.classworlds.launcher.Launcher spring-boot:run

Host: 12th Gen Intel(R) Core(TM) i5-12400F, 12 cores, 31G,  Windows 10 , 64 bit Build 19041 (10.0.19041.5678)
Time: Fri Apr 11 11:20:38 2025 India Standard Time elapsed time: 2.867955 seconds (0d 0h 0m 2s)

---------------  T H R E A D  ---------------

Current thread (0x000001f0df3d0d40):  JavaThread "C2 CompilerThread0" daemon [_thread_in_native, id=8676, stack(0x0000004249c00000,0x0000004249d00000)]


Current CompileTask:
C2:   2867 5310   !   4       org.apache.maven.model.Model::clone (502 bytes)

Stack: [0x0000004249c00000,0x0000004249d00000]
Native frames: (J=compiled Java code, j=interpreted, Vv=VM code, C=native code)
V  [jvm.dll+0x677a5a]
V  [jvm.dll+0x7d8b2d]
V  [jvm.dll+0x7da48e]
V  [jvm.dll+0x7daaf3]
V  [jvm.dll+0x2455ff]
V  [jvm.dll+0xaaafb]
V  [jvm.dll+0xab09c]
V  [jvm.dll+0x2aafef]
V  [jvm.dll+0x57fd55]
V  [jvm.dll+0x220472]
V  [jvm.dll+0x219335]
V  [jvm.dll+0x216c79]
V  [jvm.dll+0x1a3410]
V  [jvm.dll+0x226aeb]
V  [jvm.dll+0x224cab]
V  [jvm.dll+0x78e45c]
V  [jvm.dll+0x78888a]
V  [jvm.dll+0x676935]
C  [ucrtbase.dll+0x21bb2]
C  [KERNEL32.DLL+0x17374]
C  [ntdll.dll+0x4cc91]


---------------  P R O C E S S  ---------------

Threads class SMR info:
_java_thread_list=0x000001f125cc48a0, length=15, elements={
0x000001f0b30f4b10, 0x000001f0df3b9730, 0x000001f0df3ba5b0, 0x000001f0df3ce310,
0x000001f0df3cecd0, 0x000001f0df3cf690, 0x000001f0df3d0050, 0x000001f0df3d0d40,
0x000001f0df3d9800, 0x000001f0dfb01f50, 0x000001f0dfc17110, 0x000001f0dfc22860,
0x000001f1250ba410, 0x000001f1252761d0, 0x000001f125c5c580
}

Java Threads: ( => current thread )
  0x000001f0b30f4b10 JavaThread "main" [_thread_in_vm, id=18672, stack(0x0000004248f00000,0x0000004249000000)]
  0x000001f0df3b9730 JavaThread "Reference Handler" daemon [_thread_blocked, id=6140, stack(0x0000004249600000,0x0000004249700000)]
  0x000001f0df3ba5b0 JavaThread "Finalizer" daemon [_thread_blocked, id=18408, stack(0x0000004249700000,0x0000004249800000)]
  0x000001f0df3ce310 JavaThread "Signal Dispatcher" daemon [_thread_blocked, id=14592, stack(0x0000004249800000,0x0000004249900000)]
  0x000001f0df3cecd0 JavaThread "Attach Listener" daemon [_thread_blocked, id=7952, stack(0x0000004249900000,0x0000004249a00000)]
  0x000001f0df3cf690 JavaThread "Service Thread" daemon [_thread_blocked, id=17160, stack(0x0000004249a00000,0x0000004249b00000)]
  0x000001f0df3d0050 JavaThread "Monitor Deflation Thread" daemon [_thread_blocked, id=2484, stack(0x0000004249b00000,0x0000004249c00000)]
=>0x000001f0df3d0d40 JavaThread "C2 CompilerThread0" daemon [_thread_in_native, id=8676, stack(0x0000004249c00000,0x0000004249d00000)]
  0x000001f0df3d9800 JavaThread "C1 CompilerThread0" daemon [_thread_blocked, id=14788, stack(0x0000004249d00000,0x0000004249e00000)]
  0x000001f0dfb01f50 JavaThread "Sweeper thread" daemon [_thread_blocked, id=4000, stack(0x0000004249e00000,0x0000004249f00000)]
  0x000001f0dfc17110 JavaThread "Notification Thread" daemon [_thread_blocked, id=7908, stack(0x0000004249f00000,0x000000424a000000)]
  0x000001f0dfc22860 JavaThread "Common-Cleaner" daemon [_thread_blocked, id=14536, stack(0x000000424a100000,0x000000424a200000)]
  0x000001f1250ba410 JavaThread "C2 CompilerThread1" daemon [_thread_in_vm, id=17828, stack(0x000000424a200000,0x000000424a300000)]
  0x000001f1252761d0 JavaThread "C2 CompilerThread2" daemon [_thread_in_native, id=18608, stack(0x000000424a300000,0x000000424a400000)]
  0x000001f125c5c580 JavaThread "Thread-1" daemon [_thread_blocked, id=9644, stack(0x000000424ad00000,0x000000424ae00000)]

Other Threads:
  0x000001f0df3b3350 VMThread "VM Thread" [stack: 0x0000004249500000,0x0000004249600000] [id=17388]
  0x000001f0b31bcb30 WatcherThread [stack: 0x000000424a000000,0x000000424a100000] [id=1752]
  0x000001f0b31a3af0 GCTaskThread "GC Thread#0" [stack: 0x0000004249000000,0x0000004249100000] [id=5728]
  0x000001f125684360 GCTaskThread "GC Thread#1" [stack: 0x000000424a400000,0x000000424a500000] [id=4692]
  0x000001f12575cd80 GCTaskThread "GC Thread#2" [stack: 0x000000424a500000,0x000000424a600000] [id=4928]
  0x000001f0dfd5b560 GCTaskThread "GC Thread#3" [stack: 0x000000424a600000,0x000000424a700000] [id=16836]
  0x000001f125a18d70 GCTaskThread "GC Thread#4" [stack: 0x000000424a700000,0x000000424a800000] [id=19192]
  0x000001f1253eda50 GCTaskThread "GC Thread#5" [stack: 0x000000424a800000,0x000000424a900000] [id=12124]
  0x000001f1258277f0 GCTaskThread "GC Thread#6" [stack: 0x000000424a900000,0x000000424aa00000] [id=12344]
  0x000001f125827ab0 GCTaskThread "GC Thread#7" [stack: 0x000000424aa00000,0x000000424ab00000] [id=17460]
  0x000001f125827d70 GCTaskThread "GC Thread#8" [stack: 0x000000424ab00000,0x000000424ac00000] [id=19060]
  0x000001f125998da0 GCTaskThread "GC Thread#9" [stack: 0x000000424ac00000,0x000000424ad00000] [id=18044]
  0x000001f0b31b4910 ConcurrentGCThread "G1 Main Marker" [stack: 0x0000004249100000,0x0000004249200000] [id=13032]
  0x000001f0b31b6ad0 ConcurrentGCThread "G1 Conc#0" [stack: 0x0000004249200000,0x0000004249300000] [id=8100]
  0x000001f0df2f01b0 ConcurrentGCThread "G1 Refine#0" [stack: 0x0000004249300000,0x0000004249400000] [id=18048]
  0x000001f0df2f0af0 ConcurrentGCThread "G1 Service" [stack: 0x0000004249400000,0x0000004249500000] [id=6592]

Threads with active compile tasks:
C2 CompilerThread0     2876 5310   !   4       org.apache.maven.model.Model::clone (502 bytes)
C2 CompilerThread1     2876 5434       4       java.lang.ClassLoader::checkName (37 bytes)
C2 CompilerThread2     2876 5422       4       org.codehaus.plexus.util.SelectorUtils::matchAntPathPattern (566 bytes)

VM state: not at safepoint (normal execution)

VM Mutex/Monitor currently owned by a thread: None

Heap address: 0x0000000602400000, size: 8156 MB, Compressed Oops mode: Zero based, Oop shift amount: 3

CDS archive(s) mapped at: [0x000001f0e0000000-0x000001f0e0bd0000-0x000001f0e0bd0000), size 12386304, SharedBaseAddress: 0x000001f0e0000000, ArchiveRelocationMode: 1.
Compressed class space mapped at: 0x000001f0e1000000-0x000001f121000000, reserved size: 1073741824
Narrow klass base: 0x000001f0e0000000, Narrow klass shift: 0, Narrow klass range: 0x100000000

GC Precious Log:
 CPUs: 12 total, 12 available
 Memory: 32621M
 Large Page Support: Disabled
 NUMA Support: Disabled
 Compressed Oops: Enabled (Zero based)
 Heap Region Size: 4M
 Heap Min Capacity: 8M
 Heap Initial Capacity: 512M
 Heap Max Capacity: 8156M
 Pre-touch: Disabled
 Parallel Workers: 10
 Concurrent Workers: 3
 Concurrent Refinement Workers: 10
 Periodic GC: Disabled

Heap:
 garbage-first heap   total 524288K, used 138334K [0x0000000602400000, 0x0000000800000000)
  region size 4096K, 34 young (139264K), 6 survivors (24576K)
 Metaspace       used 18826K, committed 19136K, reserved 1114112K
  class space    used 2097K, committed 2240K, reserved 1048576K

Heap Regions: E=young(eden), S=young(survivor), O=old, HS=humongous(starts), HC=humongous(continues), CS=collection set, F=free, OA=open archive, CA=closed archive, TAMS=top-at-mark-start (previous, next)
|   0|0x0000000602400000, 0x000000060279be00, 0x0000000602800000| 90%| O|  |TAMS 0x0000000602400000, 0x0000000602400000| Untracked 
|   1|0x0000000602800000, 0x0000000602800000, 0x0000000602c00000|  0%| F|  |TAMS 0x0000000602800000, 0x0000000602800000| Untracked 
|   2|0x0000000602c00000, 0x0000000602c00000, 0x0000000603000000|  0%| F|  |TAMS 0x0000000602c00000, 0x0000000602c00000| Untracked 
|   3|0x0000000603000000, 0x0000000603000000, 0x0000000603400000|  0%| F|  |TAMS 0x0000000603000000, 0x0000000603000000| Untracked 
|   4|0x0000000603400000, 0x0000000603400000, 0x0000000603800000|  0%| F|  |TAMS 0x0000000603400000, 0x0000000603400000| Untracked 
|   5|0x0000000603800000, 0x0000000603800000, 0x0000000603c00000|  0%| F|  |TAMS 0x0000000603800000, 0x0000000603800000| Untracked 
|   6|0x0000000603c00000, 0x0000000603c00000, 0x0000000604000000|  0%| F|  |TAMS 0x0000000603c00000, 0x0000000603c00000| Untracked 
|   7|0x0000000604000000, 0x0000000604000000, 0x0000000604400000|  0%| F|  |TAMS 0x0000000604000000, 0x0000000604000000| Untracked 
|   8|0x0000000604400000, 0x0000000604400000, 0x0000000604800000|  0%| F|  |TAMS 0x0000000604400000, 0x0000000604400000| Untracked 
|   9|0x0000000604800000, 0x0000000604800000, 0x0000000604c00000|  0%| F|  |TAMS 0x0000000604800000, 0x0000000604800000| Untracked 
|  10|0x0000000604c00000, 0x0000000604c00000, 0x0000000605000000|  0%| F|  |TAMS 0x0000000604c00000, 0x0000000604c00000| Untracked 
|  11|0x0000000605000000, 0x0000000605000000, 0x0000000605400000|  0%| F|  |TAMS 0x0000000605000000, 0x0000000605000000| Untracked 
|  12|0x0000000605400000, 0x0000000605400000, 0x0000000605800000|  0%| F|  |TAMS 0x0000000605400000, 0x0000000605400000| Untracked 
|  13|0x0000000605800000, 0x0000000605800000, 0x0000000605c00000|  0%| F|  |TAMS 0x0000000605800000, 0x0000000605800000| Untracked 
|  14|0x0000000605c00000, 0x0000000605c00000, 0x0000000606000000|  0%| F|  |TAMS 0x0000000605c00000, 0x0000000605c00000| Untracked 
|  15|0x0000000606000000, 0x0000000606000000, 0x0000000606400000|  0%| F|  |TAMS 0x0000000606000000, 0x0000000606000000| Untracked 
|  16|0x0000000606400000, 0x0000000606400000, 0x0000000606800000|  0%| F|  |TAMS 0x0000000606400000, 0x0000000606400000| Untracked 
|  17|0x0000000606800000, 0x0000000606800000, 0x0000000606c00000|  0%| F|  |TAMS 0x0000000606800000, 0x0000000606800000| Untracked 
|  18|0x0000000606c00000, 0x0000000606c00000, 0x0000000607000000|  0%| F|  |TAMS 0x0000000606c00000, 0x0000000606c00000| Untracked 
|  19|0x0000000607000000, 0x0000000607000000, 0x0000000607400000|  0%| F|  |TAMS 0x0000000607000000, 0x0000000607000000| Untracked 
|  20|0x0000000607400000, 0x0000000607400000, 0x0000000607800000|  0%| F|  |TAMS 0x0000000607400000, 0x0000000607400000| Untracked 
|  21|0x0000000607800000, 0x0000000607800000, 0x0000000607c00000|  0%| F|  |TAMS 0x0000000607800000, 0x0000000607800000| Untracked 
|  22|0x0000000607c00000, 0x0000000607c00000, 0x0000000608000000|  0%| F|  |TAMS 0x0000000607c00000, 0x0000000607c00000| Untracked 
|  23|0x0000000608000000, 0x0000000608000000, 0x0000000608400000|  0%| F|  |TAMS 0x0000000608000000, 0x0000000608000000| Untracked 
|  24|0x0000000608400000, 0x0000000608400000, 0x0000000608800000|  0%| F|  |TAMS 0x0000000608400000, 0x0000000608400000| Untracked 
|  25|0x0000000608800000, 0x0000000608800000, 0x0000000608c00000|  0%| F|  |TAMS 0x0000000608800000, 0x0000000608800000| Untracked 
|  26|0x0000000608c00000, 0x0000000608c00000, 0x0000000609000000|  0%| F|  |TAMS 0x0000000608c00000, 0x0000000608c00000| Untracked 
|  27|0x0000000609000000, 0x0000000609000000, 0x0000000609400000|  0%| F|  |TAMS 0x0000000609000000, 0x0000000609000000| Untracked 
|  28|0x0000000609400000, 0x0000000609400000, 0x0000000609800000|  0%| F|  |TAMS 0x0000000609400000, 0x0000000609400000| Untracked 
|  29|0x0000000609800000, 0x0000000609800000, 0x0000000609c00000|  0%| F|  |TAMS 0x0000000609800000, 0x0000000609800000| Untracked 
|  30|0x0000000609c00000, 0x0000000609c00000, 0x000000060a000000|  0%| F|  |TAMS 0x0000000609c00000, 0x0000000609c00000| Untracked 
|  31|0x000000060a000000, 0x000000060a000000, 0x000000060a400000|  0%| F|  |TAMS 0x000000060a000000, 0x000000060a000000| Untracked 
|  32|0x000000060a400000, 0x000000060a400000, 0x000000060a800000|  0%| F|  |TAMS 0x000000060a400000, 0x000000060a400000| Untracked 
|  33|0x000000060a800000, 0x000000060a800000, 0x000000060ac00000|  0%| F|  |TAMS 0x000000060a800000, 0x000000060a800000| Untracked 
|  34|0x000000060ac00000, 0x000000060ac00000, 0x000000060b000000|  0%| F|  |TAMS 0x000000060ac00000, 0x000000060ac00000| Untracked 
|  35|0x000000060b000000, 0x000000060b000000, 0x000000060b400000|  0%| F|  |TAMS 0x000000060b000000, 0x000000060b000000| Untracked 
|  36|0x000000060b400000, 0x000000060b400000, 0x000000060b800000|  0%| F|  |TAMS 0x000000060b400000, 0x000000060b400000| Untracked 
|  37|0x000000060b800000, 0x000000060b800000, 0x000000060bc00000|  0%| F|  |TAMS 0x000000060b800000, 0x000000060b800000| Untracked 
|  38|0x000000060bc00000, 0x000000060bc00000, 0x000000060c000000|  0%| F|  |TAMS 0x000000060bc00000, 0x000000060bc00000| Untracked 
|  39|0x000000060c000000, 0x000000060c000000, 0x000000060c400000|  0%| F|  |TAMS 0x000000060c000000, 0x000000060c000000| Untracked 
|  40|0x000000060c400000, 0x000000060c400000, 0x000000060c800000|  0%| F|  |TAMS 0x000000060c400000, 0x000000060c400000| Untracked 
|  41|0x000000060c800000, 0x000000060c800000, 0x000000060cc00000|  0%| F|  |TAMS 0x000000060c800000, 0x000000060c800000| Untracked 
|  42|0x000000060cc00000, 0x000000060cc00000, 0x000000060d000000|  0%| F|  |TAMS 0x000000060cc00000, 0x000000060cc00000| Untracked 
|  43|0x000000060d000000, 0x000000060d000000, 0x000000060d400000|  0%| F|  |TAMS 0x000000060d000000, 0x000000060d000000| Untracked 
|  44|0x000000060d400000, 0x000000060d400000, 0x000000060d800000|  0%| F|  |TAMS 0x000000060d400000, 0x000000060d400000| Untracked 
|  45|0x000000060d800000, 0x000000060d800000, 0x000000060dc00000|  0%| F|  |TAMS 0x000000060d800000, 0x000000060d800000| Untracked 
|  46|0x000000060dc00000, 0x000000060dc00000, 0x000000060e000000|  0%| F|  |TAMS 0x000000060dc00000, 0x000000060dc00000| Untracked 
|  47|0x000000060e000000, 0x000000060e000000, 0x000000060e400000|  0%| F|  |TAMS 0x000000060e000000, 0x000000060e000000| Untracked 
|  48|0x000000060e400000, 0x000000060e400000, 0x000000060e800000|  0%| F|  |TAMS 0x000000060e400000, 0x000000060e400000| Untracked 
|  49|0x000000060e800000, 0x000000060e800000, 0x000000060ec00000|  0%| F|  |TAMS 0x000000060e800000, 0x000000060e800000| Untracked 
|  50|0x000000060ec00000, 0x000000060ec00000, 0x000000060f000000|  0%| F|  |TAMS 0x000000060ec00000, 0x000000060ec00000| Untracked 
|  51|0x000000060f000000, 0x000000060f000000, 0x000000060f400000|  0%| F|  |TAMS 0x000000060f000000, 0x000000060f000000| Untracked 
|  52|0x000000060f400000, 0x000000060f400000, 0x000000060f800000|  0%| F|  |TAMS 0x000000060f400000, 0x000000060f400000| Untracked 
|  53|0x000000060f800000, 0x000000060f800000, 0x000000060fc00000|  0%| F|  |TAMS 0x000000060f800000, 0x000000060f800000| Untracked 
|  54|0x000000060fc00000, 0x000000060fc00000, 0x0000000610000000|  0%| F|  |TAMS 0x000000060fc00000, 0x000000060fc00000| Untracked 
|  55|0x0000000610000000, 0x0000000610000000, 0x0000000610400000|  0%| F|  |TAMS 0x0000000610000000, 0x0000000610000000| Untracked 
|  56|0x0000000610400000, 0x0000000610400000, 0x0000000610800000|  0%| F|  |TAMS 0x0000000610400000, 0x0000000610400000| Untracked 
|  57|0x0000000610800000, 0x0000000610800000, 0x0000000610c00000|  0%| F|  |TAMS 0x0000000610800000, 0x0000000610800000| Untracked 
|  58|0x0000000610c00000, 0x0000000610c00000, 0x0000000611000000|  0%| F|  |TAMS 0x0000000610c00000, 0x0000000610c00000| Untracked 
|  59|0x0000000611000000, 0x0000000611000000, 0x0000000611400000|  0%| F|  |TAMS 0x0000000611000000, 0x0000000611000000| Untracked 
|  60|0x0000000611400000, 0x0000000611400000, 0x0000000611800000|  0%| F|  |TAMS 0x0000000611400000, 0x0000000611400000| Untracked 
|  61|0x0000000611800000, 0x0000000611800000, 0x0000000611c00000|  0%| F|  |TAMS 0x0000000611800000, 0x0000000611800000| Untracked 
|  62|0x0000000611c00000, 0x0000000611c00000, 0x0000000612000000|  0%| F|  |TAMS 0x0000000611c00000, 0x0000000611c00000| Untracked 
|  63|0x0000000612000000, 0x0000000612000000, 0x0000000612400000|  0%| F|  |TAMS 0x0000000612000000, 0x0000000612000000| Untracked 
|  64|0x0000000612400000, 0x0000000612400000, 0x0000000612800000|  0%| F|  |TAMS 0x0000000612400000, 0x0000000612400000| Untracked 
|  65|0x0000000612800000, 0x0000000612800000, 0x0000000612c00000|  0%| F|  |TAMS 0x0000000612800000, 0x0000000612800000| Untracked 
|  66|0x0000000612c00000, 0x0000000612c00000, 0x0000000613000000|  0%| F|  |TAMS 0x0000000612c00000, 0x0000000612c00000| Untracked 
|  67|0x0000000613000000, 0x0000000613000000, 0x0000000613400000|  0%| F|  |TAMS 0x0000000613000000, 0x0000000613000000| Untracked 
|  68|0x0000000613400000, 0x0000000613400000, 0x0000000613800000|  0%| F|  |TAMS 0x0000000613400000, 0x0000000613400000| Untracked 
|  69|0x0000000613800000, 0x0000000613800000, 0x0000000613c00000|  0%| F|  |TAMS 0x0000000613800000, 0x0000000613800000| Untracked 
|  70|0x0000000613c00000, 0x0000000613c00000, 0x0000000614000000|  0%| F|  |TAMS 0x0000000613c00000, 0x0000000613c00000| Untracked 
|  71|0x0000000614000000, 0x0000000614000000, 0x0000000614400000|  0%| F|  |TAMS 0x0000000614000000, 0x0000000614000000| Untracked 
|  72|0x0000000614400000, 0x0000000614400000, 0x0000000614800000|  0%| F|  |TAMS 0x0000000614400000, 0x0000000614400000| Untracked 
|  73|0x0000000614800000, 0x0000000614800000, 0x0000000614c00000|  0%| F|  |TAMS 0x0000000614800000, 0x0000000614800000| Untracked 
|  74|0x0000000614c00000, 0x0000000614c00000, 0x0000000615000000|  0%| F|  |TAMS 0x0000000614c00000, 0x0000000614c00000| Untracked 
|  75|0x0000000615000000, 0x0000000615000000, 0x0000000615400000|  0%| F|  |TAMS 0x0000000615000000, 0x0000000615000000| Untracked 
|  76|0x0000000615400000, 0x000000061577bd80, 0x0000000615800000| 87%| S|CS|TAMS 0x0000000615400000, 0x0000000615400000| Complete 
|  77|0x0000000615800000, 0x0000000615c00000, 0x0000000615c00000|100%| S|CS|TAMS 0x0000000615800000, 0x0000000615800000| Complete 
|  78|0x0000000615c00000, 0x0000000616000000, 0x0000000616000000|100%| S|CS|TAMS 0x0000000615c00000, 0x0000000615c00000| Complete 
|  79|0x0000000616000000, 0x0000000616400000, 0x0000000616400000|100%| S|CS|TAMS 0x0000000616000000, 0x0000000616000000| Complete 
|  80|0x0000000616400000, 0x0000000616800000, 0x0000000616800000|100%| S|CS|TAMS 0x0000000616400000, 0x0000000616400000| Complete 
|  81|0x0000000616800000, 0x0000000616c00000, 0x0000000616c00000|100%| S|CS|TAMS 0x0000000616800000, 0x0000000616800000| Complete 
|  82|0x0000000616c00000, 0x0000000616c00000, 0x0000000617000000|  0%| F|  |TAMS 0x0000000616c00000, 0x0000000616c00000| Untracked 
|  83|0x0000000617000000, 0x0000000617000000, 0x0000000617400000|  0%| F|  |TAMS 0x0000000617000000, 0x0000000617000000| Untracked 
|  84|0x0000000617400000, 0x0000000617400000, 0x0000000617800000|  0%| F|  |TAMS 0x0000000617400000, 0x0000000617400000| Untracked 
|  85|0x0000000617800000, 0x0000000617800000, 0x0000000617c00000|  0%| F|  |TAMS 0x0000000617800000, 0x0000000617800000| Untracked 
|  86|0x0000000617c00000, 0x0000000617c00000, 0x0000000618000000|  0%| F|  |TAMS 0x0000000617c00000, 0x0000000617c00000| Untracked 
|  87|0x0000000618000000, 0x0000000618000000, 0x0000000618400000|  0%| F|  |TAMS 0x0000000618000000, 0x0000000618000000| Untracked 
|  88|0x0000000618400000, 0x0000000618400000, 0x0000000618800000|  0%| F|  |TAMS 0x0000000618400000, 0x0000000618400000| Untracked 
|  89|0x0000000618800000, 0x0000000618800000, 0x0000000618c00000|  0%| F|  |TAMS 0x0000000618800000, 0x0000000618800000| Untracked 
|  90|0x0000000618c00000, 0x0000000618c00000, 0x0000000619000000|  0%| F|  |TAMS 0x0000000618c00000, 0x0000000618c00000| Untracked 
|  91|0x0000000619000000, 0x0000000619000000, 0x0000000619400000|  0%| F|  |TAMS 0x0000000619000000, 0x0000000619000000| Untracked 
|  92|0x0000000619400000, 0x0000000619400000, 0x0000000619800000|  0%| F|  |TAMS 0x0000000619400000, 0x0000000619400000| Untracked 
|  93|0x0000000619800000, 0x0000000619800000, 0x0000000619c00000|  0%| F|  |TAMS 0x0000000619800000, 0x0000000619800000| Untracked 
|  94|0x0000000619c00000, 0x0000000619c00000, 0x000000061a000000|  0%| F|  |TAMS 0x0000000619c00000, 0x0000000619c00000| Untracked 
|  95|0x000000061a000000, 0x000000061a000000, 0x000000061a400000|  0%| F|  |TAMS 0x000000061a000000, 0x000000061a000000| Untracked 
|  96|0x000000061a400000, 0x000000061a400000, 0x000000061a800000|  0%| F|  |TAMS 0x000000061a400000, 0x000000061a400000| Untracked 
|  97|0x000000061a800000, 0x000000061a800000, 0x000000061ac00000|  0%| F|  |TAMS 0x000000061a800000, 0x000000061a800000| Untracked 
|  98|0x000000061ac00000, 0x000000061ac00000, 0x000000061b000000|  0%| F|  |TAMS 0x000000061ac00000, 0x000000061ac00000| Untracked 
|  99|0x000000061b000000, 0x000000061b000000, 0x000000061b400000|  0%| F|  |TAMS 0x000000061b000000, 0x000000061b000000| Untracked 
| 100|0x000000061b400000, 0x000000061b800000, 0x000000061b800000|100%| E|  |TAMS 0x000000061b400000, 0x000000061b400000| Complete 
| 101|0x000000061b800000, 0x000000061bc00000, 0x000000061bc00000|100%| E|CS|TAMS 0x000000061b800000, 0x000000061b800000| Complete 
| 102|0x000000061bc00000, 0x000000061c000000, 0x000000061c000000|100%| E|CS|TAMS 0x000000061bc00000, 0x000000061bc00000| Complete 
| 103|0x000000061c000000, 0x000000061c400000, 0x000000061c400000|100%| E|CS|TAMS 0x000000061c000000, 0x000000061c000000| Complete 
| 104|0x000000061c400000, 0x000000061c800000, 0x000000061c800000|100%| E|CS|TAMS 0x000000061c400000, 0x000000061c400000| Complete 
| 105|0x000000061c800000, 0x000000061cc00000, 0x000000061cc00000|100%| E|CS|TAMS 0x000000061c800000, 0x000000061c800000| Complete 
| 106|0x000000061cc00000, 0x000000061d000000, 0x000000061d000000|100%| E|CS|TAMS 0x000000061cc00000, 0x000000061cc00000| Complete 
| 107|0x000000061d000000, 0x000000061d400000, 0x000000061d400000|100%| E|CS|TAMS 0x000000061d000000, 0x000000061d000000| Complete 
| 108|0x000000061d400000, 0x000000061d800000, 0x000000061d800000|100%| E|CS|TAMS 0x000000061d400000, 0x000000061d400000| Complete 
| 109|0x000000061d800000, 0x000000061dc00000, 0x000000061dc00000|100%| E|CS|TAMS 0x000000061d800000, 0x000000061d800000| Complete 
| 110|0x000000061dc00000, 0x000000061e000000, 0x000000061e000000|100%| E|CS|TAMS 0x000000061dc00000, 0x000000061dc00000| Complete 
| 111|0x000000061e000000, 0x000000061e400000, 0x000000061e400000|100%| E|CS|TAMS 0x000000061e000000, 0x000000061e000000| Complete 
| 112|0x000000061e400000, 0x000000061e800000, 0x000000061e800000|100%| E|CS|TAMS 0x000000061e400000, 0x000000061e400000| Complete 
| 113|0x000000061e800000, 0x000000061ec00000, 0x000000061ec00000|100%| E|CS|TAMS 0x000000061e800000, 0x000000061e800000| Complete 
| 114|0x000000061ec00000, 0x000000061f000000, 0x000000061f000000|100%| E|CS|TAMS 0x000000061ec00000, 0x000000061ec00000| Complete 
| 115|0x000000061f000000, 0x000000061f400000, 0x000000061f400000|100%| E|CS|TAMS 0x000000061f000000, 0x000000061f000000| Complete 
| 116|0x000000061f400000, 0x000000061f800000, 0x000000061f800000|100%| E|CS|TAMS 0x000000061f400000, 0x000000061f400000| Complete 
| 117|0x000000061f800000, 0x000000061fc00000, 0x000000061fc00000|100%| E|CS|TAMS 0x000000061f800000, 0x000000061f800000| Complete 
| 118|0x000000061fc00000, 0x0000000620000000, 0x0000000620000000|100%| E|CS|TAMS 0x000000061fc00000, 0x000000061fc00000| Complete 
| 119|0x0000000620000000, 0x0000000620400000, 0x0000000620400000|100%| E|CS|TAMS 0x0000000620000000, 0x0000000620000000| Complete 
| 120|0x0000000620400000, 0x0000000620800000, 0x0000000620800000|100%| E|CS|TAMS 0x0000000620400000, 0x0000000620400000| Complete 
| 121|0x0000000620800000, 0x0000000620c00000, 0x0000000620c00000|100%| E|CS|TAMS 0x0000000620800000, 0x0000000620800000| Complete 
| 122|0x0000000620c00000, 0x0000000621000000, 0x0000000621000000|100%| E|CS|TAMS 0x0000000620c00000, 0x0000000620c00000| Complete 
| 123|0x0000000621000000, 0x0000000621400000, 0x0000000621400000|100%| E|CS|TAMS 0x0000000621000000, 0x0000000621000000| Complete 
| 124|0x0000000621400000, 0x0000000621800000, 0x0000000621800000|100%| E|CS|TAMS 0x0000000621400000, 0x0000000621400000| Complete 
| 125|0x0000000621800000, 0x0000000621c00000, 0x0000000621c00000|100%| E|CS|TAMS 0x0000000621800000, 0x0000000621800000| Complete 
| 126|0x0000000621c00000, 0x0000000622000000, 0x0000000622000000|100%| E|CS|TAMS 0x0000000621c00000, 0x0000000621c00000| Complete 
| 127|0x0000000622000000, 0x0000000622400000, 0x0000000622400000|100%| E|CS|TAMS 0x0000000622000000, 0x0000000622000000| Complete 

Card table byte_map: [0x000001f0caef0000,0x000001f0cbee0000] _byte_map_base: 0x000001f0c7ede000

Marking Bits (Prev, Next): (CMBitMap*) 0x000001f0b31a4110, (CMBitMap*) 0x000001f0b31a4150
 Prev Bits: [0x000001f0cced0000, 0x000001f0d4e40000)
 Next Bits: [0x000001f0d4e40000, 0x000001f0dcdb0000)

Polling page: 0x000001f0b1070000

Metaspace:

Usage:
  Non-class:     16.39 MB used.
      Class:      2.05 MB used.
       Both:     18.44 MB used.

Virtual space:
  Non-class space:       64.00 MB reserved,      16.50 MB ( 26%) committed,  1 nodes.
      Class space:        1.00 GB reserved,       2.19 MB ( <1%) committed,  1 nodes.
             Both:        1.06 GB reserved,      18.69 MB (  2%) committed. 

Chunk freelists:
   Non-Class:  15.38 MB
       Class:  13.70 MB
        Both:  29.07 MB

MaxMetaspaceSize: unlimited
CompressedClassSpaceSize: 1.00 GB
Initial GC threshold: 21.00 MB
Current GC threshold: 21.00 MB
CDS: on
MetaspaceReclaimPolicy: balanced
 - commit_granule_bytes: 65536.
 - commit_granule_words: 8192.
 - virtual_space_node_default_size: 8388608.
 - enlarge_chunks_in_place: 1.
 - new_chunks_are_fully_committed: 0.
 - uncommit_free_chunks: 1.
 - use_allocation_guard: 0.
 - handle_deallocations: 1.


Internal statistics:

num_allocs_failed_limit: 0.
num_arena_births: 138.
num_arena_deaths: 0.
num_vsnodes_births: 2.
num_vsnodes_deaths: 0.
num_space_committed: 299.
num_space_uncommitted: 0.
num_chunks_returned_to_freelist: 0.
num_chunks_taken_from_freelist: 816.
num_chunk_merges: 0.
num_chunk_splits: 550.
num_chunks_enlarged: 438.
num_inconsistent_stats: 0.

CodeHeap 'non-profiled nmethods': size=120000Kb used=3195Kb max_used=3317Kb free=116804Kb
 bounds [0x000001f0c2480000, 0x000001f0c27e0000, 0x000001f0c99b0000]
CodeHeap 'profiled nmethods': size=120000Kb used=9970Kb max_used=11260Kb free=110029Kb
 bounds [0x000001f0ba9b0000, 0x000001f0bb4b0000, 0x000001f0c1ee0000]
CodeHeap 'non-nmethods': size=5760Kb used=1192Kb max_used=1267Kb free=4567Kb
 bounds [0x000001f0c1ee0000, 0x000001f0c2150000, 0x000001f0c2480000]
 total_blobs=5168 nmethods=4682 adapters=398
 compilation: enabled
              stopped_count=0, restarted_count=0
 full_count=0

Compilation events (20 events):
Event: 2.856 Thread 0x000001f0df3d9800 5424       3       org.codehaus.plexus.compiler.util.scan.mapping.SuffixMapping::getTargetFiles (111 bytes)
Event: 2.857 Thread 0x000001f0df3d9800 nmethod 5424 0x000001f0baece690 code [0x000001f0baece9e0, 0x000001f0baecff78]
Event: 2.857 Thread 0x000001f0df3d9800 5425       3       java.io.OutputStream::flush (1 bytes)
Event: 2.857 Thread 0x000001f1250ba410 nmethod 5412 0x000001f0c2539f90 code [0x000001f0c253a120, 0x000001f0c253a398]
Event: 2.857 Thread 0x000001f0df3d9800 nmethod 5425 0x000001f0bae97290 code [0x000001f0bae97420, 0x000001f0bae97538]
Event: 2.857 Thread 0x000001f1250ba410 5417       4       java.util.StringTokenizer::<init> (52 bytes)
Event: 2.857 Thread 0x000001f0df3d9800 5426       3       java.util.LinkedList$Node::<init> (20 bytes)
Event: 2.857 Thread 0x000001f0df3d9800 nmethod 5426 0x000001f0baeb0710 code [0x000001f0baeb08c0, 0x000001f0baeb0b58]
Event: 2.861 Thread 0x000001f1250ba410 nmethod 5417 0x000001f0c25b8310 code [0x000001f0c25b84a0, 0x000001f0c25b8928]
Event: 2.861 Thread 0x000001f1250ba410 5423       4       org.codehaus.plexus.util.SelectorUtils::matchPath (129 bytes)
Event: 2.863 Thread 0x000001f0df3d9800 5427       1       org.apache.maven.shared.incremental.IncrementalBuildHelperRequest::getOutputDirectory (5 bytes)
Event: 2.863 Thread 0x000001f0df3d9800 nmethod 5427 0x000001f0c25b7e90 code [0x000001f0c25b8020, 0x000001f0c25b80f8]
Event: 2.864 Thread 0x000001f1250ba410 nmethod 5423 0x000001f0c25d9010 code [0x000001f0c25d91a0, 0x000001f0c25d93a8]
Event: 2.864 Thread 0x000001f1250ba410 5404  s    4       java.util.Vector::addElement (24 bytes)
Event: 2.865 Thread 0x000001f0df3d9800 5428       3       java.io.File::delete (33 bytes)
Event: 2.866 Thread 0x000001f0df3d9800 nmethod 5428 0x000001f0baeaff10 code [0x000001f0baeb0100, 0x000001f0baeb05a8]
Event: 2.866 Thread 0x000001f0df3d9800 5429       3       java.io.WinNTFileSystem::delete (32 bytes)
Event: 2.866 Thread 0x000001f0df3d9800 nmethod 5429 0x000001f0baeafb10 code [0x000001f0baeafcc0, 0x000001f0baeafe28]
Event: 2.866 Thread 0x000001f1250ba410 nmethod 5404 0x000001f0c267a890 code [0x000001f0c267aa20, 0x000001f0c267ae28]
Event: 2.866 Thread 0x000001f1250ba410 5430       4       java.io.WinNTFileSystem::prefixLength (91 bytes)

GC Heap History (8 events):
Event: 0.307 GC heap before
{Heap before GC invocations=0 (full 0):
 garbage-first heap   total 524288K, used 24576K [0x0000000602400000, 0x0000000800000000)
  region size 4096K, 6 young (24576K), 0 survivors (0K)
 Metaspace       used 5516K, committed 5696K, reserved 1114112K
  class space    used 669K, committed 768K, reserved 1048576K
}
Event: 0.309 GC heap after
{Heap after GC invocations=1 (full 0):
 garbage-first heap   total 524288K, used 3836K [0x0000000602400000, 0x0000000800000000)
  region size 4096K, 1 young (4096K), 1 survivors (4096K)
 Metaspace       used 5516K, committed 5696K, reserved 1114112K
  class space    used 669K, committed 768K, reserved 1048576K
}
Event: 0.527 GC heap before
{Heap before GC invocations=1 (full 0):
 garbage-first heap   total 524288K, used 28412K [0x0000000602400000, 0x0000000800000000)
  region size 4096K, 7 young (28672K), 1 survivors (4096K)
 Metaspace       used 8810K, committed 9024K, reserved 1114112K
  class space    used 1068K, committed 1152K, reserved 1048576K
}
Event: 0.529 GC heap after
{Heap after GC invocations=2 (full 0):
 garbage-first heap   total 524288K, used 4872K [0x0000000602400000, 0x0000000800000000)
  region size 4096K, 1 young (4096K), 1 survivors (4096K)
 Metaspace       used 8810K, committed 9024K, reserved 1114112K
  class space    used 1068K, committed 1152K, reserved 1048576K
}
Event: 1.131 GC heap before
{Heap before GC invocations=2 (full 0):
 garbage-first heap   total 524288K, used 66312K [0x0000000602400000, 0x0000000800000000)
  region size 4096K, 16 young (65536K), 1 survivors (4096K)
 Metaspace       used 15281K, committed 15488K, reserved 1114112K
  class space    used 1834K, committed 1920K, reserved 1048576K
}
Event: 1.134 GC heap after
{Heap after GC invocations=3 (full 0):
 garbage-first heap   total 524288K, used 11887K [0x0000000602400000, 0x0000000800000000)
  region size 4096K, 2 young (8192K), 2 survivors (8192K)
 Metaspace       used 15281K, committed 15488K, reserved 1114112K
  class space    used 1834K, committed 1920K, reserved 1048576K
}
Event: 2.116 GC heap before
{Heap before GC invocations=3 (full 0):
 garbage-first heap   total 524288K, used 192111K [0x0000000602400000, 0x0000000800000000)
  region size 4096K, 46 young (188416K), 2 survivors (8192K)
 Metaspace       used 16668K, committed 16896K, reserved 1114112K
  class space    used 1889K, committed 1984K, reserved 1048576K
}
Event: 2.124 GC heap after
{Heap after GC invocations=4 (full 0):
 garbage-first heap   total 524288K, used 27742K [0x0000000602400000, 0x0000000800000000)
  region size 4096K, 6 young (24576K), 6 survivors (24576K)
 Metaspace       used 16668K, committed 16896K, reserved 1114112K
  class space    used 1889K, committed 1984K, reserved 1048576K
}

Deoptimization events (20 events):
Event: 2.860 Thread 0x000001f0b30f4b10 Uncommon trap: trap_request=0xffffffc6 fr.pc=0x000001f0c26b8fc0 relative=0x0000000000002540
Event: 2.860 Thread 0x000001f0b30f4b10 Uncommon trap: reason=bimorphic_or_optimized_type_check action=maybe_recompile pc=0x000001f0c26b8fc0 method=java.nio.charset.CharsetDecoder.decode(Ljava/nio/ByteBuffer;Ljava/nio/CharBuffer;Z)Ljava/nio/charset/CoderResult; @ 57 c2
Event: 2.860 Thread 0x000001f0b30f4b10 DEOPT PACKING pc=0x000001f0c26b8fc0 sp=0x0000004248ffd790
Event: 2.860 Thread 0x000001f0b30f4b10 DEOPT UNPACKING pc=0x000001f0c1f323a3 sp=0x0000004248ffd640 mode 2
Event: 2.860 Thread 0x000001f0b30f4b10 Uncommon trap: trap_request=0xffffffc6 fr.pc=0x000001f0c27a14a0 relative=0x00000000000038e0
Event: 2.860 Thread 0x000001f0b30f4b10 Uncommon trap: reason=bimorphic_or_optimized_type_check action=maybe_recompile pc=0x000001f0c27a14a0 method=java.io.BufferedReader.fill()V @ 145 c2
Event: 2.860 Thread 0x000001f0b30f4b10 DEOPT PACKING pc=0x000001f0c27a14a0 sp=0x0000004248ffd8e0
Event: 2.860 Thread 0x000001f0b30f4b10 DEOPT UNPACKING pc=0x000001f0c1f323a3 sp=0x0000004248ffd880 mode 2
Event: 2.860 Thread 0x000001f0b30f4b10 Uncommon trap: trap_request=0xffffffc6 fr.pc=0x000001f0c26b8fc0 relative=0x0000000000002540
Event: 2.860 Thread 0x000001f0b30f4b10 Uncommon trap: reason=bimorphic_or_optimized_type_check action=maybe_recompile pc=0x000001f0c26b8fc0 method=java.nio.charset.CharsetDecoder.decode(Ljava/nio/ByteBuffer;Ljava/nio/CharBuffer;Z)Ljava/nio/charset/CoderResult; @ 57 c2
Event: 2.860 Thread 0x000001f0b30f4b10 DEOPT PACKING pc=0x000001f0c26b8fc0 sp=0x0000004248ffd790
Event: 2.860 Thread 0x000001f0b30f4b10 DEOPT UNPACKING pc=0x000001f0c1f323a3 sp=0x0000004248ffd640 mode 2
Event: 2.860 Thread 0x000001f0b30f4b10 Uncommon trap: trap_request=0xffffffc6 fr.pc=0x000001f0c27a14a0 relative=0x00000000000038e0
Event: 2.860 Thread 0x000001f0b30f4b10 Uncommon trap: reason=bimorphic_or_optimized_type_check action=maybe_recompile pc=0x000001f0c27a14a0 method=java.io.BufferedReader.fill()V @ 145 c2
Event: 2.860 Thread 0x000001f0b30f4b10 DEOPT PACKING pc=0x000001f0c27a14a0 sp=0x0000004248ffd8e0
Event: 2.860 Thread 0x000001f0b30f4b10 DEOPT UNPACKING pc=0x000001f0c1f323a3 sp=0x0000004248ffd880 mode 2
Event: 2.860 Thread 0x000001f0b30f4b10 Uncommon trap: trap_request=0xffffffc6 fr.pc=0x000001f0c26b8fc0 relative=0x0000000000002540
Event: 2.860 Thread 0x000001f0b30f4b10 Uncommon trap: reason=bimorphic_or_optimized_type_check action=maybe_recompile pc=0x000001f0c26b8fc0 method=java.nio.charset.CharsetDecoder.decode(Ljava/nio/ByteBuffer;Ljava/nio/CharBuffer;Z)Ljava/nio/charset/CoderResult; @ 57 c2
Event: 2.860 Thread 0x000001f0b30f4b10 DEOPT PACKING pc=0x000001f0c26b8fc0 sp=0x0000004248ffd790
Event: 2.860 Thread 0x000001f0b30f4b10 DEOPT UNPACKING pc=0x000001f0c1f323a3 sp=0x0000004248ffd640 mode 2

Classes unloaded (0 events):
No events

Classes redefined (0 events):
No events

Internal exceptions (20 events):
Event: 0.635 Thread 0x000001f0b30f4b10 Exception <a 'java/lang/NoSuchMethodError'{0x000000062199fd88}: 'java.lang.Object java.lang.invoke.Invokers$Holder.invokeExact_MT(java.lang.Object, int, java.lang.Object)'> (0x000000062199fd88) 
thrown [s\open\src\hotspot\share\interpreter\linkResolver.cpp, line 759]
Event: 0.641 Thread 0x000001f0b30f4b10 Exception <a 'java/lang/NoSuchMethodError'{0x0000000621a22928}: 'int java.lang.invoke.DirectMethodHandle$Holder.invokeSpecial(java.lang.Object, java.lang.Object, java.lang.Object, java.lang.Object)'> (0x0000000621a22928) 
thrown [s\open\src\hotspot\share\interpreter\linkResolver.cpp, line 759]
Event: 0.746 Thread 0x000001f0b30f4b10 Exception <a 'java/lang/NoClassDefFoundError'{0x000000062123a488}: com/google/inject/servlet/ServletModuleTargetVisitor> (0x000000062123a488) 
thrown [s\open\src\hotspot\share\classfile\systemDictionary.cpp, line 245]
Event: 0.772 Thread 0x000001f0b30f4b10 Exception <a 'java/lang/NoSuchMethodError'{0x00000006213cc358}: 'void java.lang.invoke.DirectMethodHandle$Holder.invokeVirtual(java.lang.Object, java.lang.Object)'> (0x00000006213cc358) 
thrown [s\open\src\hotspot\share\interpreter\linkResolver.cpp, line 759]
Event: 0.782 Thread 0x000001f0b30f4b10 Exception <a 'java/lang/NoSuchMethodError'{0x0000000620c44e58}: 'java.lang.Object java.lang.invoke.DirectMethodHandle$Holder.invokeStaticInit(java.lang.Object, int, int, int, int)'> (0x0000000620c44e58) 
thrown [s\open\src\hotspot\share\interpreter\linkResolver.cpp, line 759]
Event: 0.836 Thread 0x000001f0b30f4b10 Implicit null exception at 0x000001f0c24a39f2 to 0x000001f0c24a3fd4
Event: 0.836 Thread 0x000001f0b30f4b10 Implicit null exception at 0x000001f0c24b1172 to 0x000001f0c24b1768
Event: 0.865 Thread 0x000001f0b30f4b10 Exception <a 'java/lang/NoSuchMethodError'{0x0000000620b3e130}: 'void java.lang.invoke.DirectMethodHandle$Holder.invokeSpecial(java.lang.Object, java.lang.Object, java.lang.Object, java.lang.Object, java.lang.Object)'> (0x0000000620b3e130) 
thrown [s\open\src\hotspot\share\interpreter\linkResolver.cpp, line 759]
Event: 0.867 Thread 0x000001f0b30f4b10 Exception <a 'java/lang/NoSuchMethodError'{0x0000000620b5fc58}: 'java.lang.Object java.lang.invoke.DirectMethodHandle$Holder.invokeVirtual(java.lang.Object, java.lang.Object, java.lang.Object)'> (0x0000000620b5fc58) 
thrown [s\open\src\hotspot\share\interpreter\linkResolver.cpp, line 759]
Event: 0.868 Thread 0x000001f0b30f4b10 Exception <a 'java/lang/NoSuchMethodError'{0x0000000620b6eec8}: 'void java.lang.invoke.DirectMethodHandle$Holder.invokeSpecial(java.lang.Object, java.lang.Object, java.lang.Object, java.lang.Object, java.lang.Object, java.lang.Object)'> (0x0000000620b6eec8) 
thrown [s\open\src\hotspot\share\interpreter\linkResolver.cpp, line 759]
Event: 1.326 Thread 0x000001f0b30f4b10 Implicit null exception at 0x000001f0c2585a2f to 0x000001f0c2585b1c
Event: 1.326 Thread 0x000001f0b30f4b10 Implicit null exception at 0x000001f0c253096d to 0x000001f0c2530b44
Event: 1.326 Thread 0x000001f0b30f4b10 Implicit null exception at 0x000001f0c250a1d8 to 0x000001f0c250a26e
Event: 1.329 Thread 0x000001f0b30f4b10 Exception <a 'java/lang/NoSuchMethodError'{0x000000061f22a0b0}: 'int java.lang.invoke.DirectMethodHandle$Holder.invokeSpecialIFC(java.lang.Object, java.lang.Object, java.lang.Object, java.lang.Object)'> (0x000000061f22a0b0) 
thrown [s\open\src\hotspot\share\interpreter\linkResolver.cpp, line 759]
Event: 2.219 Thread 0x000001f0b30f4b10 Implicit null exception at 0x000001f0c257678f to 0x000001f0c2576809
Event: 2.375 Thread 0x000001f0b30f4b10 Exception <a 'java/lang/NoSuchMethodError'{0x0000000620ffe060}: 'java.lang.Object java.lang.invoke.DirectMethodHandle$Holder.newInvokeSpecial(java.lang.Object, java.lang.Object, java.lang.Object, java.lang.Object, java.lang.Object, java.lang.Object, java.lang.Object)'> (0x0000000620ffe060) 
thrown [s\open\src\hotspot\share\interpreter\linkResolver.cpp, line 759]
Event: 2.375 Thread 0x000001f0b30f4b10 Exception <a 'java/lang/NoSuchMethodError'{0x0000000620803058}: 'java.lang.Object java.lang.invoke.Invokers$Holder.linkToTargetMethod(java.lang.Object, java.lang.Object, java.lang.Object, java.lang.Object, java.lang.Object, java.lang.Object, java.lang.Object)'> (0x0000000620803058) 
thrown [s\open\src\hotspot\share\interpreter\linkResolver.cpp, line 759]
Event: 2.375 Thread 0x000001f0b30f4b10 Implicit null exception at 0x000001f0c2747423 to 0x000001f0c2748538
Event: 2.532 Thread 0x000001f0b30f4b10 Implicit null exception at 0x000001f0c26a5daf to 0x000001f0c26a6580
Event: 2.538 Thread 0x000001f0b30f4b10 Exception <a 'java/lang/NoSuchMethodError'{0x000000061f7fa188}: 'int java.lang.invoke.DirectMethodHandle$Holder.invokeVirtual(java.lang.Object, java.lang.Object)'> (0x000000061f7fa188) 
thrown [s\open\src\hotspot\share\interpreter\linkResolver.cpp, line 759]

VM Operations (20 events):
Event: 1.360 Executing VM operation: ICBufferFull
Event: 1.360 Executing VM operation: ICBufferFull done
Event: 1.536 Executing VM operation: ICBufferFull
Event: 1.537 Executing VM operation: ICBufferFull done
Event: 1.792 Executing VM operation: ICBufferFull
Event: 1.792 Executing VM operation: ICBufferFull done
Event: 2.116 Executing VM operation: G1CollectForAllocation
Event: 2.124 Executing VM operation: G1CollectForAllocation done
Event: 2.311 Executing VM operation: HandshakeAllThreads
Event: 2.311 Executing VM operation: HandshakeAllThreads done
Event: 2.321 Executing VM operation: HandshakeAllThreads
Event: 2.321 Executing VM operation: HandshakeAllThreads done
Event: 2.366 Executing VM operation: HandshakeAllThreads
Event: 2.366 Executing VM operation: HandshakeAllThreads done
Event: 2.377 Executing VM operation: ICBufferFull
Event: 2.377 Executing VM operation: ICBufferFull done
Event: 2.692 Executing VM operation: ICBufferFull
Event: 2.693 Executing VM operation: ICBufferFull done
Event: 2.859 Executing VM operation: HandshakeAllThreads
Event: 2.859 Executing VM operation: HandshakeAllThreads done

Events (20 events):
Event: 2.546 loading class java/time/zone/ZoneRulesProvider$1
Event: 2.546 loading class java/time/zone/ZoneRulesProvider$1 done
Event: 2.546 loading class java/time/zone/TzdbZoneRulesProvider
Event: 2.546 loading class java/time/zone/TzdbZoneRulesProvider done
Event: 2.547 loading class java/time/zone/Ser
Event: 2.547 loading class java/io/Externalizable
Event: 2.547 loading class java/io/Externalizable done
Event: 2.547 loading class java/time/zone/Ser done
Event: 2.547 loading class java/time/zone/ZoneOffsetTransition
Event: 2.547 loading class java/time/zone/ZoneOffsetTransition done
Event: 2.549 loading class jdk/internal/reflect/UnsafeBooleanFieldAccessorImpl
Event: 2.549 loading class jdk/internal/reflect/UnsafeBooleanFieldAccessorImpl done
Event: 2.566 loading class java/nio/file/attribute/PosixFileAttributes
Event: 2.566 loading class java/nio/file/attribute/PosixFileAttributes done
Event: 2.807 loading class java/io/FileWriter
Event: 2.807 loading class java/io/FileWriter done
Event: 2.817 loading class jdk/internal/reflect/UnsafeIntegerFieldAccessorImpl
Event: 2.817 loading class jdk/internal/reflect/UnsafeIntegerFieldAccessorImpl done
Event: 2.858 loading class java/io/FileReader
Event: 2.858 loading class java/io/FileReader done


Dynamic libraries:
0x00007ff78d930000 - 0x00007ff78d940000 	C:\Program Files\Java\jdk-17\bin\java.exe
0x00007ffe77750000 - 0x00007ffe77948000 	C:\Windows\SYSTEM32\ntdll.dll
0x00007ffe76770000 - 0x00007ffe76832000 	C:\Windows\System32\KERNEL32.DLL
0x00007ffe74f50000 - 0x00007ffe75246000 	C:\Windows\System32\KERNELBASE.dll
0x00007ffe753f0000 - 0x00007ffe754f0000 	C:\Windows\System32\ucrtbase.dll
0x00007ffe61320000 - 0x00007ffe61339000 	C:\Program Files\Java\jdk-17\bin\jli.dll
0x00007ffe61340000 - 0x00007ffe6135b000 	C:\Program Files\Java\jdk-17\bin\VCRUNTIME140.dll
0x00007ffe769c0000 - 0x00007ffe76a6f000 	C:\Windows\System32\ADVAPI32.dll
0x00007ffe775f0000 - 0x00007ffe7768e000 	C:\Windows\System32\msvcrt.dll
0x00007ffe75e50000 - 0x00007ffe75eef000 	C:\Windows\System32\sechost.dll
0x00007ffe75ac0000 - 0x00007ffe75be3000 	C:\Windows\System32\RPCRT4.dll
0x00007ffe75280000 - 0x00007ffe752a7000 	C:\Windows\System32\bcrypt.dll
0x00007ffe75770000 - 0x00007ffe7590d000 	C:\Windows\System32\USER32.dll
0x00007ffe75250000 - 0x00007ffe75272000 	C:\Windows\System32\win32u.dll
0x00007ffe6a270000 - 0x00007ffe6a50a000 	C:\Windows\WinSxS\amd64_microsoft.windows.common-controls_6595b64144ccf1df_6.0.19041.4355_none_60b8b9eb71f62e16\COMCTL32.dll
0x00007ffe76740000 - 0x00007ffe7676b000 	C:\Windows\System32\GDI32.dll
0x00007ffe74e30000 - 0x00007ffe74f4a000 	C:\Windows\System32\gdi32full.dll
0x00007ffe75570000 - 0x00007ffe7560d000 	C:\Windows\System32\msvcp_win.dll
0x00007ffe6f040000 - 0x00007ffe6f04a000 	C:\Windows\SYSTEM32\VERSION.dll
0x00007ffe76c00000 - 0x00007ffe76c2f000 	C:\Windows\System32\IMM32.DLL
0x00007ffe612e0000 - 0x00007ffe612ec000 	C:\Program Files\Java\jdk-17\bin\vcruntime140_1.dll
0x00007ffe608a0000 - 0x00007ffe6092e000 	C:\Program Files\Java\jdk-17\bin\msvcp140.dll
0x00007ffe5bae0000 - 0x00007ffe5c6bf000 	C:\Program Files\Java\jdk-17\bin\server\jvm.dll
0x00007ffe75d10000 - 0x00007ffe75d18000 	C:\Windows\System32\PSAPI.DLL
0x00007ffe66090000 - 0x00007ffe66099000 	C:\Windows\SYSTEM32\WSOCK32.dll
0x00007ffe6b430000 - 0x00007ffe6b457000 	C:\Windows\SYSTEM32\WINMM.dll
0x00007ffe76d00000 - 0x00007ffe76d6b000 	C:\Windows\System32\WS2_32.dll
0x00007ffe72c80000 - 0x00007ffe72c92000 	C:\Windows\SYSTEM32\kernel.appcore.dll
0x00007ffe61070000 - 0x00007ffe6107a000 	C:\Program Files\Java\jdk-17\bin\jimage.dll
0x00007ffe6ee50000 - 0x00007ffe6f034000 	C:\Windows\SYSTEM32\DBGHELP.DLL
0x00007ffe6f0e0000 - 0x00007ffe6f114000 	C:\Windows\SYSTEM32\dbgcore.DLL
0x00007ffe752b0000 - 0x00007ffe75332000 	C:\Windows\System32\bcryptPrimitives.dll
0x00007ffe61040000 - 0x00007ffe61065000 	C:\Program Files\Java\jdk-17\bin\java.dll
0x00007ffe60700000 - 0x00007ffe607d7000 	C:\Program Files\Java\jdk-17\bin\jsvml.dll
0x00007ffe76e20000 - 0x00007ffe7758f000 	C:\Windows\System32\SHELL32.dll
0x00007ffe72e80000 - 0x00007ffe73623000 	C:\Windows\SYSTEM32\windows.storage.dll
0x00007ffe763e0000 - 0x00007ffe76735000 	C:\Windows\System32\combase.dll
0x00007ffe74810000 - 0x00007ffe7483b000 	C:\Windows\SYSTEM32\Wldp.dll
0x00007ffe76c30000 - 0x00007ffe76cfd000 	C:\Windows\System32\OLEAUT32.dll
0x00007ffe76d70000 - 0x00007ffe76e1d000 	C:\Windows\System32\SHCORE.dll
0x00007ffe76380000 - 0x00007ffe763d5000 	C:\Windows\System32\shlwapi.dll
0x00007ffe74d10000 - 0x00007ffe74d35000 	C:\Windows\SYSTEM32\profapi.dll
0x00007ffe606b0000 - 0x00007ffe606c9000 	C:\Program Files\Java\jdk-17\bin\net.dll
0x00007ffe6f650000 - 0x00007ffe6f75a000 	C:\Windows\SYSTEM32\WINHTTP.dll
0x00007ffe74570000 - 0x00007ffe745dc000 	C:\Windows\system32\mswsock.dll
0x00007ffe60690000 - 0x00007ffe606a6000 	C:\Program Files\Java\jdk-17\bin\nio.dll
0x00007ffe60670000 - 0x00007ffe60688000 	C:\Program Files\Java\jdk-17\bin\zip.dll
0x00007ffe50c00000 - 0x00007ffe50c24000 	C:\Program Files\apache-maven-3.9.8\lib\jansi-native\Windows\x86_64\jansi.dll
0x00007ffe5f9e0000 - 0x00007ffe5f9f0000 	C:\Program Files\Java\jdk-17\bin\verify.dll

dbghelp: loaded successfully - version: 4.0.5 - missing functions: none
symbol engine: initialized successfully - sym options: 0x614 - pdb path: .;C:\Program Files\Java\jdk-17\bin;C:\Windows\SYSTEM32;C:\Windows\WinSxS\amd64_microsoft.windows.common-controls_6595b64144ccf1df_6.0.19041.4355_none_60b8b9eb71f62e16;C:\Program Files\Java\jdk-17\bin\server;C:\Program Files\apache-maven-3.9.8\lib\jansi-native\Windows\x86_64

VM Arguments:
jvm_args: -Dclassworlds.conf=C:\Program Files\apache-maven-3.9.8\bin\m2.conf -Dmaven.home=C:\Program Files\apache-maven-3.9.8 -Dlibrary.jansi.path=C:\Program Files\apache-maven-3.9.8\lib\jansi-native -Dmaven.multiModuleProjectDirectory=D:\Server 2 
java_command: org.codehaus.plexus.classworlds.launcher.Launcher spring-boot:run
java_class_path (initial): C:\Program Files\apache-maven-3.9.8\boot\plexus-classworlds-2.8.0.jar
Launcher Type: SUN_STANDARD

[Global flags]
     intx CICompilerCount                          = 4                                         {product} {ergonomic}
     uint ConcGCThreads                            = 3                                         {product} {ergonomic}
     uint G1ConcRefinementThreads                  = 10                                        {product} {ergonomic}
   size_t G1HeapRegionSize                         = 4194304                                   {product} {ergonomic}
    uintx GCDrainStackTargetSize                   = 64                                        {product} {ergonomic}
   size_t InitialHeapSize                          = 536870912                                 {product} {ergonomic}
   size_t MarkStackSize                            = 4194304                                   {product} {ergonomic}
   size_t MaxHeapSize                              = 8552185856                                {product} {ergonomic}
   size_t MaxNewSize                               = 5129633792                                {product} {ergonomic}
   size_t MinHeapDeltaBytes                        = 4194304                                   {product} {ergonomic}
   size_t MinHeapSize                              = 8388608                                   {product} {ergonomic}
    uintx NonNMethodCodeHeapSize                   = 5839372                                {pd product} {ergonomic}
    uintx NonProfiledCodeHeapSize                  = 122909434                              {pd product} {ergonomic}
    uintx ProfiledCodeHeapSize                     = 122909434                              {pd product} {ergonomic}
    uintx ReservedCodeCacheSize                    = 251658240                              {pd product} {ergonomic}
     bool SegmentedCodeCache                       = true                                      {product} {ergonomic}
   size_t SoftMaxHeapSize                          = 8552185856                             {manageable} {ergonomic}
     bool UseCompressedClassPointers               = true                           {product lp64_product} {ergonomic}
     bool UseCompressedOops                        = true                           {product lp64_product} {ergonomic}
     bool UseG1GC                                  = true                                      {product} {ergonomic}
     bool UseLargePagesIndividualAllocation        = false                                  {pd product} {ergonomic}

Logging:
Log output configuration:
 #0: stdout all=warning uptime,level,tags
 #1: stderr all=off uptime,level,tags

Environment Variables:
JAVA_HOME=C:\Program Files\Java\jdk-17
PATH=C:\Program Files\Common Files\Oracle\Java\javapath;C:\Windows\system32;C:\Windows;C:\Windows\System32\Wbem;C:\Windows\System32\WindowsPowerShell\v1.0\;C:\Windows\System32\OpenSSH\;C:\Program Files\Java\jdk-17\bin;C:\Program Files\Git\cmd;C:\Program Files\Git\usr\bin;C:\Windows\System32\OpenSSH;C:\Program Files\pg\bin;C:\Program Files\apache-maven-3.9.8\bin;C:\Program Files\nodejs\;D:\ffmpeg-7.1-essentials_build\bin;C:\ffmpeg-7.1-essentials_build\bin;C:\Users\Raman\AppData\Local\Microsoft\WindowsApps;C:\Program Files\JetBrains\IntelliJ IDEA Community Edition 2024.1.4\bin;;C:\Users\Raman\AppData\Roaming\npm;C:\Users\Raman\AppData\Local\Programs\Microsoft VS Code\bin;C:\Program Files\pg\bin;
USERNAME=Raman
OS=Windows_NT
PROCESSOR_IDENTIFIER=Intel64 Family 6 Model 151 Stepping 2, GenuineIntel



---------------  S Y S T E M  ---------------

OS:
 Windows 10 , 64 bit Build 19041 (10.0.19041.5678)
OS uptime: 1 days 16:14 hours

CPU: total 12 (initial active 12) (6 cores per cpu, 2 threads per core) family 6 model 151 stepping 2 microcode 0x34, cx8, cmov, fxsr, ht, mmx, 3dnowpref, sse, sse2, sse3, ssse3, sse4.1, sse4.2, popcnt, lzcnt, tsc, tscinvbit, avx, avx2, aes, erms, clmul, bmi1, bmi2, adx, sha, fma, vzeroupper, clflush, clflushopt, clwb

Memory: 4k page, system-wide physical 32621M (839M free)
TotalPageFile size 50040M (AvailPageFile size 5M)
current process WorkingSet (physical memory assigned to process): 336M, peak: 340M
current process commit charge ("private bytes"): 698M, peak: 703M

vm_info: Java HotSpot(TM) 64-Bit Server VM (17.0.10+11-LTS-240) for windows-amd64 JRE (17.0.10+11-LTS-240), built on Dec 19 2023 21:47:25 by "mach5one" with MS VC++ 17.1 (VS2022)

END.
