#
# There is insufficient memory for the Java Runtime Environment to continue.
# Native memory allocation (mmap) failed to map 150994944 bytes for G1 virtual space
# Possible reasons:
#   The system is out of physical RAM or swap space
#   The process is running with CompressedOops enabled, and the Java Heap may be blocking the growth of the native heap
# Possible solutions:
#   Reduce memory load on the system
#   Increase physical memory or swap space
#   Check if swap backing store is full
#   Decrease Java heap size (-Xmx/-Xms)
#   Decrease number of Java threads
#   Decrease Java thread stack sizes (-Xss)
#   Set larger code cache with -XX:ReservedCodeCacheSize=
#   JVM is running with Unscaled Compressed Oops mode in which the Java heap is
#     placed in the first 4GB address space. The Java Heap base address is the
#     maximum limit for the native heap growth. Please use -XX:HeapBaseMinAddress
#     to set the Java Heap base and to place the Java Heap above 4GB virtual address.
# This output file may be truncated or incomplete.
#
#  Out of Memory Error (os_windows.cpp:3548), pid=14736, tid=23472
#
# JRE version: Java(TM) SE Runtime Environment (17.0.10+11) (build 17.0.10+11-LTS-240)
# Java VM: Java HotSpot(TM) 64-Bit Server VM (17.0.10+11-LTS-240, mixed mode, emulated-client, sharing, tiered, compressed oops, compressed class ptrs, g1 gc, windows-amd64)
# No core dump will be written. Minidumps are not enabled by default on client versions of Windows
#

---------------  S U M M A R Y ------------

Command Line: -javaagent:D:\Server 2\api\target\agents\spring-instrument.jar -XX:TieredStopAtLevel=1 -Xmx1536M -Xdebug -Xrunjdwp:transport=dt_socket,server=y,suspend=n,address=8003 com.community.api.ApiApplication

Host: 12th Gen Intel(R) Core(TM) i5-12400F, 12 cores, 31G,  Windows 10 , 64 bit Build 19041 (10.0.19041.5438)
Time: Sat Apr  5 14:24:31 2025 India Standard Time elapsed time: 18.248275 seconds (0d 0h 0m 18s)

---------------  T H R E A D  ---------------

Current thread (0x000001eb437cc520):  VMThread "VM Thread" [stack: 0x0000009a2ac00000,0x0000009a2ad00000] [id=23472]

Stack: [0x0000009a2ac00000,0x0000009a2ad00000]
Native frames: (J=compiled Java code, j=interpreted, Vv=VM code, C=native code)
V  [jvm.dll+0x677a5a]
V  [jvm.dll+0x7d8b2d]
V  [jvm.dll+0x7da48e]
V  [jvm.dll+0x7daaf3]
V  [jvm.dll+0x2455ff]
V  [jvm.dll+0x6749b9]
V  [jvm.dll+0x669382]
V  [jvm.dll+0x302e96]
V  [jvm.dll+0x30a416]
V  [jvm.dll+0x359cbe]
V  [jvm.dll+0x359eef]
V  [jvm.dll+0x2d9e88]
V  [jvm.dll+0x2d8295]
V  [jvm.dll+0x2d789c]
V  [jvm.dll+0x31b18b]
V  [jvm.dll+0x7df30b]
V  [jvm.dll+0x7e0044]
V  [jvm.dll+0x7e055d]
V  [jvm.dll+0x7e0934]
V  [jvm.dll+0x7e0a00]
V  [jvm.dll+0x78888a]
V  [jvm.dll+0x676935]
C  [ucrtbase.dll+0x21bb2]
C  [KERNEL32.DLL+0x17374]
C  [ntdll.dll+0x4cc91]

VM_Operation (0x0000009a2a6fb9f0): G1CollectForAllocation, mode: safepoint, requested by thread 0x000001eb325ef470


---------------  P R O C E S S  ---------------

Threads class SMR info:
_java_thread_list=0x000001eb8ad67a60, length=60, elements={
0x000001eb325ef470, 0x000001eb437ce8e0, 0x000001eb43858680, 0x000001eb4386a2f0,
0x000001eb4386ae80, 0x000001eb4386c970, 0x000001eb4386d240, 0x000001eb4386dbc0,
0x000001eb4386e8e0, 0x000001eb43850640, 0x000001eb897f80a0, 0x000001eb897fc4a0,
0x000001eb898410b0, 0x000001eb8b705400, 0x000001eb8bbbe7e0, 0x000001eb89914430,
0x000001eb89914910, 0x000001eb8c766a90, 0x000001eb8c766580, 0x000001eb8c766fa0,
0x000001eb8c768e00, 0x000001eb8c7674b0, 0x000001eb8c7679c0, 0x000001eb8c7683e0,
0x000001eb8c769310, 0x000001eb8c769820, 0x000001eb8cf21120, 0x000001eb8cf1edb0,
0x000001eb8cf1e390, 0x000001eb8cf21630, 0x000001eb8cf1f2c0, 0x000001eb8cf1f7d0,
0x000001eb8cf20c10, 0x000001eb8cf1fce0, 0x000001eb8cf201f0, 0x000001eb8cf20700,
0x000001eb8cf1de80, 0x000001eb8cf1e8a0, 0x000001eb8d0b7470, 0x000001eb8d0bd9b0,
0x000001eb8d0b83a0, 0x000001eb8d0b6540, 0x000001eb8d0b6f60, 0x000001eb8d0ba200,
0x000001eb8d0bc060, 0x000001eb8d0bb640, 0x000001eb8d0b88b0, 0x000001eb8d0b8dc0,
0x000001eb8d0b7980, 0x000001eb8d0b7e90, 0x000001eb8d0b92d0, 0x000001eb8d0b97e0,
0x000001eb8d0b9cf0, 0x000001eb8d0ba710, 0x000001eb8d0bca80, 0x000001eb8d0bac20,
0x000001eb8d0bb130, 0x000001eb8d0bbb50, 0x000001eb8d0bc570, 0x000001eb8d0bcf90
}

Java Threads: ( => current thread )
  0x000001eb325ef470 JavaThread "main" [_thread_blocked, id=15084, stack(0x0000009a2a600000,0x0000009a2a700000)]
  0x000001eb437ce8e0 JavaThread "Reference Handler" daemon [_thread_blocked, id=23044, stack(0x0000009a2ad00000,0x0000009a2ae00000)]
  0x000001eb43858680 JavaThread "Finalizer" daemon [_thread_blocked, id=14676, stack(0x0000009a2ae00000,0x0000009a2af00000)]
  0x000001eb4386a2f0 JavaThread "Signal Dispatcher" daemon [_thread_blocked, id=15644, stack(0x0000009a2af00000,0x0000009a2b000000)]
  0x000001eb4386ae80 JavaThread "Attach Listener" daemon [_thread_blocked, id=13176, stack(0x0000009a2b000000,0x0000009a2b100000)]
  0x000001eb4386c970 JavaThread "Service Thread" daemon [_thread_blocked, id=17356, stack(0x0000009a2b100000,0x0000009a2b200000)]
  0x000001eb4386d240 JavaThread "Monitor Deflation Thread" daemon [_thread_blocked, id=5236, stack(0x0000009a2b200000,0x0000009a2b300000)]
  0x000001eb4386dbc0 JavaThread "C1 CompilerThread0" daemon [_thread_blocked, id=14444, stack(0x0000009a2b300000,0x0000009a2b400000)]
  0x000001eb4386e8e0 JavaThread "Sweeper thread" daemon [_thread_blocked, id=6916, stack(0x0000009a2b400000,0x0000009a2b500000)]
  0x000001eb43850640 JavaThread "Common-Cleaner" daemon [_thread_blocked, id=17816, stack(0x0000009a2b500000,0x0000009a2b600000)]
  0x000001eb897f80a0 JavaThread "JDWP Transport Listener: dt_socket" daemon [_thread_in_native, id=25520, stack(0x0000009a2b900000,0x0000009a2ba00000)]
  0x000001eb897fc4a0 JavaThread "JDWP Event Helper Thread" daemon [_thread_blocked, id=7640, stack(0x0000009a2ba00000,0x0000009a2bb00000)]
  0x000001eb898410b0 JavaThread "Notification Thread" daemon [_thread_blocked, id=24380, stack(0x0000009a2bb00000,0x0000009a2bc00000)]
  0x000001eb8b705400 JavaThread "Tomcat JDBC Pool Cleaner[644117698:1743843256780]" daemon [_thread_blocked, id=21552, stack(0x0000009a2c800000,0x0000009a2c900000)]
  0x000001eb8bbbe7e0 JavaThread "Catalina-utility-1" [_thread_blocked, id=19604, stack(0x0000009a2ce00000,0x0000009a2cf00000)]
  0x000001eb89914430 JavaThread "Catalina-utility-2" [_thread_blocked, id=19628, stack(0x0000009a2cf00000,0x0000009a2d000000)]
  0x000001eb89914910 JavaThread "container-0" [_thread_blocked, id=9920, stack(0x0000009a2d000000,0x0000009a2d100000)]
  0x000001eb8c766a90 JavaThread "Connection evictor" daemon [_thread_blocked, id=19936, stack(0x0000009a2d100000,0x0000009a2d200000)]
  0x000001eb8c766580 JavaThread "Connection evictor" daemon [_thread_blocked, id=23072, stack(0x0000009a2d200000,0x0000009a2d300000)]
  0x000001eb8c766fa0 JavaThread "Connection evictor" daemon [_thread_blocked, id=20776, stack(0x0000009a2d300000,0x0000009a2d400000)]
  0x000001eb8c768e00 JavaThread "Connection evictor" daemon [_thread_blocked, id=7488, stack(0x0000009a2d400000,0x0000009a2d500000)]
  0x000001eb8c7674b0 JavaThread "Connection evictor" daemon [_thread_blocked, id=20988, stack(0x0000009a2d500000,0x0000009a2d600000)]
  0x000001eb8c7679c0 JavaThread "Connection evictor" daemon [_thread_blocked, id=5160, stack(0x0000009a2d600000,0x0000009a2d700000)]
  0x000001eb8c7683e0 JavaThread "catalog-Solr-Index-Update-Command-Master" [_thread_blocked, id=13764, stack(0x0000009a2d700000,0x0000009a2d800000)]
  0x000001eb8c769310 JavaThread "TransactionLifecycleMonitorThread" daemon [_thread_blocked, id=17372, stack(0x0000009a2d800000,0x0000009a2d900000)]
  0x000001eb8c769820 JavaThread "quartzScheduler_Worker-1" [_thread_blocked, id=12460, stack(0x0000009a2d900000,0x0000009a2da00000)]
  0x000001eb8cf21120 JavaThread "quartzScheduler_Worker-2" [_thread_blocked, id=20024, stack(0x0000009a2da00000,0x0000009a2db00000)]
  0x000001eb8cf1edb0 JavaThread "quartzScheduler_Worker-3" [_thread_blocked, id=13576, stack(0x0000009a2db00000,0x0000009a2dc00000)]
  0x000001eb8cf1e390 JavaThread "quartzScheduler_Worker-4" [_thread_blocked, id=13164, stack(0x0000009a2dc00000,0x0000009a2dd00000)]
  0x000001eb8cf21630 JavaThread "quartzScheduler_Worker-5" [_thread_blocked, id=25352, stack(0x0000009a2dd00000,0x0000009a2de00000)]
  0x000001eb8cf1f2c0 JavaThread "quartzScheduler_Worker-6" [_thread_blocked, id=368, stack(0x0000009a2de00000,0x0000009a2df00000)]
  0x000001eb8cf1f7d0 JavaThread "quartzScheduler_Worker-7" [_thread_blocked, id=20748, stack(0x0000009a2df00000,0x0000009a2e000000)]
  0x000001eb8cf20c10 JavaThread "quartzScheduler_Worker-8" [_thread_blocked, id=23480, stack(0x0000009a2e000000,0x0000009a2e100000)]
  0x000001eb8cf1fce0 JavaThread "quartzScheduler_Worker-9" [_thread_blocked, id=24224, stack(0x0000009a2e100000,0x0000009a2e200000)]
  0x000001eb8cf201f0 JavaThread "quartzScheduler_Worker-10" [_thread_blocked, id=13304, stack(0x0000009a2e200000,0x0000009a2e300000)]
  0x000001eb8cf20700 JavaThread "quartzScheduler_QuartzSchedulerThread" [_thread_blocked, id=24580, stack(0x0000009a2e300000,0x0000009a2e400000)]
  0x000001eb8cf1de80 JavaThread "https-jsse-nio-8446-exec-1" daemon [_thread_blocked, id=12872, stack(0x0000009a2e400000,0x0000009a2e500000)]
  0x000001eb8cf1e8a0 JavaThread "https-jsse-nio-8446-exec-2" daemon [_thread_blocked, id=17672, stack(0x0000009a2e500000,0x0000009a2e600000)]
  0x000001eb8d0b7470 JavaThread "https-jsse-nio-8446-exec-3" daemon [_thread_blocked, id=25032, stack(0x0000009a2e600000,0x0000009a2e700000)]
  0x000001eb8d0bd9b0 JavaThread "https-jsse-nio-8446-exec-4" daemon [_thread_blocked, id=14980, stack(0x0000009a2e700000,0x0000009a2e800000)]
  0x000001eb8d0b83a0 JavaThread "https-jsse-nio-8446-exec-5" daemon [_thread_blocked, id=23908, stack(0x0000009a2e800000,0x0000009a2e900000)]
  0x000001eb8d0b6540 JavaThread "https-jsse-nio-8446-exec-6" daemon [_thread_blocked, id=16884, stack(0x0000009a2e900000,0x0000009a2ea00000)]
  0x000001eb8d0b6f60 JavaThread "https-jsse-nio-8446-exec-7" daemon [_thread_blocked, id=8832, stack(0x0000009a2ea00000,0x0000009a2eb00000)]
  0x000001eb8d0ba200 JavaThread "https-jsse-nio-8446-exec-8" daemon [_thread_blocked, id=20740, stack(0x0000009a2eb00000,0x0000009a2ec00000)]
  0x000001eb8d0bc060 JavaThread "https-jsse-nio-8446-exec-9" daemon [_thread_blocked, id=9436, stack(0x0000009a2ec00000,0x0000009a2ed00000)]
  0x000001eb8d0bb640 JavaThread "https-jsse-nio-8446-exec-10" daemon [_thread_blocked, id=25156, stack(0x0000009a2ed00000,0x0000009a2ee00000)]
  0x000001eb8d0b88b0 JavaThread "https-jsse-nio-8446-Poller" daemon [_thread_in_native, id=7872, stack(0x0000009a2ee00000,0x0000009a2ef00000)]
  0x000001eb8d0b8dc0 JavaThread "https-jsse-nio-8446-Acceptor" daemon [_thread_in_native, id=23252, stack(0x0000009a2ef00000,0x0000009a2f000000)]
  0x000001eb8d0b7980 JavaThread "http-nio-8083-exec-1" daemon [_thread_blocked, id=1652, stack(0x0000009a2f000000,0x0000009a2f100000)]
  0x000001eb8d0b7e90 JavaThread "http-nio-8083-exec-2" daemon [_thread_blocked, id=23452, stack(0x0000009a2f100000,0x0000009a2f200000)]
  0x000001eb8d0b92d0 JavaThread "http-nio-8083-exec-3" daemon [_thread_blocked, id=18584, stack(0x0000009a2f200000,0x0000009a2f300000)]
  0x000001eb8d0b97e0 JavaThread "http-nio-8083-exec-4" daemon [_thread_blocked, id=23404, stack(0x0000009a2f300000,0x0000009a2f400000)]
  0x000001eb8d0b9cf0 JavaThread "http-nio-8083-exec-5" daemon [_thread_blocked, id=15004, stack(0x0000009a2f400000,0x0000009a2f500000)]
  0x000001eb8d0ba710 JavaThread "http-nio-8083-exec-6" daemon [_thread_blocked, id=22860, stack(0x0000009a2f500000,0x0000009a2f600000)]
  0x000001eb8d0bca80 JavaThread "http-nio-8083-exec-7" daemon [_thread_blocked, id=17540, stack(0x0000009a2f600000,0x0000009a2f700000)]
  0x000001eb8d0bac20 JavaThread "http-nio-8083-exec-8" daemon [_thread_blocked, id=4016, stack(0x0000009a2f700000,0x0000009a2f800000)]
  0x000001eb8d0bb130 JavaThread "http-nio-8083-exec-9" daemon [_thread_blocked, id=7988, stack(0x0000009a2f800000,0x0000009a2f900000)]
  0x000001eb8d0bbb50 JavaThread "http-nio-8083-exec-10" daemon [_thread_blocked, id=12612, stack(0x0000009a2f900000,0x0000009a2fa00000)]
  0x000001eb8d0bc570 JavaThread "http-nio-8083-Poller" daemon [_thread_in_native, id=6712, stack(0x0000009a2fa00000,0x0000009a2fb00000)]
  0x000001eb8d0bcf90 JavaThread "http-nio-8083-Acceptor" daemon [_thread_in_native, id=15640, stack(0x0000009a2fb00000,0x0000009a2fc00000)]

Other Threads:
=>0x000001eb437cc520 VMThread "VM Thread" [stack: 0x0000009a2ac00000,0x0000009a2ad00000] [id=23472]
  0x000001eb32651df0 WatcherThread [stack: 0x0000009a2bc00000,0x0000009a2bd00000] [id=23560]
  0x000001eb3263d520 GCTaskThread "GC Thread#0" [stack: 0x0000009a2a700000,0x0000009a2a800000] [id=24512]
  0x000001eb89b69390 GCTaskThread "GC Thread#1" [stack: 0x0000009a2bd00000,0x0000009a2be00000] [id=5816]
  0x000001eb89b69650 GCTaskThread "GC Thread#2" [stack: 0x0000009a2be00000,0x0000009a2bf00000] [id=24336]
  0x000001eb89b69910 GCTaskThread "GC Thread#3" [stack: 0x0000009a2bf00000,0x0000009a2c000000] [id=6432]
  0x000001eb89b69fe0 GCTaskThread "GC Thread#4" [stack: 0x0000009a2c000000,0x0000009a2c100000] [id=10360]
  0x000001eb89b6a2a0 GCTaskThread "GC Thread#5" [stack: 0x0000009a2c100000,0x0000009a2c200000] [id=21292]
  0x000001eb894e9690 GCTaskThread "GC Thread#6" [stack: 0x0000009a2c200000,0x0000009a2c300000] [id=7732]
  0x000001eb894e9950 GCTaskThread "GC Thread#7" [stack: 0x0000009a2c300000,0x0000009a2c400000] [id=21692]
  0x000001eb894ea020 GCTaskThread "GC Thread#8" [stack: 0x0000009a2c400000,0x0000009a2c500000] [id=14496]
  0x000001eb89b9b5f0 GCTaskThread "GC Thread#9" [stack: 0x0000009a2c500000,0x0000009a2c600000] [id=15028]
  0x000001eb3264a380 ConcurrentGCThread "G1 Main Marker" [stack: 0x0000009a2a800000,0x0000009a2a900000] [id=13948]
  0x000001eb3264aca0 ConcurrentGCThread "G1 Conc#0" [stack: 0x0000009a2a900000,0x0000009a2aa00000] [id=20704]
  0x000001eb89b9cbf0 ConcurrentGCThread "G1 Conc#1" [stack: 0x0000009a2c600000,0x0000009a2c700000] [id=15056]
  0x000001eb89b9c3b0 ConcurrentGCThread "G1 Conc#2" [stack: 0x0000009a2c700000,0x0000009a2c800000] [id=23980]
  0x000001eb3269ec80 ConcurrentGCThread "G1 Refine#0" [stack: 0x0000009a2aa00000,0x0000009a2ab00000] [id=24356]
  0x000001eb8b908280 ConcurrentGCThread "G1 Refine#1" [stack: 0x0000009a2ca00000,0x0000009a2cb00000] [id=15600]
  0x000001eb8b908570 ConcurrentGCThread "G1 Refine#2" [stack: 0x0000009a2cb00000,0x0000009a2cc00000] [id=13560]
  0x000001eb8b9079b0 ConcurrentGCThread "G1 Refine#3" [stack: 0x0000009a2cc00000,0x0000009a2cd00000] [id=12292]
  0x000001eb8b9070e0 ConcurrentGCThread "G1 Refine#4" [stack: 0x0000009a2cd00000,0x0000009a2ce00000] [id=22340]
  0x000001eb4370b120 ConcurrentGCThread "G1 Service" [stack: 0x0000009a2ab00000,0x0000009a2ac00000] [id=4092]

Threads with active compile tasks:

VM state: at safepoint (normal execution)

VM Mutex/Monitor currently owned by a thread:  ([mutex/lock_event])
[0x000001eb325eb670] Threads_lock - owner thread: 0x000001eb437cc520
[0x000001eb325eb700] Heap_lock - owner thread: 0x000001eb325ef470

Heap address: 0x00000000a0000000, size: 1536 MB, Compressed Oops mode: 32-bit

CDS archive(s) mapped at: [0x000001eb44000000-0x000001eb44bd0000-0x000001eb44bd0000), size 12386304, SharedBaseAddress: 0x000001eb44000000, ArchiveRelocationMode: 1.
Compressed class space mapped at: 0x000001eb45000000-0x000001eb85000000, reserved size: 1073741824
Narrow klass base: 0x000001eb44000000, Narrow klass shift: 0, Narrow klass range: 0x100000000

GC Precious Log:
 CPUs: 12 total, 12 available
 Memory: 32621M
 Large Page Support: Disabled
 NUMA Support: Disabled
 Compressed Oops: Enabled (32-bit)
 Heap Region Size: 1M
 Heap Min Capacity: 8M
 Heap Initial Capacity: 510M
 Heap Max Capacity: 1536M
 Pre-touch: Disabled
 Parallel Workers: 10
 Concurrent Workers: 3
 Concurrent Refinement Workers: 10
 Periodic GC: Disabled

Heap:
 garbage-first heap   total 322560K, used 120983K [0x00000000a0000000, 0x0000000100000000)
  region size 1024K, 1 young (1024K), 1 survivors (1024K)
 Metaspace       used 102766K, committed 103360K, reserved 1179648K
  class space    used 13638K, committed 13952K, reserved 1048576K

Heap Regions: E=young(eden), S=young(survivor), O=old, HS=humongous(starts), HC=humongous(continues), CS=collection set, F=free, OA=open archive, CA=closed archive, TAMS=top-at-mark-start (previous, next)
|   0|0x00000000a0000000, 0x00000000a0100000, 0x00000000a0100000|100%|HS|  |TAMS 0x00000000a0100000, 0x00000000a0100000| Complete 
|   1|0x00000000a0100000, 0x00000000a0200000, 0x00000000a0200000|100%| O|  |TAMS 0x00000000a0200000, 0x00000000a0200000| Untracked 
|   2|0x00000000a0200000, 0x00000000a0300000, 0x00000000a0300000|100%| O|  |TAMS 0x00000000a0300000, 0x00000000a0300000| Untracked 
|   3|0x00000000a0300000, 0x00000000a0400000, 0x00000000a0400000|100%| O|  |TAMS 0x00000000a0400000, 0x00000000a0400000| Untracked 
|   4|0x00000000a0400000, 0x00000000a0500000, 0x00000000a0500000|100%| O|  |TAMS 0x00000000a0500000, 0x00000000a0500000| Untracked 
|   5|0x00000000a0500000, 0x00000000a0600000, 0x00000000a0600000|100%| O|  |TAMS 0x00000000a0600000, 0x00000000a0600000| Untracked 
|   6|0x00000000a0600000, 0x00000000a0700000, 0x00000000a0700000|100%| O|  |TAMS 0x00000000a0700000, 0x00000000a0700000| Untracked 
|   7|0x00000000a0700000, 0x00000000a0800000, 0x00000000a0800000|100%| O|  |TAMS 0x00000000a0800000, 0x00000000a0800000| Untracked 
|   8|0x00000000a0800000, 0x00000000a0900000, 0x00000000a0900000|100%| O|  |TAMS 0x00000000a0900000, 0x00000000a0900000| Untracked 
|   9|0x00000000a0900000, 0x00000000a0a00000, 0x00000000a0a00000|100%| O|  |TAMS 0x00000000a0a00000, 0x00000000a0a00000| Untracked 
|  10|0x00000000a0a00000, 0x00000000a0b00000, 0x00000000a0b00000|100%| O|  |TAMS 0x00000000a0b00000, 0x00000000a0b00000| Untracked 
|  11|0x00000000a0b00000, 0x00000000a0c00000, 0x00000000a0c00000|100%| O|  |TAMS 0x00000000a0c00000, 0x00000000a0c00000| Untracked 
|  12|0x00000000a0c00000, 0x00000000a0d00000, 0x00000000a0d00000|100%| O|  |TAMS 0x00000000a0d00000, 0x00000000a0d00000| Untracked 
|  13|0x00000000a0d00000, 0x00000000a0e00000, 0x00000000a0e00000|100%| O|  |TAMS 0x00000000a0e00000, 0x00000000a0e00000| Untracked 
|  14|0x00000000a0e00000, 0x00000000a0f00000, 0x00000000a0f00000|100%| O|  |TAMS 0x00000000a0f00000, 0x00000000a0f00000| Untracked 
|  15|0x00000000a0f00000, 0x00000000a1000000, 0x00000000a1000000|100%| O|  |TAMS 0x00000000a1000000, 0x00000000a1000000| Untracked 
|  16|0x00000000a1000000, 0x00000000a1100000, 0x00000000a1100000|100%| O|  |TAMS 0x00000000a1100000, 0x00000000a1100000| Untracked 
|  17|0x00000000a1100000, 0x00000000a1100000, 0x00000000a1200000|  0%| F|  |TAMS 0x00000000a1100000, 0x00000000a1100000| Untracked 
|  18|0x00000000a1200000, 0x00000000a1200000, 0x00000000a1300000|  0%| F|  |TAMS 0x00000000a1200000, 0x00000000a1200000| Untracked 
|  19|0x00000000a1300000, 0x00000000a1400000, 0x00000000a1400000|100%| O|  |TAMS 0x00000000a1400000, 0x00000000a1400000| Untracked 
|  20|0x00000000a1400000, 0x00000000a1500000, 0x00000000a1500000|100%| O|  |TAMS 0x00000000a1500000, 0x00000000a1500000| Untracked 
|  21|0x00000000a1500000, 0x00000000a1600000, 0x00000000a1600000|100%| O|  |TAMS 0x00000000a1600000, 0x00000000a1600000| Untracked 
|  22|0x00000000a1600000, 0x00000000a1700000, 0x00000000a1700000|100%| O|  |TAMS 0x00000000a1700000, 0x00000000a1700000| Untracked 
|  23|0x00000000a1700000, 0x00000000a1800000, 0x00000000a1800000|100%| O|  |TAMS 0x00000000a1700000, 0x00000000a1800000| Untracked 
|  24|0x00000000a1800000, 0x00000000a1900000, 0x00000000a1900000|100%| O|  |TAMS 0x00000000a1900000, 0x00000000a1900000| Untracked 
|  25|0x00000000a1900000, 0x00000000a1a00000, 0x00000000a1a00000|100%| O|  |TAMS 0x00000000a1a00000, 0x00000000a1a00000| Untracked 
|  26|0x00000000a1a00000, 0x00000000a1b00000, 0x00000000a1b00000|100%| O|  |TAMS 0x00000000a1b00000, 0x00000000a1b00000| Untracked 
|  27|0x00000000a1b00000, 0x00000000a1c00000, 0x00000000a1c00000|100%| O|  |TAMS 0x00000000a1c00000, 0x00000000a1c00000| Untracked 
|  28|0x00000000a1c00000, 0x00000000a1d00000, 0x00000000a1d00000|100%| O|  |TAMS 0x00000000a1d00000, 0x00000000a1d00000| Untracked 
|  29|0x00000000a1d00000, 0x00000000a1e00000, 0x00000000a1e00000|100%| O|  |TAMS 0x00000000a1e00000, 0x00000000a1e00000| Untracked 
|  30|0x00000000a1e00000, 0x00000000a1f00000, 0x00000000a1f00000|100%| O|  |TAMS 0x00000000a1f00000, 0x00000000a1f00000| Untracked 
|  31|0x00000000a1f00000, 0x00000000a2000000, 0x00000000a2000000|100%| O|  |TAMS 0x00000000a2000000, 0x00000000a2000000| Untracked 
|  32|0x00000000a2000000, 0x00000000a2100000, 0x00000000a2100000|100%| O|  |TAMS 0x00000000a2100000, 0x00000000a2100000| Untracked 
|  33|0x00000000a2100000, 0x00000000a2200000, 0x00000000a2200000|100%| O|  |TAMS 0x00000000a2200000, 0x00000000a2200000| Untracked 
|  34|0x00000000a2200000, 0x00000000a2300000, 0x00000000a2300000|100%| O|  |TAMS 0x00000000a2300000, 0x00000000a2300000| Untracked 
|  35|0x00000000a2300000, 0x00000000a2400000, 0x00000000a2400000|100%| O|  |TAMS 0x00000000a2400000, 0x00000000a2400000| Untracked 
|  36|0x00000000a2400000, 0x00000000a2500000, 0x00000000a2500000|100%| O|  |TAMS 0x00000000a2500000, 0x00000000a2500000| Untracked 
|  37|0x00000000a2500000, 0x00000000a2519400, 0x00000000a2600000|  9%| O|  |TAMS 0x00000000a2500000, 0x00000000a2519400| Untracked 
|  38|0x00000000a2600000, 0x00000000a2700000, 0x00000000a2700000|100%| O|  |TAMS 0x00000000a2700000, 0x00000000a2700000| Untracked 
|  39|0x00000000a2700000, 0x00000000a2800000, 0x00000000a2800000|100%| O|  |TAMS 0x00000000a2800000, 0x00000000a2800000| Untracked 
|  40|0x00000000a2800000, 0x00000000a2900000, 0x00000000a2900000|100%| O|  |TAMS 0x00000000a2828600, 0x00000000a2900000| Untracked 
|  41|0x00000000a2900000, 0x00000000a2a00000, 0x00000000a2a00000|100%| O|  |TAMS 0x00000000a2a00000, 0x00000000a2a00000| Untracked 
|  42|0x00000000a2a00000, 0x00000000a2b00000, 0x00000000a2b00000|100%| O|  |TAMS 0x00000000a2b00000, 0x00000000a2b00000| Untracked 
|  43|0x00000000a2b00000, 0x00000000a2c00000, 0x00000000a2c00000|100%| O|  |TAMS 0x00000000a2c00000, 0x00000000a2c00000| Untracked 
|  44|0x00000000a2c00000, 0x00000000a2d00000, 0x00000000a2d00000|100%| O|  |TAMS 0x00000000a2d00000, 0x00000000a2d00000| Untracked 
|  45|0x00000000a2d00000, 0x00000000a2e00000, 0x00000000a2e00000|100%| O|  |TAMS 0x00000000a2e00000, 0x00000000a2e00000| Untracked 
|  46|0x00000000a2e00000, 0x00000000a2f00000, 0x00000000a2f00000|100%| O|  |TAMS 0x00000000a2f00000, 0x00000000a2f00000| Untracked 
|  47|0x00000000a2f00000, 0x00000000a3000000, 0x00000000a3000000|100%| O|  |TAMS 0x00000000a3000000, 0x00000000a3000000| Untracked 
|  48|0x00000000a3000000, 0x00000000a3100000, 0x00000000a3100000|100%| O|  |TAMS 0x00000000a3100000, 0x00000000a3100000| Untracked 
|  49|0x00000000a3100000, 0x00000000a3200000, 0x00000000a3200000|100%| O|  |TAMS 0x00000000a3200000, 0x00000000a3200000| Untracked 
|  50|0x00000000a3200000, 0x00000000a3300000, 0x00000000a3300000|100%| O|  |TAMS 0x00000000a3300000, 0x00000000a3300000| Untracked 
|  51|0x00000000a3300000, 0x00000000a3400000, 0x00000000a3400000|100%| O|  |TAMS 0x00000000a3400000, 0x00000000a3400000| Untracked 
|  52|0x00000000a3400000, 0x00000000a3500000, 0x00000000a3500000|100%| O|  |TAMS 0x00000000a3500000, 0x00000000a3500000| Untracked 
|  53|0x00000000a3500000, 0x00000000a3600000, 0x00000000a3600000|100%| O|  |TAMS 0x00000000a3600000, 0x00000000a3600000| Untracked 
|  54|0x00000000a3600000, 0x00000000a3600000, 0x00000000a3700000|  0%| F|  |TAMS 0x00000000a3600000, 0x00000000a3600000| Untracked 
|  55|0x00000000a3700000, 0x00000000a3800000, 0x00000000a3800000|100%| O|  |TAMS 0x00000000a3800000, 0x00000000a3800000| Untracked 
|  56|0x00000000a3800000, 0x00000000a3900000, 0x00000000a3900000|100%| O|  |TAMS 0x00000000a3900000, 0x00000000a3900000| Untracked 
|  57|0x00000000a3900000, 0x00000000a3a00000, 0x00000000a3a00000|100%| O|  |TAMS 0x00000000a3a00000, 0x00000000a3a00000| Untracked 
|  58|0x00000000a3a00000, 0x00000000a3b00000, 0x00000000a3b00000|100%| O|  |TAMS 0x00000000a3b00000, 0x00000000a3b00000| Untracked 
|  59|0x00000000a3b00000, 0x00000000a3c00000, 0x00000000a3c00000|100%| O|  |TAMS 0x00000000a3c00000, 0x00000000a3c00000| Untracked 
|  60|0x00000000a3c00000, 0x00000000a3d00000, 0x00000000a3d00000|100%| O|  |TAMS 0x00000000a3d00000, 0x00000000a3d00000| Untracked 
|  61|0x00000000a3d00000, 0x00000000a3e00000, 0x00000000a3e00000|100%| O|  |TAMS 0x00000000a3e00000, 0x00000000a3e00000| Untracked 
|  62|0x00000000a3e00000, 0x00000000a3f00000, 0x00000000a3f00000|100%| O|  |TAMS 0x00000000a3f00000, 0x00000000a3f00000| Untracked 
|  63|0x00000000a3f00000, 0x00000000a4000000, 0x00000000a4000000|100%| O|  |TAMS 0x00000000a4000000, 0x00000000a4000000| Untracked 
|  64|0x00000000a4000000, 0x00000000a4100000, 0x00000000a4100000|100%| O|  |TAMS 0x00000000a4100000, 0x00000000a4100000| Untracked 
|  65|0x00000000a4100000, 0x00000000a4200000, 0x00000000a4200000|100%| O|  |TAMS 0x00000000a4200000, 0x00000000a4200000| Untracked 
|  66|0x00000000a4200000, 0x00000000a4300000, 0x00000000a4300000|100%| O|  |TAMS 0x00000000a4300000, 0x00000000a4300000| Untracked 
|  67|0x00000000a4300000, 0x00000000a4400000, 0x00000000a4400000|100%| O|  |TAMS 0x00000000a4400000, 0x00000000a4400000| Untracked 
|  68|0x00000000a4400000, 0x00000000a4500000, 0x00000000a4500000|100%| O|  |TAMS 0x00000000a4500000, 0x00000000a4500000| Untracked 
|  69|0x00000000a4500000, 0x00000000a4600000, 0x00000000a4600000|100%| O|  |TAMS 0x00000000a4600000, 0x00000000a4600000| Untracked 
|  70|0x00000000a4600000, 0x00000000a4700000, 0x00000000a4700000|100%| O|  |TAMS 0x00000000a4700000, 0x00000000a4700000| Untracked 
|  71|0x00000000a4700000, 0x00000000a4800000, 0x00000000a4800000|100%| O|  |TAMS 0x00000000a4800000, 0x00000000a4800000| Untracked 
|  72|0x00000000a4800000, 0x00000000a4900000, 0x00000000a4900000|100%| O|  |TAMS 0x00000000a4900000, 0x00000000a4900000| Untracked 
|  73|0x00000000a4900000, 0x00000000a4a00000, 0x00000000a4a00000|100%| O|  |TAMS 0x00000000a4a00000, 0x00000000a4a00000| Untracked 
|  74|0x00000000a4a00000, 0x00000000a4b00000, 0x00000000a4b00000|100%| O|  |TAMS 0x00000000a4b00000, 0x00000000a4b00000| Untracked 
|  75|0x00000000a4b00000, 0x00000000a4c00000, 0x00000000a4c00000|100%| O|  |TAMS 0x00000000a4c00000, 0x00000000a4c00000| Untracked 
|  76|0x00000000a4c00000, 0x00000000a4d00000, 0x00000000a4d00000|100%| O|  |TAMS 0x00000000a4d00000, 0x00000000a4d00000| Untracked 
|  77|0x00000000a4d00000, 0x00000000a4e00000, 0x00000000a4e00000|100%| O|  |TAMS 0x00000000a4e00000, 0x00000000a4e00000| Untracked 
|  78|0x00000000a4e00000, 0x00000000a4f00000, 0x00000000a4f00000|100%| O|  |TAMS 0x00000000a4f00000, 0x00000000a4f00000| Untracked 
|  79|0x00000000a4f00000, 0x00000000a5000000, 0x00000000a5000000|100%| O|  |TAMS 0x00000000a5000000, 0x00000000a5000000| Untracked 
|  80|0x00000000a5000000, 0x00000000a5100000, 0x00000000a5100000|100%| O|  |TAMS 0x00000000a5100000, 0x00000000a5100000| Untracked 
|  81|0x00000000a5100000, 0x00000000a5200000, 0x00000000a5200000|100%| O|  |TAMS 0x00000000a5200000, 0x00000000a5200000| Untracked 
|  82|0x00000000a5200000, 0x00000000a5200000, 0x00000000a5300000|  0%| F|  |TAMS 0x00000000a5200000, 0x00000000a5200000| Untracked 
|  83|0x00000000a5300000, 0x00000000a5400000, 0x00000000a5400000|100%| O|  |TAMS 0x00000000a5400000, 0x00000000a5400000| Untracked 
|  84|0x00000000a5400000, 0x00000000a5500000, 0x00000000a5500000|100%| O|  |TAMS 0x00000000a5500000, 0x00000000a5500000| Untracked 
|  85|0x00000000a5500000, 0x00000000a5600000, 0x00000000a5600000|100%| O|  |TAMS 0x00000000a5600000, 0x00000000a5600000| Untracked 
|  86|0x00000000a5600000, 0x00000000a5700000, 0x00000000a5700000|100%| O|  |TAMS 0x00000000a5700000, 0x00000000a5700000| Untracked 
|  87|0x00000000a5700000, 0x00000000a5800000, 0x00000000a5800000|100%| O|  |TAMS 0x00000000a5800000, 0x00000000a5800000| Untracked 
|  88|0x00000000a5800000, 0x00000000a5900000, 0x00000000a5900000|100%| O|  |TAMS 0x00000000a5900000, 0x00000000a5900000| Untracked 
|  89|0x00000000a5900000, 0x00000000a5a00000, 0x00000000a5a00000|100%| O|  |TAMS 0x00000000a5a00000, 0x00000000a5a00000| Untracked 
|  90|0x00000000a5a00000, 0x00000000a5b00000, 0x00000000a5b00000|100%| O|  |TAMS 0x00000000a5b00000, 0x00000000a5b00000| Untracked 
|  91|0x00000000a5b00000, 0x00000000a5c00000, 0x00000000a5c00000|100%| O|  |TAMS 0x00000000a5c00000, 0x00000000a5c00000| Untracked 
|  92|0x00000000a5c00000, 0x00000000a5d00000, 0x00000000a5d00000|100%| O|  |TAMS 0x00000000a5d00000, 0x00000000a5d00000| Untracked 
|  93|0x00000000a5d00000, 0x00000000a5e00000, 0x00000000a5e00000|100%| O|  |TAMS 0x00000000a5e00000, 0x00000000a5e00000| Untracked 
|  94|0x00000000a5e00000, 0x00000000a5f00000, 0x00000000a5f00000|100%| O|  |TAMS 0x00000000a5f00000, 0x00000000a5f00000| Untracked 
|  95|0x00000000a5f00000, 0x00000000a5f00000, 0x00000000a6000000|  0%| F|  |TAMS 0x00000000a5f00000, 0x00000000a5f00000| Untracked 
|  96|0x00000000a6000000, 0x00000000a6100000, 0x00000000a6100000|100%| O|  |TAMS 0x00000000a6100000, 0x00000000a6100000| Untracked 
|  97|0x00000000a6100000, 0x00000000a6200000, 0x00000000a6200000|100%| O|  |TAMS 0x00000000a6200000, 0x00000000a6200000| Untracked 
|  98|0x00000000a6200000, 0x00000000a6300000, 0x00000000a6300000|100%| O|  |TAMS 0x00000000a6300000, 0x00000000a6300000| Untracked 
|  99|0x00000000a6300000, 0x00000000a6400000, 0x00000000a6400000|100%| O|  |TAMS 0x00000000a6400000, 0x00000000a6400000| Untracked 
| 100|0x00000000a6400000, 0x00000000a6500000, 0x00000000a6500000|100%| O|  |TAMS 0x00000000a6500000, 0x00000000a6500000| Untracked 
| 101|0x00000000a6500000, 0x00000000a6600000, 0x00000000a6600000|100%| O|  |TAMS 0x00000000a6600000, 0x00000000a6600000| Untracked 
| 102|0x00000000a6600000, 0x00000000a6700000, 0x00000000a6700000|100%| O|  |TAMS 0x00000000a6700000, 0x00000000a6700000| Untracked 
| 103|0x00000000a6700000, 0x00000000a6800000, 0x00000000a6800000|100%| O|  |TAMS 0x00000000a6800000, 0x00000000a6800000| Untracked 
| 104|0x00000000a6800000, 0x00000000a6900000, 0x00000000a6900000|100%| O|  |TAMS 0x00000000a6900000, 0x00000000a6900000| Untracked 
| 105|0x00000000a6900000, 0x00000000a6a00000, 0x00000000a6a00000|100%| O|  |TAMS 0x00000000a6a00000, 0x00000000a6a00000| Untracked 
| 106|0x00000000a6a00000, 0x00000000a6b00000, 0x00000000a6b00000|100%| O|  |TAMS 0x00000000a6b00000, 0x00000000a6b00000| Untracked 
| 107|0x00000000a6b00000, 0x00000000a6c00000, 0x00000000a6c00000|100%| O|  |TAMS 0x00000000a6c00000, 0x00000000a6c00000| Untracked 
| 108|0x00000000a6c00000, 0x00000000a6d00000, 0x00000000a6d00000|100%| O|  |TAMS 0x00000000a6d00000, 0x00000000a6d00000| Untracked 
| 109|0x00000000a6d00000, 0x00000000a6e00000, 0x00000000a6e00000|100%| O|  |TAMS 0x00000000a6e00000, 0x00000000a6e00000| Untracked 
| 110|0x00000000a6e00000, 0x00000000a6f00000, 0x00000000a6f00000|100%| O|  |TAMS 0x00000000a6f00000, 0x00000000a6f00000| Untracked 
| 111|0x00000000a6f00000, 0x00000000a7000000, 0x00000000a7000000|100%| O|  |TAMS 0x00000000a7000000, 0x00000000a7000000| Untracked 
| 112|0x00000000a7000000, 0x00000000a7100000, 0x00000000a7100000|100%| O|  |TAMS 0x00000000a7100000, 0x00000000a7100000| Untracked 
| 113|0x00000000a7100000, 0x00000000a7200000, 0x00000000a7200000|100%| O|  |TAMS 0x00000000a7200000, 0x00000000a7200000| Untracked 
| 114|0x00000000a7200000, 0x00000000a7300000, 0x00000000a7300000|100%| O|  |TAMS 0x00000000a7300000, 0x00000000a7300000| Untracked 
| 115|0x00000000a7300000, 0x00000000a7400000, 0x00000000a7400000|100%| O|  |TAMS 0x00000000a7400000, 0x00000000a7400000| Untracked 
| 116|0x00000000a7400000, 0x00000000a7500000, 0x00000000a7500000|100%| O|  |TAMS 0x00000000a7500000, 0x00000000a7500000| Untracked 
| 117|0x00000000a7500000, 0x00000000a7600000, 0x00000000a7600000|100%| O|  |TAMS 0x00000000a7600000, 0x00000000a7600000| Untracked 
| 118|0x00000000a7600000, 0x00000000a7700000, 0x00000000a7700000|100%| O|  |TAMS 0x00000000a7700000, 0x00000000a7700000| Untracked 
| 119|0x00000000a7700000, 0x00000000a7800000, 0x00000000a7800000|100%| O|  |TAMS 0x00000000a7800000, 0x00000000a7800000| Untracked 
| 120|0x00000000a7800000, 0x00000000a7900000, 0x00000000a7900000|100%| O|  |TAMS 0x00000000a7900000, 0x00000000a7900000| Untracked 
| 121|0x00000000a7900000, 0x00000000a7a00000, 0x00000000a7a00000|100%| O|  |TAMS 0x00000000a7a00000, 0x00000000a7a00000| Untracked 
| 122|0x00000000a7a00000, 0x00000000a7a00000, 0x00000000a7b00000|  0%| F|  |TAMS 0x00000000a7a00000, 0x00000000a7a00000| Untracked 
| 123|0x00000000a7b00000, 0x00000000a7b00000, 0x00000000a7c00000|  0%| F|  |TAMS 0x00000000a7b00000, 0x00000000a7b00000| Untracked 
| 124|0x00000000a7c00000, 0x00000000a7c00000, 0x00000000a7d00000|  0%| F|  |TAMS 0x00000000a7c00000, 0x00000000a7c00000| Untracked 
| 125|0x00000000a7d00000, 0x00000000a7d00000, 0x00000000a7e00000|  0%| F|  |TAMS 0x00000000a7d00000, 0x00000000a7d00000| Untracked 
| 126|0x00000000a7e00000, 0x00000000a7e00000, 0x00000000a7f00000|  0%| F|  |TAMS 0x00000000a7e00000, 0x00000000a7e00000| Untracked 
| 127|0x00000000a7f00000, 0x00000000a7f00000, 0x00000000a8000000|  0%| F|  |TAMS 0x00000000a7f00000, 0x00000000a7f00000| Untracked 
| 128|0x00000000a8000000, 0x00000000a8000000, 0x00000000a8100000|  0%| F|  |TAMS 0x00000000a8000000, 0x00000000a8000000| Untracked 
| 129|0x00000000a8100000, 0x00000000a8100000, 0x00000000a8200000|  0%| F|  |TAMS 0x00000000a8100000, 0x00000000a8100000| Untracked 
| 130|0x00000000a8200000, 0x00000000a8200000, 0x00000000a8300000|  0%| F|  |TAMS 0x00000000a8200000, 0x00000000a8200000| Untracked 
| 131|0x00000000a8300000, 0x00000000a8300000, 0x00000000a8400000|  0%| F|  |TAMS 0x00000000a8300000, 0x00000000a8300000| Untracked 
| 132|0x00000000a8400000, 0x00000000a8400000, 0x00000000a8500000|  0%| F|  |TAMS 0x00000000a8400000, 0x00000000a8400000| Untracked 
| 133|0x00000000a8500000, 0x00000000a8500000, 0x00000000a8600000|  0%| F|  |TAMS 0x00000000a8500000, 0x00000000a8500000| Untracked 
| 134|0x00000000a8600000, 0x00000000a8600000, 0x00000000a8700000|  0%| F|  |TAMS 0x00000000a8600000, 0x00000000a8600000| Untracked 
| 135|0x00000000a8700000, 0x00000000a8700000, 0x00000000a8800000|  0%| F|  |TAMS 0x00000000a8700000, 0x00000000a8700000| Untracked 
| 136|0x00000000a8800000, 0x00000000a8800000, 0x00000000a8900000|  0%| F|  |TAMS 0x00000000a8800000, 0x00000000a8800000| Untracked 
| 137|0x00000000a8900000, 0x00000000a8900000, 0x00000000a8a00000|  0%| F|  |TAMS 0x00000000a8900000, 0x00000000a8900000| Untracked 
| 138|0x00000000a8a00000, 0x00000000a8a00000, 0x00000000a8b00000|  0%| F|  |TAMS 0x00000000a8a00000, 0x00000000a8a00000| Untracked 
| 139|0x00000000a8b00000, 0x00000000a8b00000, 0x00000000a8c00000|  0%| F|  |TAMS 0x00000000a8b00000, 0x00000000a8b00000| Untracked 
| 140|0x00000000a8c00000, 0x00000000a8c00000, 0x00000000a8d00000|  0%| F|  |TAMS 0x00000000a8c00000, 0x00000000a8c00000| Untracked 
| 141|0x00000000a8d00000, 0x00000000a8d00000, 0x00000000a8e00000|  0%| F|  |TAMS 0x00000000a8d00000, 0x00000000a8d00000| Untracked 
| 142|0x00000000a8e00000, 0x00000000a8e00000, 0x00000000a8f00000|  0%| F|  |TAMS 0x00000000a8e00000, 0x00000000a8e00000| Untracked 
| 143|0x00000000a8f00000, 0x00000000a8f00000, 0x00000000a9000000|  0%| F|  |TAMS 0x00000000a8f00000, 0x00000000a8f00000| Untracked 
| 144|0x00000000a9000000, 0x00000000a900c9b0, 0x00000000a9100000|  4%| S|CS|TAMS 0x00000000a9000000, 0x00000000a9000000| Complete 
| 145|0x00000000a9100000, 0x00000000a9100000, 0x00000000a9200000|  0%| F|  |TAMS 0x00000000a9100000, 0x00000000a9100000| Untracked 
| 146|0x00000000a9200000, 0x00000000a9300000, 0x00000000a9300000|100%|HS|  |TAMS 0x00000000a9300000, 0x00000000a9300000| Complete 
| 147|0x00000000a9300000, 0x00000000a9400000, 0x00000000a9400000|100%|HC|  |TAMS 0x00000000a9400000, 0x00000000a9400000| Complete 
| 148|0x00000000a9400000, 0x00000000a9400000, 0x00000000a9500000|  0%| F|  |TAMS 0x00000000a9400000, 0x00000000a9400000| Untracked 
| 149|0x00000000a9500000, 0x00000000a9500000, 0x00000000a9600000|  0%| F|  |TAMS 0x00000000a9500000, 0x00000000a9500000| Untracked 
| 150|0x00000000a9600000, 0x00000000a9600000, 0x00000000a9700000|  0%| F|  |TAMS 0x00000000a9600000, 0x00000000a9600000| Untracked 
| 151|0x00000000a9700000, 0x00000000a9700000, 0x00000000a9800000|  0%| F|  |TAMS 0x00000000a9700000, 0x00000000a9700000| Untracked 
| 152|0x00000000a9800000, 0x00000000a9800000, 0x00000000a9900000|  0%| F|  |TAMS 0x00000000a9800000, 0x00000000a9800000| Untracked 
| 153|0x00000000a9900000, 0x00000000a9900000, 0x00000000a9a00000|  0%| F|  |TAMS 0x00000000a9900000, 0x00000000a9900000| Untracked 
| 154|0x00000000a9a00000, 0x00000000a9a00000, 0x00000000a9b00000|  0%| F|  |TAMS 0x00000000a9a00000, 0x00000000a9a00000| Untracked 
| 155|0x00000000a9b00000, 0x00000000a9b00000, 0x00000000a9c00000|  0%| F|  |TAMS 0x00000000a9b00000, 0x00000000a9b00000| Untracked 
| 156|0x00000000a9c00000, 0x00000000a9c00000, 0x00000000a9d00000|  0%| F|  |TAMS 0x00000000a9c00000, 0x00000000a9c00000| Untracked 
| 157|0x00000000a9d00000, 0x00000000a9d00000, 0x00000000a9e00000|  0%| F|  |TAMS 0x00000000a9d00000, 0x00000000a9d00000| Untracked 
| 158|0x00000000a9e00000, 0x00000000a9e00000, 0x00000000a9f00000|  0%| F|  |TAMS 0x00000000a9e00000, 0x00000000a9e00000| Untracked 
| 159|0x00000000a9f00000, 0x00000000a9f00000, 0x00000000aa000000|  0%| F|  |TAMS 0x00000000a9f00000, 0x00000000a9f00000| Untracked 
| 160|0x00000000aa000000, 0x00000000aa000000, 0x00000000aa100000|  0%| F|  |TAMS 0x00000000aa000000, 0x00000000aa000000| Untracked 
| 161|0x00000000aa100000, 0x00000000aa100000, 0x00000000aa200000|  0%| F|  |TAMS 0x00000000aa100000, 0x00000000aa100000| Untracked 
| 162|0x00000000aa200000, 0x00000000aa200000, 0x00000000aa300000|  0%| F|  |TAMS 0x00000000aa200000, 0x00000000aa200000| Untracked 
| 163|0x00000000aa300000, 0x00000000aa300000, 0x00000000aa400000|  0%| F|  |TAMS 0x00000000aa300000, 0x00000000aa300000| Untracked 
| 164|0x00000000aa400000, 0x00000000aa400000, 0x00000000aa500000|  0%| F|  |TAMS 0x00000000aa400000, 0x00000000aa400000| Untracked 
| 165|0x00000000aa500000, 0x00000000aa500000, 0x00000000aa600000|  0%| F|  |TAMS 0x00000000aa500000, 0x00000000aa500000| Untracked 
| 166|0x00000000aa600000, 0x00000000aa600000, 0x00000000aa700000|  0%| F|  |TAMS 0x00000000aa600000, 0x00000000aa600000| Untracked 
| 167|0x00000000aa700000, 0x00000000aa700000, 0x00000000aa800000|  0%| F|  |TAMS 0x00000000aa700000, 0x00000000aa700000| Untracked 
| 168|0x00000000aa800000, 0x00000000aa800000, 0x00000000aa900000|  0%| F|  |TAMS 0x00000000aa800000, 0x00000000aa800000| Untracked 
| 169|0x00000000aa900000, 0x00000000aa900000, 0x00000000aaa00000|  0%| F|  |TAMS 0x00000000aa900000, 0x00000000aa900000| Untracked 
| 170|0x00000000aaa00000, 0x00000000aaa00000, 0x00000000aab00000|  0%| F|  |TAMS 0x00000000aaa00000, 0x00000000aaa00000| Untracked 
| 171|0x00000000aab00000, 0x00000000aab00000, 0x00000000aac00000|  0%| F|  |TAMS 0x00000000aab00000, 0x00000000aab00000| Untracked 
| 172|0x00000000aac00000, 0x00000000aac00000, 0x00000000aad00000|  0%| F|  |TAMS 0x00000000aac00000, 0x00000000aac00000| Untracked 
| 173|0x00000000aad00000, 0x00000000aad00000, 0x00000000aae00000|  0%| F|  |TAMS 0x00000000aad00000, 0x00000000aad00000| Untracked 
| 174|0x00000000aae00000, 0x00000000aae00000, 0x00000000aaf00000|  0%| F|  |TAMS 0x00000000aae00000, 0x00000000aae00000| Untracked 
| 175|0x00000000aaf00000, 0x00000000aaf00000, 0x00000000ab000000|  0%| F|  |TAMS 0x00000000aaf00000, 0x00000000aaf00000| Untracked 
| 176|0x00000000ab000000, 0x00000000ab000000, 0x00000000ab100000|  0%| F|  |TAMS 0x00000000ab000000, 0x00000000ab000000| Untracked 
| 177|0x00000000ab100000, 0x00000000ab100000, 0x00000000ab200000|  0%| F|  |TAMS 0x00000000ab100000, 0x00000000ab100000| Untracked 
| 178|0x00000000ab200000, 0x00000000ab200000, 0x00000000ab300000|  0%| F|  |TAMS 0x00000000ab200000, 0x00000000ab200000| Untracked 
| 179|0x00000000ab300000, 0x00000000ab300000, 0x00000000ab400000|  0%| F|  |TAMS 0x00000000ab300000, 0x00000000ab300000| Untracked 
| 180|0x00000000ab400000, 0x00000000ab400000, 0x00000000ab500000|  0%| F|  |TAMS 0x00000000ab400000, 0x00000000ab400000| Untracked 
| 181|0x00000000ab500000, 0x00000000ab500000, 0x00000000ab600000|  0%| F|  |TAMS 0x00000000ab500000, 0x00000000ab500000| Untracked 
| 182|0x00000000ab600000, 0x00000000ab600000, 0x00000000ab700000|  0%| F|  |TAMS 0x00000000ab600000, 0x00000000ab600000| Untracked 
| 183|0x00000000ab700000, 0x00000000ab700000, 0x00000000ab800000|  0%| F|  |TAMS 0x00000000ab700000, 0x00000000ab700000| Untracked 
| 184|0x00000000ab800000, 0x00000000ab800000, 0x00000000ab900000|  0%| F|  |TAMS 0x00000000ab800000, 0x00000000ab800000| Untracked 
| 185|0x00000000ab900000, 0x00000000ab900000, 0x00000000aba00000|  0%| F|  |TAMS 0x00000000ab900000, 0x00000000ab900000| Untracked 
| 186|0x00000000aba00000, 0x00000000aba00000, 0x00000000abb00000|  0%| F|  |TAMS 0x00000000aba00000, 0x00000000aba00000| Untracked 
| 187|0x00000000abb00000, 0x00000000abb00000, 0x00000000abc00000|  0%| F|  |TAMS 0x00000000abb00000, 0x00000000abb00000| Untracked 
| 188|0x00000000abc00000, 0x00000000abc00000, 0x00000000abd00000|  0%| F|  |TAMS 0x00000000abc00000, 0x00000000abc00000| Untracked 
| 189|0x00000000abd00000, 0x00000000abd00000, 0x00000000abe00000|  0%| F|  |TAMS 0x00000000abd00000, 0x00000000abd00000| Untracked 
| 190|0x00000000abe00000, 0x00000000abe00000, 0x00000000abf00000|  0%| F|  |TAMS 0x00000000abe00000, 0x00000000abe00000| Untracked 
| 191|0x00000000abf00000, 0x00000000abf00000, 0x00000000ac000000|  0%| F|  |TAMS 0x00000000abf00000, 0x00000000abf00000| Untracked 
| 192|0x00000000ac000000, 0x00000000ac000000, 0x00000000ac100000|  0%| F|  |TAMS 0x00000000ac000000, 0x00000000ac000000| Untracked 
| 193|0x00000000ac100000, 0x00000000ac100000, 0x00000000ac200000|  0%| F|  |TAMS 0x00000000ac100000, 0x00000000ac100000| Untracked 
| 194|0x00000000ac200000, 0x00000000ac200000, 0x00000000ac300000|  0%| F|  |TAMS 0x00000000ac200000, 0x00000000ac200000| Untracked 
| 195|0x00000000ac300000, 0x00000000ac300000, 0x00000000ac400000|  0%| F|  |TAMS 0x00000000ac300000, 0x00000000ac300000| Untracked 
| 196|0x00000000ac400000, 0x00000000ac400000, 0x00000000ac500000|  0%| F|  |TAMS 0x00000000ac400000, 0x00000000ac400000| Untracked 
| 197|0x00000000ac500000, 0x00000000ac500000, 0x00000000ac600000|  0%| F|  |TAMS 0x00000000ac500000, 0x00000000ac500000| Untracked 
| 198|0x00000000ac600000, 0x00000000ac600000, 0x00000000ac700000|  0%| F|  |TAMS 0x00000000ac600000, 0x00000000ac600000| Untracked 
| 199|0x00000000ac700000, 0x00000000ac700000, 0x00000000ac800000|  0%| F|  |TAMS 0x00000000ac700000, 0x00000000ac700000| Untracked 
| 200|0x00000000ac800000, 0x00000000ac800000, 0x00000000ac900000|  0%| F|  |TAMS 0x00000000ac800000, 0x00000000ac800000| Untracked 
| 201|0x00000000ac900000, 0x00000000ac900000, 0x00000000aca00000|  0%| F|  |TAMS 0x00000000ac900000, 0x00000000ac900000| Untracked 
| 202|0x00000000aca00000, 0x00000000aca00000, 0x00000000acb00000|  0%| F|  |TAMS 0x00000000aca00000, 0x00000000aca00000| Untracked 
| 203|0x00000000acb00000, 0x00000000acb00000, 0x00000000acc00000|  0%| F|  |TAMS 0x00000000acb00000, 0x00000000acb00000| Untracked 
| 204|0x00000000acc00000, 0x00000000acc00000, 0x00000000acd00000|  0%| F|  |TAMS 0x00000000acc00000, 0x00000000acc00000| Untracked 
| 205|0x00000000acd00000, 0x00000000acd00000, 0x00000000ace00000|  0%| F|  |TAMS 0x00000000acd00000, 0x00000000acd00000| Untracked 
| 206|0x00000000ace00000, 0x00000000ace00000, 0x00000000acf00000|  0%| F|  |TAMS 0x00000000ace00000, 0x00000000ace00000| Untracked 
| 207|0x00000000acf00000, 0x00000000acf00000, 0x00000000ad000000|  0%| F|  |TAMS 0x00000000acf00000, 0x00000000acf00000| Untracked 
| 208|0x00000000ad000000, 0x00000000ad000000, 0x00000000ad100000|  0%| F|  |TAMS 0x00000000ad000000, 0x00000000ad000000| Untracked 
| 209|0x00000000ad100000, 0x00000000ad100000, 0x00000000ad200000|  0%| F|  |TAMS 0x00000000ad100000, 0x00000000ad100000| Untracked 
| 210|0x00000000ad200000, 0x00000000ad200000, 0x00000000ad300000|  0%| F|  |TAMS 0x00000000ad200000, 0x00000000ad200000| Untracked 
| 211|0x00000000ad300000, 0x00000000ad300000, 0x00000000ad400000|  0%| F|  |TAMS 0x00000000ad300000, 0x00000000ad300000| Untracked 
| 212|0x00000000ad400000, 0x00000000ad400000, 0x00000000ad500000|  0%| F|  |TAMS 0x00000000ad400000, 0x00000000ad400000| Untracked 
| 213|0x00000000ad500000, 0x00000000ad500000, 0x00000000ad600000|  0%| F|  |TAMS 0x00000000ad500000, 0x00000000ad500000| Untracked 
| 214|0x00000000ad600000, 0x00000000ad600000, 0x00000000ad700000|  0%| F|  |TAMS 0x00000000ad600000, 0x00000000ad600000| Untracked 
| 215|0x00000000ad700000, 0x00000000ad700000, 0x00000000ad800000|  0%| F|  |TAMS 0x00000000ad700000, 0x00000000ad700000| Untracked 
| 216|0x00000000ad800000, 0x00000000ad800000, 0x00000000ad900000|  0%| F|  |TAMS 0x00000000ad800000, 0x00000000ad800000| Untracked 
| 217|0x00000000ad900000, 0x00000000ad900000, 0x00000000ada00000|  0%| F|  |TAMS 0x00000000ad900000, 0x00000000ad900000| Untracked 
| 218|0x00000000ada00000, 0x00000000ada00000, 0x00000000adb00000|  0%| F|  |TAMS 0x00000000ada00000, 0x00000000ada00000| Untracked 
| 219|0x00000000adb00000, 0x00000000adb00000, 0x00000000adc00000|  0%| F|  |TAMS 0x00000000adb00000, 0x00000000adb00000| Untracked 
| 220|0x00000000adc00000, 0x00000000adc00000, 0x00000000add00000|  0%| F|  |TAMS 0x00000000adc00000, 0x00000000adc00000| Untracked 
| 221|0x00000000add00000, 0x00000000add00000, 0x00000000ade00000|  0%| F|  |TAMS 0x00000000add00000, 0x00000000add00000| Untracked 
| 222|0x00000000ade00000, 0x00000000ade00000, 0x00000000adf00000|  0%| F|  |TAMS 0x00000000ade00000, 0x00000000ade00000| Untracked 
| 223|0x00000000adf00000, 0x00000000adf00000, 0x00000000ae000000|  0%| F|  |TAMS 0x00000000adf00000, 0x00000000adf00000| Untracked 
| 224|0x00000000ae000000, 0x00000000ae000000, 0x00000000ae100000|  0%| F|  |TAMS 0x00000000ae000000, 0x00000000ae000000| Untracked 
| 225|0x00000000ae100000, 0x00000000ae100000, 0x00000000ae200000|  0%| F|  |TAMS 0x00000000ae100000, 0x00000000ae100000| Untracked 
| 226|0x00000000ae200000, 0x00000000ae200000, 0x00000000ae300000|  0%| F|  |TAMS 0x00000000ae200000, 0x00000000ae200000| Untracked 
| 227|0x00000000ae300000, 0x00000000ae300000, 0x00000000ae400000|  0%| F|  |TAMS 0x00000000ae300000, 0x00000000ae300000| Untracked 
| 228|0x00000000ae400000, 0x00000000ae400000, 0x00000000ae500000|  0%| F|  |TAMS 0x00000000ae400000, 0x00000000ae400000| Untracked 
| 229|0x00000000ae500000, 0x00000000ae500000, 0x00000000ae600000|  0%| F|  |TAMS 0x00000000ae500000, 0x00000000ae500000| Untracked 
| 230|0x00000000ae600000, 0x00000000ae600000, 0x00000000ae700000|  0%| F|  |TAMS 0x00000000ae600000, 0x00000000ae600000| Untracked 
| 231|0x00000000ae700000, 0x00000000ae700000, 0x00000000ae800000|  0%| F|  |TAMS 0x00000000ae700000, 0x00000000ae700000| Untracked 
| 232|0x00000000ae800000, 0x00000000ae800000, 0x00000000ae900000|  0%| F|  |TAMS 0x00000000ae800000, 0x00000000ae800000| Untracked 
| 233|0x00000000ae900000, 0x00000000ae900000, 0x00000000aea00000|  0%| F|  |TAMS 0x00000000ae900000, 0x00000000ae900000| Untracked 
| 234|0x00000000aea00000, 0x00000000aea00000, 0x00000000aeb00000|  0%| F|  |TAMS 0x00000000aea00000, 0x00000000aea00000| Untracked 
| 235|0x00000000aeb00000, 0x00000000aeb00000, 0x00000000aec00000|  0%| F|  |TAMS 0x00000000aeb00000, 0x00000000aeb00000| Untracked 
| 236|0x00000000aec00000, 0x00000000aec00000, 0x00000000aed00000|  0%| F|  |TAMS 0x00000000aec00000, 0x00000000aec00000| Untracked 
| 237|0x00000000aed00000, 0x00000000aed00000, 0x00000000aee00000|  0%| F|  |TAMS 0x00000000aed00000, 0x00000000aed00000| Untracked 
| 238|0x00000000aee00000, 0x00000000aee00000, 0x00000000aef00000|  0%| F|  |TAMS 0x00000000aee00000, 0x00000000aee00000| Untracked 
| 239|0x00000000aef00000, 0x00000000aef00000, 0x00000000af000000|  0%| F|  |TAMS 0x00000000aef00000, 0x00000000aef00000| Untracked 
| 240|0x00000000af000000, 0x00000000af000000, 0x00000000af100000|  0%| F|  |TAMS 0x00000000af000000, 0x00000000af000000| Untracked 
| 241|0x00000000af100000, 0x00000000af100000, 0x00000000af200000|  0%| F|  |TAMS 0x00000000af100000, 0x00000000af100000| Untracked 
| 242|0x00000000af200000, 0x00000000af200000, 0x00000000af300000|  0%| F|  |TAMS 0x00000000af200000, 0x00000000af200000| Untracked 
| 243|0x00000000af300000, 0x00000000af300000, 0x00000000af400000|  0%| F|  |TAMS 0x00000000af300000, 0x00000000af300000| Untracked 
| 244|0x00000000af400000, 0x00000000af400000, 0x00000000af500000|  0%| F|  |TAMS 0x00000000af400000, 0x00000000af400000| Untracked 
| 245|0x00000000af500000, 0x00000000af500000, 0x00000000af600000|  0%| F|  |TAMS 0x00000000af500000, 0x00000000af500000| Untracked 
| 246|0x00000000af600000, 0x00000000af600000, 0x00000000af700000|  0%| F|  |TAMS 0x00000000af600000, 0x00000000af600000| Untracked 
| 247|0x00000000af700000, 0x00000000af700000, 0x00000000af800000|  0%| F|  |TAMS 0x00000000af700000, 0x00000000af700000| Untracked 
| 248|0x00000000af800000, 0x00000000af800000, 0x00000000af900000|  0%| F|  |TAMS 0x00000000af800000, 0x00000000af800000| Untracked 
| 249|0x00000000af900000, 0x00000000af900000, 0x00000000afa00000|  0%| F|  |TAMS 0x00000000af900000, 0x00000000af900000| Untracked 
| 250|0x00000000afa00000, 0x00000000afa00000, 0x00000000afb00000|  0%| F|  |TAMS 0x00000000afa00000, 0x00000000afa00000| Untracked 
| 251|0x00000000afb00000, 0x00000000afb00000, 0x00000000afc00000|  0%| F|  |TAMS 0x00000000afb00000, 0x00000000afb00000| Untracked 
| 252|0x00000000afc00000, 0x00000000afc00000, 0x00000000afd00000|  0%| F|  |TAMS 0x00000000afc00000, 0x00000000afc00000| Untracked 
| 253|0x00000000afd00000, 0x00000000afd00000, 0x00000000afe00000|  0%| F|  |TAMS 0x00000000afd00000, 0x00000000afd00000| Untracked 
| 254|0x00000000afe00000, 0x00000000afe00000, 0x00000000aff00000|  0%| F|  |TAMS 0x00000000afe00000, 0x00000000afe00000| Untracked 
| 255|0x00000000aff00000, 0x00000000aff00000, 0x00000000b0000000|  0%| F|  |TAMS 0x00000000aff00000, 0x00000000aff00000| Untracked 
| 256|0x00000000b0000000, 0x00000000b0000000, 0x00000000b0100000|  0%| F|  |TAMS 0x00000000b0000000, 0x00000000b0000000| Untracked 
| 257|0x00000000b0100000, 0x00000000b0100000, 0x00000000b0200000|  0%| F|  |TAMS 0x00000000b0100000, 0x00000000b0100000| Untracked 
| 258|0x00000000b0200000, 0x00000000b0200000, 0x00000000b0300000|  0%| F|  |TAMS 0x00000000b0200000, 0x00000000b0200000| Untracked 
| 259|0x00000000b0300000, 0x00000000b0300000, 0x00000000b0400000|  0%| F|  |TAMS 0x00000000b0300000, 0x00000000b0300000| Untracked 
| 260|0x00000000b0400000, 0x00000000b0400000, 0x00000000b0500000|  0%| F|  |TAMS 0x00000000b0400000, 0x00000000b0400000| Untracked 
| 261|0x00000000b0500000, 0x00000000b0500000, 0x00000000b0600000|  0%| F|  |TAMS 0x00000000b0500000, 0x00000000b0500000| Untracked 
| 262|0x00000000b0600000, 0x00000000b0600000, 0x00000000b0700000|  0%| F|  |TAMS 0x00000000b0600000, 0x00000000b0600000| Untracked 
| 263|0x00000000b0700000, 0x00000000b0700000, 0x00000000b0800000|  0%| F|  |TAMS 0x00000000b0700000, 0x00000000b0700000| Untracked 
| 264|0x00000000b0800000, 0x00000000b0800000, 0x00000000b0900000|  0%| F|  |TAMS 0x00000000b0800000, 0x00000000b0800000| Untracked 
| 265|0x00000000b0900000, 0x00000000b0900000, 0x00000000b0a00000|  0%| F|  |TAMS 0x00000000b0900000, 0x00000000b0900000| Untracked 
| 266|0x00000000b0a00000, 0x00000000b0a00000, 0x00000000b0b00000|  0%| F|  |TAMS 0x00000000b0a00000, 0x00000000b0a00000| Untracked 
| 267|0x00000000b0b00000, 0x00000000b0b00000, 0x00000000b0c00000|  0%| F|  |TAMS 0x00000000b0b00000, 0x00000000b0b00000| Untracked 
| 268|0x00000000b0c00000, 0x00000000b0c00000, 0x00000000b0d00000|  0%| F|  |TAMS 0x00000000b0c00000, 0x00000000b0c00000| Untracked 
| 269|0x00000000b0d00000, 0x00000000b0d00000, 0x00000000b0e00000|  0%| F|  |TAMS 0x00000000b0d00000, 0x00000000b0d00000| Untracked 
| 270|0x00000000b0e00000, 0x00000000b0e00000, 0x00000000b0f00000|  0%| F|  |TAMS 0x00000000b0e00000, 0x00000000b0e00000| Untracked 
| 271|0x00000000b0f00000, 0x00000000b0f00000, 0x00000000b1000000|  0%| F|  |TAMS 0x00000000b0f00000, 0x00000000b0f00000| Untracked 
| 272|0x00000000b1000000, 0x00000000b1000000, 0x00000000b1100000|  0%| F|  |TAMS 0x00000000b1000000, 0x00000000b1000000| Untracked 
| 273|0x00000000b1100000, 0x00000000b1100000, 0x00000000b1200000|  0%| F|  |TAMS 0x00000000b1100000, 0x00000000b1100000| Untracked 
| 274|0x00000000b1200000, 0x00000000b1200000, 0x00000000b1300000|  0%| F|  |TAMS 0x00000000b1200000, 0x00000000b1200000| Untracked 
| 275|0x00000000b1300000, 0x00000000b1300000, 0x00000000b1400000|  0%| F|  |TAMS 0x00000000b1300000, 0x00000000b1300000| Untracked 
| 276|0x00000000b1400000, 0x00000000b1400000, 0x00000000b1500000|  0%| F|  |TAMS 0x00000000b1400000, 0x00000000b1400000| Untracked 
| 277|0x00000000b1500000, 0x00000000b1500000, 0x00000000b1600000|  0%| F|  |TAMS 0x00000000b1500000, 0x00000000b1500000| Untracked 
| 278|0x00000000b1600000, 0x00000000b1600000, 0x00000000b1700000|  0%| F|  |TAMS 0x00000000b1600000, 0x00000000b1600000| Untracked 
| 279|0x00000000b1700000, 0x00000000b1700000, 0x00000000b1800000|  0%| F|  |TAMS 0x00000000b1700000, 0x00000000b1700000| Untracked 
| 280|0x00000000b1800000, 0x00000000b1800000, 0x00000000b1900000|  0%| F|  |TAMS 0x00000000b1800000, 0x00000000b1800000| Untracked 
| 281|0x00000000b1900000, 0x00000000b1900000, 0x00000000b1a00000|  0%| F|  |TAMS 0x00000000b1900000, 0x00000000b1900000| Untracked 
| 282|0x00000000b1a00000, 0x00000000b1a00000, 0x00000000b1b00000|  0%| F|  |TAMS 0x00000000b1a00000, 0x00000000b1a00000| Untracked 
| 283|0x00000000b1b00000, 0x00000000b1b00000, 0x00000000b1c00000|  0%| F|  |TAMS 0x00000000b1b00000, 0x00000000b1b00000| Untracked 
| 284|0x00000000b1c00000, 0x00000000b1c00000, 0x00000000b1d00000|  0%| F|  |TAMS 0x00000000b1c00000, 0x00000000b1c00000| Untracked 
| 285|0x00000000b1d00000, 0x00000000b1d00000, 0x00000000b1e00000|  0%| F|  |TAMS 0x00000000b1d00000, 0x00000000b1d00000| Untracked 
| 286|0x00000000b1e00000, 0x00000000b1e00000, 0x00000000b1f00000|  0%| F|  |TAMS 0x00000000b1e00000, 0x00000000b1e00000| Untracked 
| 287|0x00000000b1f00000, 0x00000000b1f00000, 0x00000000b2000000|  0%| F|  |TAMS 0x00000000b1f00000, 0x00000000b1f00000| Untracked 
| 288|0x00000000b2000000, 0x00000000b2000000, 0x00000000b2100000|  0%| F|  |TAMS 0x00000000b2000000, 0x00000000b2000000| Untracked 
| 289|0x00000000b2100000, 0x00000000b2100000, 0x00000000b2200000|  0%| F|  |TAMS 0x00000000b2100000, 0x00000000b2100000| Untracked 
| 290|0x00000000b2200000, 0x00000000b2200000, 0x00000000b2300000|  0%| F|  |TAMS 0x00000000b2200000, 0x00000000b2200000| Untracked 
| 291|0x00000000b2300000, 0x00000000b2300000, 0x00000000b2400000|  0%| F|  |TAMS 0x00000000b2300000, 0x00000000b2300000| Untracked 
| 292|0x00000000b2400000, 0x00000000b2400000, 0x00000000b2500000|  0%| F|  |TAMS 0x00000000b2400000, 0x00000000b2400000| Untracked 
| 293|0x00000000b2500000, 0x00000000b2500000, 0x00000000b2600000|  0%| F|  |TAMS 0x00000000b2500000, 0x00000000b2500000| Untracked 
| 294|0x00000000b2600000, 0x00000000b2600000, 0x00000000b2700000|  0%| F|  |TAMS 0x00000000b2600000, 0x00000000b2600000| Untracked 
| 295|0x00000000b2700000, 0x00000000b2700000, 0x00000000b2800000|  0%| F|  |TAMS 0x00000000b2700000, 0x00000000b2700000| Untracked 
| 296|0x00000000b2800000, 0x00000000b2800000, 0x00000000b2900000|  0%| F|  |TAMS 0x00000000b2800000, 0x00000000b2800000| Untracked 
| 297|0x00000000b2900000, 0x00000000b2900000, 0x00000000b2a00000|  0%| F|  |TAMS 0x00000000b2900000, 0x00000000b2900000| Untracked 
| 298|0x00000000b2a00000, 0x00000000b2a00000, 0x00000000b2b00000|  0%| F|  |TAMS 0x00000000b2a00000, 0x00000000b2a00000| Untracked 
| 299|0x00000000b2b00000, 0x00000000b2b00000, 0x00000000b2c00000|  0%| F|  |TAMS 0x00000000b2b00000, 0x00000000b2b00000| Untracked 
| 300|0x00000000b2c00000, 0x00000000b2c00000, 0x00000000b2d00000|  0%| F|  |TAMS 0x00000000b2c00000, 0x00000000b2c00000| Untracked 
| 301|0x00000000b2d00000, 0x00000000b2d00000, 0x00000000b2e00000|  0%| F|  |TAMS 0x00000000b2d00000, 0x00000000b2d00000| Untracked 
| 302|0x00000000b2e00000, 0x00000000b2e00000, 0x00000000b2f00000|  0%| F|  |TAMS 0x00000000b2e00000, 0x00000000b2e00000| Untracked 
| 303|0x00000000b2f00000, 0x00000000b2f00000, 0x00000000b3000000|  0%| F|  |TAMS 0x00000000b2f00000, 0x00000000b2f00000| Untracked 
| 304|0x00000000b3000000, 0x00000000b3000000, 0x00000000b3100000|  0%| F|  |TAMS 0x00000000b3000000, 0x00000000b3000000| Untracked 
| 305|0x00000000b3100000, 0x00000000b3100000, 0x00000000b3200000|  0%| F|  |TAMS 0x00000000b3100000, 0x00000000b3100000| Untracked 
| 306|0x00000000b3200000, 0x00000000b3200000, 0x00000000b3300000|  0%| F|  |TAMS 0x00000000b3200000, 0x00000000b3200000| Untracked 
| 307|0x00000000b3300000, 0x00000000b3300000, 0x00000000b3400000|  0%| F|  |TAMS 0x00000000b3300000, 0x00000000b3300000| Untracked 
| 308|0x00000000b3400000, 0x00000000b3400000, 0x00000000b3500000|  0%| F|  |TAMS 0x00000000b3400000, 0x00000000b3400000| Untracked 
| 309|0x00000000b3500000, 0x00000000b3500000, 0x00000000b3600000|  0%| F|  |TAMS 0x00000000b3500000, 0x00000000b3500000| Untracked 
| 310|0x00000000b3600000, 0x00000000b3600000, 0x00000000b3700000|  0%| F|  |TAMS 0x00000000b3600000, 0x00000000b3600000| Untracked 
| 311|0x00000000b3700000, 0x00000000b3700000, 0x00000000b3800000|  0%| F|  |TAMS 0x00000000b3700000, 0x00000000b3700000| Untracked 
| 312|0x00000000b3800000, 0x00000000b3800000, 0x00000000b3900000|  0%| F|  |TAMS 0x00000000b3800000, 0x00000000b3800000| Untracked 
| 313|0x00000000b3900000, 0x00000000b3900000, 0x00000000b3a00000|  0%| F|  |TAMS 0x00000000b3900000, 0x00000000b3900000| Untracked 
| 509|0x00000000bfd00000, 0x00000000bfd00000, 0x00000000bfe00000|  0%| F|  |TAMS 0x00000000bfd00000, 0x00000000bfd00000| Untracked 

Card table byte_map: [0x000001eb3d4b0000,0x000001eb3d7b0000] _byte_map_base: 0x000001eb3cfb0000

Marking Bits (Prev, Next): (CMBitMap*) 0x000001eb3263da50, (CMBitMap*) 0x000001eb3263da90
 Prev Bits: [0x000001eb3dab0000, 0x000001eb3f2b0000)
 Next Bits: [0x000001eb3f2b0000, 0x000001eb40ab0000)

Polling page: 0x000001eb303b0000

Metaspace:

Usage:
  Non-class:     87.04 MB used.
      Class:     13.32 MB used.
       Both:    100.36 MB used.

Virtual space:
  Non-class space:      128.00 MB reserved,      87.31 MB ( 68%) committed,  2 nodes.
      Class space:        1.00 GB reserved,      13.62 MB (  1%) committed,  1 nodes.
             Both:        1.12 GB reserved,     100.94 MB (  9%) committed. 

Chunk freelists:
   Non-Class:  7.80 MB
       Class:  2.29 MB
        Both:  10.08 MB

MaxMetaspaceSize: unlimited
CompressedClassSpaceSize: 1.00 GB
Initial GC threshold: 21.00 MB
Current GC threshold: 168.25 MB
CDS: on
MetaspaceReclaimPolicy: balanced
 - commit_granule_bytes: 65536.
 - commit_granule_words: 8192.
 - virtual_space_node_default_size: 8388608.
 - enlarge_chunks_in_place: 1.
 - new_chunks_are_fully_committed: 0.
 - uncommit_free_chunks: 1.
 - use_allocation_guard: 0.
 - handle_deallocations: 1.


Internal statistics:

num_allocs_failed_limit: 9.
num_arena_births: 1044.
num_arena_deaths: 0.
num_vsnodes_births: 3.
num_vsnodes_deaths: 0.
num_space_committed: 1615.
num_space_uncommitted: 0.
num_chunks_returned_to_freelist: 9.
num_chunks_taken_from_freelist: 5186.
num_chunk_merges: 9.
num_chunk_splits: 3609.
num_chunks_enlarged: 2640.
num_inconsistent_stats: 0.

CodeCache: size=49152Kb used=28644Kb max_used=30327Kb free=20507Kb
 bounds [0x000001eb39e80000, 0x000001eb3bc20000, 0x000001eb3ce80000]
 total_blobs=15414 nmethods=14683 adapters=656
 compilation: enabled
              stopped_count=0, restarted_count=0
 full_count=0

Compilation events (20 events):
Event: 16.451 Thread 0x000001eb4386dbc0 nmethod 14909 0x000001eb3bc1b510 code [0x000001eb3bc1b6a0, 0x000001eb3bc1b798]
Event: 16.451 Thread 0x000001eb4386dbc0 14912       1       io.micrometer.core.instrument.binder.jvm.JvmGcMetrics::access$100 (5 bytes)
Event: 16.452 Thread 0x000001eb4386dbc0 nmethod 14912 0x000001eb3bc1b810 code [0x000001eb3bc1b9a0, 0x000001eb3bc1ba58]
Event: 16.452 Thread 0x000001eb4386dbc0 14910       1       com.sun.management.GarbageCollectionNotificationInfo::getGcAction (5 bytes)
Event: 16.452 Thread 0x000001eb43a3f9f0 nmethod 14914 0x000001eb3bc1bb10 code [0x000001eb3bc1bca0, 0x000001eb3bc1be68]
Event: 16.452 Thread 0x000001eb43a3f9f0 14911       1       io.micrometer.core.instrument.binder.jvm.JvmGcMetrics::access$600 (5 bytes)
Event: 16.452 Thread 0x000001eb43a407e0 nmethod 14913 0x000001eb3bc1bf90 code [0x000001eb3bc1c140, 0x000001eb3bc1c438]
Event: 16.452 Thread 0x000001eb4386dbc0 nmethod 14910 0x000001eb3bc1c590 code [0x000001eb3bc1c720, 0x000001eb3bc1c7f8]
Event: 16.452 Thread 0x000001eb43a3f9f0 nmethod 14911 0x000001eb3bc1c890 code [0x000001eb3bc1ca20, 0x000001eb3bc1cad8]
Event: 16.452 Thread 0x000001eb43a43dd0 nmethod 14907 0x000001eb3bc1cb90 code [0x000001eb3bc1cdc0, 0x000001eb3bc1d2d8]
Event: 16.547 Thread 0x000001eb43a43dd0 14915       1       io.micrometer.core.instrument.Tags::and (52 bytes)
Event: 16.547 Thread 0x000001eb43a43dd0 nmethod 14915 0x000001eb3bc1d610 code [0x000001eb3bc1d800, 0x000001eb3bc1da08]
Event: 16.956 Thread 0x000001eb43a407e0 14916       1       java.lang.invoke.DirectMethodHandle$Holder::invokeStatic (17 bytes)
Event: 16.956 Thread 0x000001eb43a407e0 nmethod 14916 0x000001eb3bc1db90 code [0x000001eb3bc1dd40, 0x000001eb3bc1de78]
Event: 17.572 Thread 0x000001eb4386dbc0 14917       1       javax.management.ObjectName::setCanonicalName (251 bytes)
Event: 17.573 Thread 0x000001eb4386dbc0 nmethod 14917 0x000001eb3a163390 code [0x000001eb3a1635e0, 0x000001eb3a164158]
Event: 17.964 Thread 0x000001eb4386dbc0 14918       1       java.lang.Double::<init> (10 bytes)
Event: 17.964 Thread 0x000001eb4386dbc0 nmethod 14918 0x000001eb3a049790 code [0x000001eb3a049920, 0x000001eb3a0499f8]
Event: 17.964 Thread 0x000001eb4386dbc0 14919       1       java.lang.Double::valueOf (9 bytes)
Event: 17.964 Thread 0x000001eb4386dbc0 nmethod 14919 0x000001eb3a049410 code [0x000001eb3a0495a0, 0x000001eb3a049698]

GC Heap History (20 events):
Event: 17.466 GC heap after
{Heap after GC invocations=91 (full 0):
 garbage-first heap   total 247808K, used 137215K [0x00000000a0000000, 0x0000000100000000)
  region size 1024K, 1 young (1024K), 1 survivors (1024K)
 Metaspace       used 102766K, committed 103360K, reserved 1179648K
  class space    used 13638K, committed 13952K, reserved 1048576K
}
Event: 17.468 GC heap before
{Heap before GC invocations=91 (full 0):
 garbage-first heap   total 247808K, used 143359K [0x00000000a0000000, 0x0000000100000000)
  region size 1024K, 2 young (2048K), 1 survivors (1024K)
 Metaspace       used 102766K, committed 103360K, reserved 1179648K
  class space    used 13638K, committed 13952K, reserved 1048576K
}
Event: 17.468 GC heap after
{Heap after GC invocations=92 (full 0):
 garbage-first heap   total 247808K, used 143365K [0x00000000a0000000, 0x0000000100000000)
  region size 1024K, 1 young (1024K), 1 survivors (1024K)
 Metaspace       used 102766K, committed 103360K, reserved 1179648K
  class space    used 13638K, committed 13952K, reserved 1048576K
}
Event: 17.571 GC heap before
{Heap before GC invocations=93 (full 0):
 garbage-first heap   total 268288K, used 209925K [0x00000000a0000000, 0x0000000100000000)
  region size 1024K, 76 young (77824K), 1 survivors (1024K)
 Metaspace       used 102766K, committed 103360K, reserved 1179648K
  class space    used 13638K, committed 13952K, reserved 1048576K
}
Event: 17.572 GC heap after
{Heap after GC invocations=94 (full 0):
 garbage-first heap   total 268288K, used 133169K [0x00000000a0000000, 0x0000000100000000)
  region size 1024K, 1 young (1024K), 1 survivors (1024K)
 Metaspace       used 102766K, committed 103360K, reserved 1179648K
  class space    used 13638K, committed 13952K, reserved 1048576K
}
Event: 17.586 GC heap before
{Heap before GC invocations=94 (full 0):
 garbage-first heap   total 268288K, used 145457K [0x00000000a0000000, 0x0000000100000000)
  region size 1024K, 13 young (13312K), 1 survivors (1024K)
 Metaspace       used 102766K, committed 103360K, reserved 1179648K
  class space    used 13638K, committed 13952K, reserved 1048576K
}
Event: 17.587 GC heap after
{Heap after GC invocations=95 (full 0):
 garbage-first heap   total 268288K, used 131358K [0x00000000a0000000, 0x0000000100000000)
  region size 1024K, 1 young (1024K), 1 survivors (1024K)
 Metaspace       used 102766K, committed 103360K, reserved 1179648K
  class space    used 13638K, committed 13952K, reserved 1048576K
}
Event: 17.706 GC heap before
{Heap before GC invocations=95 (full 0):
 garbage-first heap   total 268288K, used 237854K [0x00000000a0000000, 0x0000000100000000)
  region size 1024K, 105 young (107520K), 1 survivors (1024K)
 Metaspace       used 102766K, committed 103360K, reserved 1179648K
  class space    used 13638K, committed 13952K, reserved 1048576K
}
Event: 17.706 GC heap after
{Heap after GC invocations=96 (full 0):
 garbage-first heap   total 268288K, used 131367K [0x00000000a0000000, 0x0000000100000000)
  region size 1024K, 1 young (1024K), 1 survivors (1024K)
 Metaspace       used 102766K, committed 103360K, reserved 1179648K
  class space    used 13638K, committed 13952K, reserved 1048576K
}
Event: 17.823 GC heap before
{Heap before GC invocations=97 (full 0):
 garbage-first heap   total 268288K, used 229671K [0x00000000a0000000, 0x0000000100000000)
  region size 1024K, 105 young (107520K), 1 survivors (1024K)
 Metaspace       used 102766K, committed 103360K, reserved 1179648K
  class space    used 13638K, committed 13952K, reserved 1048576K
}
Event: 17.824 GC heap after
{Heap after GC invocations=98 (full 0):
 garbage-first heap   total 268288K, used 123200K [0x00000000a0000000, 0x0000000100000000)
  region size 1024K, 1 young (1024K), 1 survivors (1024K)
 Metaspace       used 102766K, committed 103360K, reserved 1179648K
  class space    used 13638K, committed 13952K, reserved 1048576K
}
Event: 17.836 GC heap before
{Heap before GC invocations=98 (full 0):
 garbage-first heap   total 268288K, used 135488K [0x00000000a0000000, 0x0000000100000000)
  region size 1024K, 13 young (13312K), 1 survivors (1024K)
 Metaspace       used 102766K, committed 103360K, reserved 1179648K
  class space    used 13638K, committed 13952K, reserved 1048576K
}
Event: 17.838 GC heap after
{Heap after GC invocations=99 (full 0):
 garbage-first heap   total 268288K, used 122077K [0x00000000a0000000, 0x0000000100000000)
  region size 1024K, 1 young (1024K), 1 survivors (1024K)
 Metaspace       used 102766K, committed 103360K, reserved 1179648K
  class space    used 13638K, committed 13952K, reserved 1048576K
}
Event: 17.962 GC heap before
{Heap before GC invocations=99 (full 0):
 garbage-first heap   total 268288K, used 237789K [0x00000000a0000000, 0x0000000100000000)
  region size 1024K, 114 young (116736K), 1 survivors (1024K)
 Metaspace       used 102766K, committed 103360K, reserved 1179648K
  class space    used 13638K, committed 13952K, reserved 1048576K
}
Event: 17.963 GC heap after
{Heap after GC invocations=100 (full 0):
 garbage-first heap   total 268288K, used 122037K [0x00000000a0000000, 0x0000000100000000)
  region size 1024K, 1 young (1024K), 1 survivors (1024K)
 Metaspace       used 102766K, committed 103360K, reserved 1179648K
  class space    used 13638K, committed 13952K, reserved 1048576K
}
Event: 18.098 GC heap before
{Heap before GC invocations=101 (full 0):
 garbage-first heap   total 268288K, used 237749K [0x00000000a0000000, 0x0000000100000000)
  region size 1024K, 114 young (116736K), 1 survivors (1024K)
 Metaspace       used 102766K, committed 103360K, reserved 1179648K
  class space    used 13638K, committed 13952K, reserved 1048576K
}
Event: 18.098 GC heap after
{Heap after GC invocations=102 (full 0):
 garbage-first heap   total 268288K, used 122067K [0x00000000a0000000, 0x0000000100000000)
  region size 1024K, 1 young (1024K), 1 survivors (1024K)
 Metaspace       used 102766K, committed 103360K, reserved 1179648K
  class space    used 13638K, committed 13952K, reserved 1048576K
}
Event: 18.112 GC heap before
{Heap before GC invocations=102 (full 0):
 garbage-first heap   total 268288K, used 134355K [0x00000000a0000000, 0x0000000100000000)
  region size 1024K, 13 young (13312K), 1 survivors (1024K)
 Metaspace       used 102766K, committed 103360K, reserved 1179648K
  class space    used 13638K, committed 13952K, reserved 1048576K
}
Event: 18.114 GC heap after
{Heap after GC invocations=103 (full 0):
 garbage-first heap   total 268288K, used 120987K [0x00000000a0000000, 0x0000000100000000)
  region size 1024K, 1 young (1024K), 1 survivors (1024K)
 Metaspace       used 102766K, committed 103360K, reserved 1179648K
  class space    used 13638K, committed 13952K, reserved 1048576K
}
Event: 18.246 GC heap before
{Heap before GC invocations=103 (full 0):
 garbage-first heap   total 268288K, used 237723K [0x00000000a0000000, 0x0000000100000000)
  region size 1024K, 115 young (117760K), 1 survivors (1024K)
 Metaspace       used 102766K, committed 103360K, reserved 1179648K
  class space    used 13638K, committed 13952K, reserved 1048576K
}

Deoptimization events (20 events):
Event: 14.305 Thread 0x000001eb325ef470 DEOPT PACKING pc=0x000001eb3a457b24 sp=0x0000009a2a6fbba0
Event: 14.305 Thread 0x000001eb325ef470 DEOPT UNPACKING pc=0x000001eb39ed2b43 sp=0x0000009a2a6fb048 mode 1
Event: 14.305 Thread 0x000001eb325ef470 DEOPT PACKING pc=0x000001eb3a4ccf44 sp=0x0000009a2a6fbbf0
Event: 14.305 Thread 0x000001eb325ef470 DEOPT UNPACKING pc=0x000001eb39ed2b43 sp=0x0000009a2a6fb0f0 mode 1
Event: 14.305 Thread 0x000001eb325ef470 DEOPT PACKING pc=0x000001eb3a502e54 sp=0x0000009a2a6fbcc0
Event: 14.305 Thread 0x000001eb325ef470 DEOPT UNPACKING pc=0x000001eb39ed2b43 sp=0x0000009a2a6fb220 mode 1
Event: 14.305 Thread 0x000001eb325ef470 DEOPT PACKING pc=0x000001eb3a2594dc sp=0x0000009a2a6faea0
Event: 14.305 Thread 0x000001eb325ef470 DEOPT UNPACKING pc=0x000001eb39ed2b43 sp=0x0000009a2a6fa338 mode 1
Event: 14.305 Thread 0x000001eb325ef470 DEOPT PACKING pc=0x000001eb3a25877c sp=0x0000009a2a6faf70
Event: 14.305 Thread 0x000001eb325ef470 DEOPT UNPACKING pc=0x000001eb39ed2b43 sp=0x0000009a2a6fa428 mode 1
Event: 14.305 Thread 0x000001eb325ef470 DEOPT PACKING pc=0x000001eb3a33a054 sp=0x0000009a2a6fb900
Event: 14.305 Thread 0x000001eb325ef470 DEOPT UNPACKING pc=0x000001eb39ed2b43 sp=0x0000009a2a6fadd8 mode 1
Event: 14.305 Thread 0x000001eb325ef470 DEOPT PACKING pc=0x000001eb3a458ad4 sp=0x0000009a2a6fb9a0
Event: 14.305 Thread 0x000001eb325ef470 DEOPT UNPACKING pc=0x000001eb39ed2b43 sp=0x0000009a2a6faf48 mode 1
Event: 14.305 Thread 0x000001eb325ef470 DEOPT PACKING pc=0x000001eb3a457b24 sp=0x0000009a2a6fbba0
Event: 14.305 Thread 0x000001eb325ef470 DEOPT UNPACKING pc=0x000001eb39ed2b43 sp=0x0000009a2a6fb048 mode 1
Event: 14.305 Thread 0x000001eb325ef470 DEOPT PACKING pc=0x000001eb3a4ccf44 sp=0x0000009a2a6fbbf0
Event: 14.305 Thread 0x000001eb325ef470 DEOPT UNPACKING pc=0x000001eb39ed2b43 sp=0x0000009a2a6fb0f0 mode 1
Event: 14.305 Thread 0x000001eb325ef470 DEOPT PACKING pc=0x000001eb3a502e54 sp=0x0000009a2a6fbcc0
Event: 14.305 Thread 0x000001eb325ef470 DEOPT UNPACKING pc=0x000001eb39ed2b43 sp=0x0000009a2a6fb220 mode 1

Classes unloaded (0 events):
No events

Classes redefined (0 events):
No events

Internal exceptions (20 events):
Event: 12.894 Thread 0x000001eb325ef470 Exception <a 'java/lang/ClassNotFoundException'{0x00000000aa214748}: org/broadleafcommerce/common/extensibility/jpa/AutoDDLCreateStatusTestBeanImplCustomizer> (0x00000000aa214748) 
thrown [s\open\src\hotspot\share\classfile\systemDictionary.cpp, line 256]
Event: 12.894 Thread 0x000001eb325ef470 Exception <a 'java/lang/ClassNotFoundException'{0x00000000aa21f228}: org/broadleafcommerce/common/extensibility/jpa/AutoDDLCreateStatusTestBeanCustomizer> (0x00000000aa21f228) 
thrown [s\open\src\hotspot\share\classfile\systemDictionary.cpp, line 256]
Event: 12.896 Thread 0x000001eb325ef470 Exception <a 'java/lang/NoSuchMethodError'{0x00000000aa23fd08}: 'java.lang.Object java.lang.invoke.DirectMethodHandle$Holder.invokeSpecial(java.lang.Object, java.lang.Object, int, java.lang.Object, int, java.lang.Object)'> (0x00000000aa23fd08) 
thrown [s\open\src\hotspot\share\interpreter\linkResolver.cpp, line 759]
Event: 12.897 Thread 0x000001eb325ef470 Exception <a 'java/lang/NoSuchMethodError'{0x00000000aa247b08}: 'java.lang.Object java.lang.invoke.DirectMethodHandle$Holder.newInvokeSpecial(java.lang.Object, java.lang.Object, int, java.lang.Object, int)'> (0x00000000aa247b08) 
thrown [s\open\src\hotspot\share\interpreter\linkResolver.cpp, line 759]
Event: 12.897 Thread 0x000001eb325ef470 Exception <a 'java/lang/NoSuchMethodError'{0x00000000aa24bc08}: 'java.lang.Object java.lang.invoke.DirectMethodHandle$Holder.invokeSpecial(java.lang.Object, java.lang.Object, java.lang.Object, int, java.lang.Object, int)'> (0x00000000aa24bc08) 
thrown [s\open\src\hotspot\share\interpreter\linkResolver.cpp, line 759]
Event: 12.898 Thread 0x000001eb325ef470 Exception <a 'java/lang/NoSuchMethodError'{0x00000000aa259658}: 'void java.lang.invoke.DirectMethodHandle$Holder.invokeVirtual(java.lang.Object, java.lang.Object)'> (0x00000000aa259658) 
thrown [s\open\src\hotspot\share\interpreter\linkResolver.cpp, line 759]
Event: 12.965 Thread 0x000001eb325ef470 Exception <a 'java/net/ConnectException'{0x00000000a9bba7d0}: Connection refused: connect> (0x00000000a9bba7d0) 
thrown [s\open\src\hotspot\share\prims\jni.cpp, line 535]
Event: 12.965 Thread 0x000001eb325ef470 Exception <a 'java/net/SocketException'{0x00000000a9bbac10}: Socket is not connected: shutdown> (0x00000000a9bbac10) 
thrown [s\open\src\hotspot\share\prims\jni.cpp, line 535]
Event: 12.966 Thread 0x000001eb325ef470 Exception <a 'java/net/ConnectException'{0x00000000a9bbbfc0}: Connection refused: connect> (0x00000000a9bbbfc0) 
thrown [s\open\src\hotspot\share\prims\jni.cpp, line 535]
Event: 12.966 Thread 0x000001eb325ef470 Exception <a 'java/net/SocketException'{0x00000000a9bbc2f8}: Socket is not connected: shutdown> (0x00000000a9bbc2f8) 
thrown [s\open\src\hotspot\share\prims\jni.cpp, line 535]
Event: 13.012 Thread 0x000001eb325ef470 Exception <a 'java/lang/NoSuchMethodError'{0x00000000a98681b8}: 'void java.lang.invoke.DirectMethodHandle$Holder.invokeStatic(java.lang.Object, long)'> (0x00000000a98681b8) 
thrown [s\open\src\hotspot\share\interpreter\linkResolver.cpp, line 759]
Event: 13.012 Thread 0x000001eb325ef470 Exception <a 'java/lang/NoSuchMethodError'{0x00000000a986d810}: 'java.lang.Object java.lang.invoke.DirectMethodHandle$Holder.newInvokeSpecial(java.lang.Object, long)'> (0x00000000a986d810) 
thrown [s\open\src\hotspot\share\interpreter\linkResolver.cpp, line 759]
Event: 13.013 Thread 0x000001eb325ef470 Exception <a 'java/lang/NoSuchMethodError'{0x00000000a9877550}: 'java.lang.Object java.lang.invoke.DirectMethodHandle$Holder.invokeStatic(java.lang.Object, java.lang.Object, long, java.lang.Object)'> (0x00000000a9877550) 
thrown [s\open\src\hotspot\share\interpreter\linkResolver.cpp, line 759]
Event: 13.013 Thread 0x000001eb325ef470 Exception <a 'java/lang/NoSuchMethodError'{0x00000000a987afe8}: 'java.lang.Object java.lang.invoke.DirectMethodHandle$Holder.invokeStaticInit(java.lang.Object, java.lang.Object, long, java.lang.Object)'> (0x00000000a987afe8) 
thrown [s\open\src\hotspot\share\interpreter\linkResolver.cpp, line 759]
Event: 13.013 Thread 0x000001eb325ef470 Exception <a 'java/lang/NoSuchMethodError'{0x00000000a9881760}: 'java.lang.Object java.lang.invoke.DirectMethodHandle$Holder.newInvokeSpecial(java.lang.Object, java.lang.Object, long)'> (0x00000000a9881760) 
thrown [s\open\src\hotspot\share\interpreter\linkResolver.cpp, line 759]
Event: 13.013 Thread 0x000001eb325ef470 Exception <a 'java/lang/NoSuchMethodError'{0x00000000a98852d0}: 'java.lang.Object java.lang.invoke.Invokers$Holder.linkToTargetMethod(java.lang.Object, long, java.lang.Object)'> (0x00000000a98852d0) 
thrown [s\open\src\hotspot\share\interpreter\linkResolver.cpp, line 759]
Event: 13.106 Thread 0x000001eb325ef470 Exception <a 'java/net/ConnectException'{0x00000000a98c8780}: Connection refused: connect> (0x00000000a98c8780) 
thrown [s\open\src\hotspot\share\prims\jni.cpp, line 535]
Event: 13.106 Thread 0x000001eb325ef470 Exception <a 'java/net/SocketException'{0x00000000a98c8d60}: Socket is not connected: shutdown> (0x00000000a98c8d60) 
thrown [s\open\src\hotspot\share\prims\jni.cpp, line 535]
Event: 13.303 Thread 0x000001eb325ef470 Exception <a 'java/lang/ClassNotFoundException'{0x00000000a9471e10}: javax/servlet/http/HttpSessionBeanInfo> (0x00000000a9471e10) 
thrown [s\open\src\hotspot\share\classfile\systemDictionary.cpp, line 256]
Event: 13.303 Thread 0x000001eb325ef470 Exception <a 'java/lang/ClassNotFoundException'{0x00000000a94785e8}: javax/servlet/http/HttpSessionCustomizer> (0x00000000a94785e8) 
thrown [s\open\src\hotspot\share\classfile\systemDictionary.cpp, line 256]

VM Operations (20 events):
Event: 17.706 Executing VM operation: G1CollectForAllocation done
Event: 17.744 Executing VM operation: G1Concurrent
Event: 17.747 Executing VM operation: G1Concurrent done
Event: 17.769 Executing VM operation: G1Concurrent
Event: 17.770 Executing VM operation: G1Concurrent done
Event: 17.823 Executing VM operation: G1CollectForAllocation
Event: 17.824 Executing VM operation: G1CollectForAllocation done
Event: 17.836 Executing VM operation: G1CollectForAllocation
Event: 17.838 Executing VM operation: G1CollectForAllocation done
Event: 17.962 Executing VM operation: G1CollectForAllocation
Event: 17.963 Executing VM operation: G1CollectForAllocation done
Event: 18.001 Executing VM operation: G1Concurrent
Event: 18.004 Executing VM operation: G1Concurrent done
Event: 18.025 Executing VM operation: G1Concurrent
Event: 18.026 Executing VM operation: G1Concurrent done
Event: 18.098 Executing VM operation: G1CollectForAllocation
Event: 18.098 Executing VM operation: G1CollectForAllocation done
Event: 18.112 Executing VM operation: G1CollectForAllocation
Event: 18.114 Executing VM operation: G1CollectForAllocation done
Event: 18.246 Executing VM operation: G1CollectForAllocation

Events (20 events):
Event: 13.160 Thread 0x000001eb8d0b97e0 Thread added: 0x000001eb8d0b97e0
Event: 13.160 Thread 0x000001eb8d0b9cf0 Thread added: 0x000001eb8d0b9cf0
Event: 13.160 Thread 0x000001eb8d0ba710 Thread added: 0x000001eb8d0ba710
Event: 13.160 Thread 0x000001eb8d0bca80 Thread added: 0x000001eb8d0bca80
Event: 13.160 Thread 0x000001eb8d0bac20 Thread added: 0x000001eb8d0bac20
Event: 13.160 Thread 0x000001eb8d0bb130 Thread added: 0x000001eb8d0bb130
Event: 13.160 Thread 0x000001eb8d0bbb50 Thread added: 0x000001eb8d0bbb50
Event: 13.161 Thread 0x000001eb8d0bc570 Thread added: 0x000001eb8d0bc570
Event: 13.161 Thread 0x000001eb8d0bcf90 Thread added: 0x000001eb8d0bcf90
Event: 13.161 loading class java/util/TreeMap$ValueSpliterator
Event: 13.161 loading class java/util/TreeMap$ValueSpliterator done
Event: 13.273 loading class java/util/regex/Pattern$Behind
Event: 13.273 loading class java/util/regex/Pattern$Behind done
Event: 13.461 loading class java/lang/LayerInstantiationException
Event: 13.461 loading class java/lang/LayerInstantiationException done
Event: 13.461 loading class jdk/internal/loader/Loader
Event: 13.461 loading class jdk/internal/loader/Loader done
Event: 17.572 Thread 0x000001eb43a43dd0 Thread exited: 0x000001eb43a43dd0
Event: 17.964 Thread 0x000001eb43a407e0 Thread exited: 0x000001eb43a407e0
Event: 17.964 Thread 0x000001eb43a3f9f0 Thread exited: 0x000001eb43a3f9f0


Dynamic libraries:
0x00007ff6f8c80000 - 0x00007ff6f8c90000 	C:\Program Files\Java\jdk-17\bin\java.exe
0x00007ffcebc30000 - 0x00007ffcebe28000 	C:\Windows\SYSTEM32\ntdll.dll
0x00007ffceb930000 - 0x00007ffceb9f2000 	C:\Windows\System32\KERNEL32.DLL
0x00007ffce9400000 - 0x00007ffce96ff000 	C:\Windows\System32\KERNELBASE.dll
0x00007ffce9300000 - 0x00007ffce9400000 	C:\Windows\System32\ucrtbase.dll
0x00007ffcd4780000 - 0x00007ffcd479b000 	C:\Program Files\Java\jdk-17\bin\VCRUNTIME140.dll
0x00007ffcd47a0000 - 0x00007ffcd47b9000 	C:\Program Files\Java\jdk-17\bin\jli.dll
0x00007ffceb880000 - 0x00007ffceb92f000 	C:\Windows\System32\ADVAPI32.dll
0x00007ffceaa40000 - 0x00007ffceaade000 	C:\Windows\System32\msvcrt.dll
0x00007ffceab40000 - 0x00007ffceabdf000 	C:\Windows\System32\sechost.dll
0x00007ffce9fe0000 - 0x00007ffcea103000 	C:\Windows\System32\RPCRT4.dll
0x00007ffce92d0000 - 0x00007ffce92f7000 	C:\Windows\System32\bcrypt.dll
0x00007ffceb5c0000 - 0x00007ffceb75d000 	C:\Windows\System32\USER32.dll
0x00007ffce9700000 - 0x00007ffce9722000 	C:\Windows\System32\win32u.dll
0x00007ffcd4450000 - 0x00007ffcd46ea000 	C:\Windows\WinSxS\amd64_microsoft.windows.common-controls_6595b64144ccf1df_6.0.19041.4355_none_60b8b9eb71f62e16\COMCTL32.dll
0x00007ffcebbc0000 - 0x00007ffcebbeb000 	C:\Windows\System32\GDI32.dll
0x00007ffce9ac0000 - 0x00007ffce9bda000 	C:\Windows\System32\gdi32full.dll
0x00007ffce97c0000 - 0x00007ffce985d000 	C:\Windows\System32\msvcp_win.dll
0x00007ffce3160000 - 0x00007ffce316a000 	C:\Windows\SYSTEM32\VERSION.dll
0x00007ffceadb0000 - 0x00007ffceaddf000 	C:\Windows\System32\IMM32.DLL
0x00007ffcd6b40000 - 0x00007ffcd6b4c000 	C:\Program Files\Java\jdk-17\bin\vcruntime140_1.dll
0x00007ffcd4230000 - 0x00007ffcd42be000 	C:\Program Files\Java\jdk-17\bin\msvcp140.dll
0x00007ffccee30000 - 0x00007ffccfa0f000 	C:\Program Files\Java\jdk-17\bin\server\jvm.dll
0x00007ffceba00000 - 0x00007ffceba08000 	C:\Windows\System32\PSAPI.DLL
0x00007ffcd83f0000 - 0x00007ffcd83f9000 	C:\Windows\SYSTEM32\WSOCK32.dll
0x00007ffcd2e70000 - 0x00007ffcd2e97000 	C:\Windows\SYSTEM32\WINMM.dll
0x00007ffceabe0000 - 0x00007ffceac4b000 	C:\Windows\System32\WS2_32.dll
0x00007ffce7170000 - 0x00007ffce7182000 	C:\Windows\SYSTEM32\kernel.appcore.dll
0x00007ffcd5b00000 - 0x00007ffcd5b0a000 	C:\Program Files\Java\jdk-17\bin\jimage.dll
0x00007ffce2030000 - 0x00007ffce2214000 	C:\Windows\SYSTEM32\DBGHELP.DLL
0x00007ffce1e90000 - 0x00007ffce1ec4000 	C:\Windows\SYSTEM32\dbgcore.DLL
0x00007ffce9730000 - 0x00007ffce97b2000 	C:\Windows\System32\bcryptPrimitives.dll
0x00007ffccc7e0000 - 0x00007ffccc81b000 	C:\Program Files\Java\jdk-17\bin\jdwp.dll
0x00007ffce62e0000 - 0x00007ffce62ee000 	C:\Program Files\Java\jdk-17\bin\instrument.dll
0x00007ffcd4140000 - 0x00007ffcd4165000 	C:\Program Files\Java\jdk-17\bin\java.dll
0x00007ffcd4030000 - 0x00007ffcd4107000 	C:\Program Files\Java\jdk-17\bin\jsvml.dll
0x00007ffceae50000 - 0x00007ffceb5bd000 	C:\Windows\System32\SHELL32.dll
0x00007ffce7370000 - 0x00007ffce7b14000 	C:\Windows\SYSTEM32\windows.storage.dll
0x00007ffcea110000 - 0x00007ffcea465000 	C:\Windows\System32\combase.dll
0x00007ffce8d00000 - 0x00007ffce8d2b000 	C:\Windows\SYSTEM32\Wldp.dll
0x00007ffceace0000 - 0x00007ffceadad000 	C:\Windows\System32\OLEAUT32.dll
0x00007ffceb770000 - 0x00007ffceb81d000 	C:\Windows\System32\SHCORE.dll
0x00007ffce9ea0000 - 0x00007ffce9ef5000 	C:\Windows\System32\shlwapi.dll
0x00007ffce9200000 - 0x00007ffce9225000 	C:\Windows\SYSTEM32\profapi.dll
0x00007ffcd3fd0000 - 0x00007ffcd3fe8000 	C:\Program Files\Java\jdk-17\bin\zip.dll
0x00007ffcd4010000 - 0x00007ffcd4029000 	C:\Program Files\Java\jdk-17\bin\net.dll
0x00007ffce22a0000 - 0x00007ffce23aa000 	C:\Windows\SYSTEM32\WINHTTP.dll
0x00007ffce8a60000 - 0x00007ffce8acc000 	C:\Windows\system32\mswsock.dll
0x00007ffcd3ff0000 - 0x00007ffcd4006000 	C:\Program Files\Java\jdk-17\bin\nio.dll
0x00007ffce5af0000 - 0x00007ffce5afc000 	C:\Program Files\Java\jdk-17\bin\dt_socket.dll
0x00007ffce86f0000 - 0x00007ffce872b000 	C:\Windows\SYSTEM32\IPHLPAPI.DLL
0x00007ffccee20000 - 0x00007ffccee30000 	C:\Program Files\Java\jdk-17\bin\verify.dll
0x00007ffce3850000 - 0x00007ffce385a000 	C:\Program Files\Java\jdk-17\bin\management.dll
0x00007ffce3840000 - 0x00007ffce384b000 	C:\Program Files\Java\jdk-17\bin\management_ext.dll
0x00007ffcd2900000 - 0x00007ffcd2917000 	C:\Windows\system32\napinsp.dll
0x00007ffcd09f0000 - 0x00007ffcd0a0b000 	C:\Windows\system32\pnrpnsp.dll
0x00007ffcd09d0000 - 0x00007ffcd09e5000 	C:\Windows\system32\wshbth.dll
0x00007ffce56c0000 - 0x00007ffce56dd000 	C:\Windows\system32\NLAapi.dll
0x00007ffce8730000 - 0x00007ffce87fa000 	C:\Windows\SYSTEM32\DNSAPI.dll
0x00007ffceb760000 - 0x00007ffceb768000 	C:\Windows\System32\NSI.dll
0x00007ffcd09b0000 - 0x00007ffcd09c2000 	C:\Windows\System32\winrnr.dll
0x00007ffce1570000 - 0x00007ffce157a000 	C:\Windows\System32\rasadhlp.dll
0x00007ffce03d0000 - 0x00007ffce0450000 	C:\Windows\System32\fwpuclnt.dll
0x00007ffce8c60000 - 0x00007ffce8c78000 	C:\Windows\SYSTEM32\CRYPTSP.dll
0x00007ffce8310000 - 0x00007ffce8348000 	C:\Windows\system32\rsaenh.dll
0x00007ffce91c0000 - 0x00007ffce91ee000 	C:\Windows\SYSTEM32\USERENV.dll
0x00007ffce8c50000 - 0x00007ffce8c5c000 	C:\Windows\SYSTEM32\CRYPTBASE.dll
0x00007ffce5350000 - 0x00007ffce5367000 	C:\Windows\SYSTEM32\dhcpcsvc6.DLL
0x00007ffce5100000 - 0x00007ffce511d000 	C:\Windows\SYSTEM32\dhcpcsvc.DLL
0x00007ffcd2920000 - 0x00007ffcd292e000 	C:\Program Files\Java\jdk-17\bin\sunmscapi.dll
0x00007ffce9860000 - 0x00007ffce99bc000 	C:\Windows\System32\CRYPT32.dll
0x00007ffce8d70000 - 0x00007ffce8d97000 	C:\Windows\SYSTEM32\ncrypt.dll
0x00007ffce8d30000 - 0x00007ffce8d6b000 	C:\Windows\SYSTEM32\NTASN1.dll
0x00007ffc8c210000 - 0x00007ffc8c217000 	C:\Windows\system32\wshunix.dll

dbghelp: loaded successfully - version: 4.0.5 - missing functions: none
symbol engine: initialized successfully - sym options: 0x614 - pdb path: .;C:\Program Files\Java\jdk-17\bin;C:\Windows\SYSTEM32;C:\Windows\WinSxS\amd64_microsoft.windows.common-controls_6595b64144ccf1df_6.0.19041.4355_none_60b8b9eb71f62e16;C:\Program Files\Java\jdk-17\bin\server

VM Arguments:
jvm_args: -javaagent:D:\Server 2\api\target\agents\spring-instrument.jar -XX:TieredStopAtLevel=1 -Xmx1536M -Xdebug -Xrunjdwp:transport=dt_socket,server=y,suspend=n,address=8003 
java_command: com.community.api.ApiApplication
java_class_path (initial): D:\Server 2\api\target\classes;C:\Users\Raman\.m2\repository\com\mycompany-community\boot-community-demo-core\1.0.0-SNAPSHOT\boot-community-demo-core-1.0.0-SNAPSHOT.jar;C:\Users\Raman\.m2\repository\org\springframework\boot\spring-boot-actuator-autoconfigure\2.7.18\spring-boot-actuator-autoconfigure-2.7.18.jar;C:\Users\Raman\.m2\repository\org\springframework\boot\spring-boot-actuator\2.7.18\spring-boot-actuator-2.7.18.jar;C:\Users\Raman\.m2\repository\io\micrometer\micrometer-core\1.9.17\micrometer-core-1.9.17.jar;C:\Users\Raman\.m2\repository\org\hdrhistogram\HdrHistogram\2.1.12\HdrHistogram-2.1.12.jar;C:\Users\Raman\.m2\repository\org\latencyutils\LatencyUtils\2.0.3\LatencyUtils-2.0.3.jar;C:\Users\Raman\.m2\repository\org\broadleafcommerce\broadleaf-framework\6.2.10-GA\broadleaf-framework-6.2.10-GA.jar;C:\Users\Raman\.m2\repository\org\apache\solr\solr-solrj\8.11.3\solr-solrj-8.11.3.jar;C:\Users\Raman\.m2\repository\commons-lang\commons-lang\2.6\commons-lang-2.6.jar;C:\Users\Raman\.m2\repository\io\netty\netty-buffer\4.1.101.Final\netty-buffer-4.1.101.Final.jar;C:\Users\Raman\.m2\repository\io\netty\netty-common\4.1.101.Final\netty-common-4.1.101.Final.jar;C:\Users\Raman\.m2\repository\io\netty\netty-handler\4.1.101.Final\netty-handler-4.1.101.Final.jar;C:\Users\Raman\.m2\repository\io\netty\netty-resolver\4.1.101.Final\netty-resolver-4.1.101.Final.jar;C:\Users\Raman\.m2\repository\io\netty\netty-transport\4.1.101.Final\netty-transport-4.1.101.Final.jar;C:\Users\Raman\.m2\repository\io\netty\netty-transport-native-epoll\4.1.101.Final\netty-transport-native-epoll-4.1.101.Final.jar;C:\Users\Raman\.m2\repository\io\netty\netty-transport-native-unix-common\4.1.101.Final\netty-transport-native-unix-common-4.1.101.Final.jar;C:\Users\Raman\.m2\repository\org\apache\commons\commons-math3\3.6.1\commons-math3-3.6.1.jar;C:\Users\Raman\.m2\repository\org\apache\httpcomponents\httpmime\4.5.14\httpmime-4.5.14.jar;C:\Users\Raman\.m2\repository\org\a
Launcher Type: SUN_STANDARD

[Global flags]
     intx CICompilerCount                          = 4                                         {product} {ergonomic}
     uint ConcGCThreads                            = 3                                         {product} {ergonomic}
     uint G1ConcRefinementThreads                  = 10                                        {product} {ergonomic}
   size_t G1HeapRegionSize                         = 1048576                                   {product} {ergonomic}
    uintx GCDrainStackTargetSize                   = 64                                        {product} {ergonomic}
   size_t InitialHeapSize                          = 534773760                                 {product} {ergonomic}
   size_t MarkStackSize                            = 4194304                                   {product} {ergonomic}
   size_t MaxHeapSize                              = 1610612736                                {product} {command line}
   size_t MaxNewSize                               = 965738496                                 {product} {ergonomic}
   size_t MinHeapDeltaBytes                        = 1048576                                   {product} {ergonomic}
   size_t MinHeapSize                              = 8388608                                   {product} {ergonomic}
    uintx NonProfiledCodeHeapSize                  = 0                                      {pd product} {ergonomic}
     bool ProfileInterpreter                       = false                                  {pd product} {command line}
    uintx ProfiledCodeHeapSize                     = 0                                      {pd product} {ergonomic}
   size_t SoftMaxHeapSize                          = 1610612736                             {manageable} {ergonomic}
     intx TieredStopAtLevel                        = 1                                         {product} {command line}
     bool UseCompressedClassPointers               = true                           {product lp64_product} {ergonomic}
     bool UseCompressedOops                        = true                           {product lp64_product} {ergonomic}
     bool UseG1GC                                  = true                                      {product} {ergonomic}
     bool UseLargePagesIndividualAllocation        = false                                  {pd product} {ergonomic}

Logging:
Log output configuration:
 #0: stdout all=warning uptime,level,tags
 #1: stderr all=off uptime,level,tags

Environment Variables:
JAVA_HOME=C:\Program Files\Java\jdk-17
PATH=C:\Program Files\Common Files\Oracle\Java\javapath;C:\Windows\system32;C:\Windows;C:\Windows\System32\Wbem;C:\Windows\System32\WindowsPowerShell\v1.0\;C:\Windows\System32\OpenSSH\;C:\Program Files\Java\jdk-17\bin;C:\Program Files\Git\cmd;C:\Program Files\Git\usr\bin;C:\Windows\System32\OpenSSH;C:\Program Files\pg\bin;C:\Program Files\apache-maven-3.9.8\bin;C:\Program Files\nodejs\;D:\ffmpeg-7.1-essentials_build\bin;C:\ffmpeg-7.1-essentials_build\bin;C:\Users\Raman\AppData\Local\Microsoft\WindowsApps;C:\Program Files\JetBrains\IntelliJ IDEA Community Edition 2024.1.4\bin;;C:\Users\Raman\AppData\Roaming\npm;C:\Users\Raman\AppData\Local\Programs\Microsoft VS Code\bin;C:\Program Files\pg\bin;
USERNAME=Raman
OS=Windows_NT
PROCESSOR_IDENTIFIER=Intel64 Family 6 Model 151 Stepping 2, GenuineIntel



---------------  S Y S T E M  ---------------

OS:
 Windows 10 , 64 bit Build 19041 (10.0.19041.5438)
OS uptime: 23 days 17:23 hours

CPU: total 12 (initial active 12) (6 cores per cpu, 2 threads per core) family 6 model 151 stepping 2 microcode 0x34, cx8, cmov, fxsr, ht, mmx, 3dnowpref, sse, sse2, sse3, ssse3, sse4.1, sse4.2, popcnt, lzcnt, tsc, tscinvbit, avx, avx2, aes, erms, clmul, bmi1, bmi2, adx, sha, fma, vzeroupper, clflush, clflushopt, clwb

Memory: 4k page, system-wide physical 32621M (5432M free)
TotalPageFile size 50040M (AvailPageFile size 83M)
current process WorkingSet (physical memory assigned to process): 497M, peak: 497M
current process commit charge ("private bytes"): 601M, peak: 745M

vm_info: Java HotSpot(TM) 64-Bit Server VM (17.0.10+11-LTS-240) for windows-amd64 JRE (17.0.10+11-LTS-240), built on Dec 19 2023 21:47:25 by "mach5one" with MS VC++ 17.1 (VS2022)

END.
