#
# There is insufficient memory for the Java Runtime Environment to continue.
# Native memory allocation (mmap) failed to map 268435456 bytes for G1 virtual space
# Possible reasons:
#   The system is out of physical RAM or swap space
#   The process is running with CompressedOops enabled, and the Java Heap may be blocking the growth of the native heap
# Possible solutions:
#   Reduce memory load on the system
#   Increase physical memory or swap space
#   Check if swap backing store is full
#   Decrease Java heap size (-Xmx/-Xms)
#   Decrease number of Java threads
#   Decrease Java thread stack sizes (-Xss)
#   Set larger code cache with -XX:ReservedCodeCacheSize=
#   JVM is running with Zero Based Compressed Oops mode in which the Java heap is
#     placed in the first 32GB address space. The Java Heap base address is the
#     maximum limit for the native heap growth. Please use -XX:HeapBaseMinAddress
#     to set the Java Heap base and to place the Java Heap above 32GB virtual address.
# This output file may be truncated or incomplete.
#
#  Out of Memory Error (os_windows.cpp:3548), pid=18148, tid=5568
#
# JRE version:  (17.0.12+8) (build )
# Java VM: Java HotSpot(TM) 64-Bit Server VM (17.0.12+8-LTS-286, mixed mode, sharing, tiered, compressed oops, compressed class ptrs, g1 gc, windows-amd64)
# No core dump will be written. Minidumps are not enabled by default on client versions of Windows
#

---------------  S U M M A R Y ------------

Command Line: 

Host: Intel(R) Core(TM) i5-6500T CPU @ 2.50GHz, 4 cores, 15G,  Windows 10 , 64 bit Build 19041 (10.0.19041.5915)
Time: Thu Jul  3 11:01:25 2025 India Standard Time elapsed time: 0.103193 seconds (0d 0h 0m 0s)

---------------  T H R E A D  ---------------

Current thread (0x0000027bb0f323e0):  JavaThread "Unknown thread" [_thread_in_vm, id=5568, stack(0x000000b7f6200000,0x000000b7f6300000)]

Stack: [0x000000b7f6200000,0x000000b7f6300000]
Native frames: (J=compiled Java code, j=interpreted, Vv=VM code, C=native code)
V  [jvm.dll+0x67a04a]
V  [jvm.dll+0x7da4ed]
V  [jvm.dll+0x7dbe33]
V  [jvm.dll+0x7dc4a3]
V  [jvm.dll+0x24508f]
V  [jvm.dll+0x677089]
V  [jvm.dll+0x66bd32]
V  [jvm.dll+0x301fa6]
V  [jvm.dll+0x309546]
V  [jvm.dll+0x359d2e]
V  [jvm.dll+0x359f5f]
V  [jvm.dll+0x2d9078]
V  [jvm.dll+0x2d9fe4]
V  [jvm.dll+0x7aca21]
V  [jvm.dll+0x367591]
V  [jvm.dll+0x78b999]
V  [jvm.dll+0x3ec83f]
V  [jvm.dll+0x3ee471]
C  [jli.dll+0x5297]
C  [ucrtbase.dll+0x21bb2]
C  [KERNEL32.DLL+0x17374]
C  [ntdll.dll+0x4cc91]


---------------  P R O C E S S  ---------------

Threads class SMR info:
_java_thread_list=0x00007ffc6f937a18, length=0, elements={
}

Java Threads: ( => current thread )

Other Threads:
  0x0000027bb0f9e140 GCTaskThread "GC Thread#0" [stack: 0x000000b7f6300000,0x000000b7f6400000] [id=18440]
  0x0000027bb0faeea0 ConcurrentGCThread "G1 Main Marker" [stack: 0x000000b7f6400000,0x000000b7f6500000] [id=13412]
  0x0000027bb0fb08c0 ConcurrentGCThread "G1 Conc#0" [stack: 0x000000b7f6500000,0x000000b7f6600000] [id=15320]

[error occurred during error reporting (printing all threads), id 0xc0000005, EXCEPTION_ACCESS_VIOLATION (0xc0000005) at pc=0x00007ffc6f169b67]

VM state: not at safepoint (not fully initialized)

VM Mutex/Monitor currently owned by a thread:  ([mutex/lock_event])
[0x0000027bb0f2d7a0] Heap_lock - owner thread: 0x0000027bb0f323e0

Heap address: 0x0000000701e00000, size: 4066 MB, Compressed Oops mode: Zero based, Oop shift amount: 3

CDS archive(s) mapped at: [0x0000000000000000-0x0000000000000000-0x0000000000000000), size 0, SharedBaseAddress: 0x0000000800000000, ArchiveRelocationMode: 1.
Narrow klass base: 0x0000000000000000, Narrow klass shift: 0, Narrow klass range: 0x0

GC Precious Log:
<Empty>

Heap:
 garbage-first heap   total 0K, used 0K [0x0000000701e00000, 0x0000000800000000)
  region size 2048K, 0 young (0K), 0 survivors (0K)

[error occurred during error reporting (printing heap information), id 0xc0000005, EXCEPTION_ACCESS_VIOLATION (0xc0000005) at pc=0x00007ffc6f553859]

GC Heap History (0 events):
No events

Deoptimization events (0 events):
No events

Classes unloaded (0 events):
No events

Classes redefined (0 events):
No events

Internal exceptions (0 events):
No events

VM Operations (0 events):
No events

Events (1 events):
Event: 0.093 Loaded shared library C:\Program Files\Java\jdk-17\bin\java.dll


Dynamic libraries:
0x00007ff6c1de0000 - 0x00007ff6c1df0000 	C:\Program Files\Java\jdk-17\bin\java.exe
0x00007ffcc0670000 - 0x00007ffcc0868000 	C:\Windows\SYSTEM32\ntdll.dll
0x00007ffcbecb0000 - 0x00007ffcbed72000 	C:\Windows\System32\KERNEL32.DLL
0x00007ffcbe2a0000 - 0x00007ffcbe596000 	C:\Windows\System32\KERNELBASE.dll
0x00007ffcbdf10000 - 0x00007ffcbe010000 	C:\Windows\System32\ucrtbase.dll
0x00007ffc9f830000 - 0x00007ffc9f84b000 	C:\Program Files\Java\jdk-17\bin\VCRUNTIME140.dll
0x00007ffc9f850000 - 0x00007ffc9f869000 	C:\Program Files\Java\jdk-17\bin\jli.dll
0x00007ffcbfe00000 - 0x00007ffcbfeb1000 	C:\Windows\System32\ADVAPI32.dll
0x00007ffcbef30000 - 0x00007ffcbefce000 	C:\Windows\System32\msvcrt.dll
0x00007ffcbee90000 - 0x00007ffcbef2f000 	C:\Windows\System32\sechost.dll
0x00007ffcbfec0000 - 0x00007ffcbffe3000 	C:\Windows\System32\RPCRT4.dll
0x00007ffcbdd00000 - 0x00007ffcbdd27000 	C:\Windows\System32\bcrypt.dll
0x00007ffcbe6b0000 - 0x00007ffcbe84d000 	C:\Windows\System32\USER32.dll
0x00007ffcbdd30000 - 0x00007ffcbdd52000 	C:\Windows\System32\win32u.dll
0x00007ffcc0050000 - 0x00007ffcc007b000 	C:\Windows\System32\GDI32.dll
0x00007ffcbdd60000 - 0x00007ffcbde79000 	C:\Windows\System32\gdi32full.dll
0x00007ffcbe5f0000 - 0x00007ffcbe68d000 	C:\Windows\System32\msvcp_win.dll
0x00007ffcb02c0000 - 0x00007ffcb055a000 	C:\Windows\WinSxS\amd64_microsoft.windows.common-controls_6595b64144ccf1df_6.0.19041.5915_none_60b4b9d171f9c7c7\COMCTL32.dll
0x00007ffcb9600000 - 0x00007ffcb960a000 	C:\Windows\SYSTEM32\VERSION.dll
0x00007ffcc0600000 - 0x00007ffcc062f000 	C:\Windows\System32\IMM32.DLL
0x00007ffc9dbf0000 - 0x00007ffc9dbfc000 	C:\Program Files\Java\jdk-17\bin\vcruntime140_1.dll
0x00007ffc775e0000 - 0x00007ffc7766e000 	C:\Program Files\Java\jdk-17\bin\msvcp140.dll
0x00007ffc6ee80000 - 0x00007ffc6fa60000 	C:\Program Files\Java\jdk-17\bin\server\jvm.dll
0x00007ffcbf330000 - 0x00007ffcbf338000 	C:\Windows\System32\PSAPI.DLL
0x00007ffc993a0000 - 0x00007ffc993c7000 	C:\Windows\SYSTEM32\WINMM.dll
0x00007ffca8f30000 - 0x00007ffca8f39000 	C:\Windows\SYSTEM32\WSOCK32.dll
0x00007ffcbe850000 - 0x00007ffcbe8bb000 	C:\Windows\System32\WS2_32.dll
0x00007ffcbbba0000 - 0x00007ffcbbbb2000 	C:\Windows\SYSTEM32\kernel.appcore.dll
0x00007ffc9dbe0000 - 0x00007ffc9dbea000 	C:\Program Files\Java\jdk-17\bin\jimage.dll
0x00007ffcb8820000 - 0x00007ffcb8a21000 	C:\Windows\SYSTEM32\DBGHELP.DLL
0x00007ffcb8770000 - 0x00007ffcb87a4000 	C:\Windows\SYSTEM32\dbgcore.DLL
0x00007ffcbde80000 - 0x00007ffcbdf02000 	C:\Windows\System32\bcryptPrimitives.dll
0x00007ffc9dbb0000 - 0x00007ffc9dbd5000 	C:\Program Files\Java\jdk-17\bin\java.dll

dbghelp: loaded successfully - version: 4.0.5 - missing functions: none
symbol engine: initialized successfully - sym options: 0x614 - pdb path: .;C:\Program Files\Java\jdk-17\bin;C:\Windows\SYSTEM32;C:\Windows\WinSxS\amd64_microsoft.windows.common-controls_6595b64144ccf1df_6.0.19041.5915_none_60b4b9d171f9c7c7;C:\Program Files\Java\jdk-17\bin\server

VM Arguments:
java_command: <unknown>
java_class_path (initial): <not set>
Launcher Type: SUN_STANDARD

[Global flags]
     intx CICompilerCount                          = 3                                         {product} {ergonomic}
     uint ConcGCThreads                            = 1                                         {product} {ergonomic}
     uint G1ConcRefinementThreads                  = 4                                         {product} {ergonomic}
   size_t G1HeapRegionSize                         = 2097152                                   {product} {ergonomic}
    uintx GCDrainStackTargetSize                   = 64                                        {product} {ergonomic}
   size_t InitialHeapSize                          = 268435456                                 {product} {ergonomic}
   size_t MarkStackSize                            = 4194304                                   {product} {ergonomic}
   size_t MaxHeapSize                              = 4263510016                                {product} {ergonomic}
   size_t MinHeapDeltaBytes                        = 2097152                                   {product} {ergonomic}
   size_t MinHeapSize                              = 8388608                                   {product} {ergonomic}
    uintx NonNMethodCodeHeapSize                   = 5832780                                {pd product} {ergonomic}
    uintx NonProfiledCodeHeapSize                  = 122912730                              {pd product} {ergonomic}
    uintx ProfiledCodeHeapSize                     = 122912730                              {pd product} {ergonomic}
    uintx ReservedCodeCacheSize                    = 251658240                              {pd product} {ergonomic}
     bool SegmentedCodeCache                       = true                                      {product} {ergonomic}
   size_t SoftMaxHeapSize                          = 4263510016                             {manageable} {ergonomic}
     bool UseCompressedClassPointers               = true                           {product lp64_product} {ergonomic}
     bool UseCompressedOops                        = true                           {product lp64_product} {ergonomic}
     bool UseG1GC                                  = true                                      {product} {ergonomic}
     bool UseLargePagesIndividualAllocation        = false                                  {pd product} {ergonomic}

Logging:
Log output configuration:
 #0: stdout all=warning uptime,level,tags
 #1: stderr all=off uptime,level,tags

Environment Variables:
JAVA_HOME=C:\Program Files\Java\jdk-17
PATH=C:\Program Files\Common Files\Oracle\Java\javapath;C:\Windows\system32;C:\Windows;C:\Windows\System32\Wbem;C:\Windows\System32\WindowsPowerShell\v1.0\;C:\Windows\System32\OpenSSH\;C:\Program Files\Java\jdk-17\bin;C:\Program Files\MAVEN\apache-maven-3.9.9\bin;C:\Program Files\nodejs\;C:\Program Files\Git\cmd;C:\Program Files\PostgreSQL\16\bin;C:\ffmpeg-7.1-essentials_build\bin;C:\Users\Java-Server\AppData\Local\Microsoft\WindowsApps;C:\Users\Java-Server\Downloads\apache-maven-3.9.9-bin.zip\apache-maven-3.9.9\bin;C:\ngrok;
USERNAME=Java-Server
OS=Windows_NT
PROCESSOR_IDENTIFIER=Intel64 Family 6 Model 94 Stepping 3, GenuineIntel



---------------  S Y S T E M  ---------------

OS:
 Windows 10 , 64 bit Build 19041 (10.0.19041.5915)
OS uptime: 19 days 16:20 hours

CPU: total 4 (initial active 4) (4 cores per cpu, 1 threads per core) family 6 model 94 stepping 3 microcode 0xcc, cx8, cmov, fxsr, mmx, 3dnowpref, sse, sse2, sse3, ssse3, sse4.1, sse4.2, popcnt, lzcnt, tsc, tscinvbit, avx, avx2, aes, erms, clmul, bmi1, bmi2, rtm, adx, fma, vzeroupper, clflush, clflushopt

Memory: 4k page, system-wide physical 16262M (727M free)
TotalPageFile size 50533M (AvailPageFile size 42M)
current process WorkingSet (physical memory assigned to process): 10M, peak: 10M
current process commit charge ("private bytes"): 51M, peak: 307M

vm_info: Java HotSpot(TM) 64-Bit Server VM (17.0.12+8-LTS-286) for windows-amd64 JRE (17.0.12+8-LTS-286), built on Jun  5 2024 06:46:59 by "mach5one" with MS VC++ 17.6 (VS2022)

END.
