#
# There is insufficient memory for the Java Runtime Environment to continue.
# Native memory allocation (mmap) failed to map 534773760 bytes for G1 virtual space
# Possible reasons:
#   The system is out of physical RAM or swap space
#   The process is running with CompressedOops enabled, and the Java Heap may be blocking the growth of the native heap
# Possible solutions:
#   Reduce memory load on the system
#   Increase physical memory or swap space
#   Check if swap backing store is full
#   Decrease Java heap size (-Xmx/-Xms)
#   Decrease number of Java threads
#   Decrease Java thread stack sizes (-Xss)
#   Set larger code cache with -XX:ReservedCodeCacheSize=
#   JVM is running with Unscaled Compressed Oops mode in which the Java heap is
#     placed in the first 4GB address space. The Java Heap base address is the
#     maximum limit for the native heap growth. Please use -XX:HeapBaseMinAddress
#     to set the Java Heap base and to place the Java Heap above 4GB virtual address.
# This output file may be truncated or incomplete.
#
#  Out of Memory Error (os_windows.cpp:3548), pid=27388, tid=14596
#
# JRE version:  (17.0.10+11) (build )
# Java VM: Java HotSpot(TM) 64-Bit Server VM (17.0.10+11-LTS-240, mixed mode, emulated-client, sharing, tiered, compressed oops, compressed class ptrs, g1 gc, windows-amd64)
# No core dump will be written. Minidumps are not enabled by default on client versions of Windows
#

---------------  S U M M A R Y ------------

Command Line: -javaagent:D:\Server 2\api\target\agents\spring-instrument.jar -XX:TieredStopAtLevel=1 -Xmx1536M -Xdebug -Xrunjdwp:transport=dt_socket,server=y,suspend=n,address=8003 com.community.api.ApiApplication

Host: 12th Gen Intel(R) Core(TM) i5-12400F, 12 cores, 31G,  Windows 10 , 64 bit Build 19041 (10.0.19041.5678)
Time: Wed Apr 30 18:46:55 2025 India Standard Time elapsed time: 0.008581 seconds (0d 0h 0m 0s)

---------------  T H R E A D  ---------------

Current thread (0x000001b94120fba0):  JavaThread "Unknown thread" [_thread_in_vm, id=14596, stack(0x00000061fac00000,0x00000061fad00000)]

Stack: [0x00000061fac00000,0x00000061fad00000]
Native frames: (J=compiled Java code, j=interpreted, Vv=VM code, C=native code)
V  [jvm.dll+0x677a5a]
V  [jvm.dll+0x7d8b2d]
V  [jvm.dll+0x7da48e]
V  [jvm.dll+0x7daaf3]
V  [jvm.dll+0x2455ff]
V  [jvm.dll+0x6749b9]
V  [jvm.dll+0x669382]
V  [jvm.dll+0x302e96]
V  [jvm.dll+0x30a416]
V  [jvm.dll+0x359cbe]
V  [jvm.dll+0x359eef]
V  [jvm.dll+0x2d9e88]
V  [jvm.dll+0x2dadf4]
V  [jvm.dll+0x7aa551]
V  [jvm.dll+0x367911]
V  [jvm.dll+0x789639]
V  [jvm.dll+0x3eb30f]
V  [jvm.dll+0x3ecd91]
C  [jli.dll+0x5297]
C  [ucrtbase.dll+0x21bb2]
C  [KERNEL32.DLL+0x17374]
C  [ntdll.dll+0x4cc91]


---------------  P R O C E S S  ---------------

Threads class SMR info:
_java_thread_list=0x00007ffc034d6a18, length=0, elements={
}

Java Threads: ( => current thread )

Other Threads:
  0x000001b94125e820 GCTaskThread "GC Thread#0" [stack: 0x00000061fad00000,0x00000061fae00000] [id=24108]
  0x000001b94126b770 ConcurrentGCThread "G1 Main Marker" [stack: 0x00000061fae00000,0x00000061faf00000] [id=26360]
  0x000001b94126c920 ConcurrentGCThread "G1 Conc#0" [stack: 0x00000061faf00000,0x00000061fb000000] [id=13208]

[error occurred during error reporting (printing all threads), id 0xc0000005, EXCEPTION_ACCESS_VIOLATION (0xc0000005) at pc=0x00007ffc02d0aae7]

VM state: not at safepoint (not fully initialized)

VM Mutex/Monitor currently owned by a thread:  ([mutex/lock_event])
[0x000001b94120b700] Heap_lock - owner thread: 0x000001b94120fba0

Heap address: 0x00000000a0000000, size: 1536 MB, Compressed Oops mode: 32-bit

CDS archive(s) mapped at: [0x0000000000000000-0x0000000000000000-0x0000000000000000), size 0, SharedBaseAddress: 0x0000000800000000, ArchiveRelocationMode: 1.
Narrow klass base: 0x0000000000000000, Narrow klass shift: 0, Narrow klass range: 0x0

GC Precious Log:
<Empty>

Heap:
 garbage-first heap   total 0K, used 0K [0x00000000a0000000, 0x0000000100000000)
  region size 1024K, 0 young (0K), 0 survivors (0K)

[error occurred during error reporting (printing heap information), id 0xc0000005, EXCEPTION_ACCESS_VIOLATION (0xc0000005) at pc=0x00007ffc030f1249]

GC Heap History (0 events):
No events

Deoptimization events (0 events):
No events

Classes unloaded (0 events):
No events

Classes redefined (0 events):
No events

Internal exceptions (0 events):
No events

VM Operations (0 events):
No events

Events (1 events):
Event: 0.004 Loaded shared library C:\Program Files\Java\jdk-17\bin\java.dll


Dynamic libraries:
0x00007ff790e40000 - 0x00007ff790e50000 	C:\Program Files\Java\jdk-17\bin\java.exe
0x00007ffc1bdd0000 - 0x00007ffc1bfc8000 	C:\Windows\SYSTEM32\ntdll.dll
0x00007ffc1a050000 - 0x00007ffc1a112000 	C:\Windows\System32\KERNEL32.DLL
0x00007ffc19ac0000 - 0x00007ffc19db6000 	C:\Windows\System32\KERNELBASE.dll
0x00007ffc199c0000 - 0x00007ffc19ac0000 	C:\Windows\System32\ucrtbase.dll
0x00007ffc07d10000 - 0x00007ffc07d29000 	C:\Program Files\Java\jdk-17\bin\jli.dll
0x00007ffc070a0000 - 0x00007ffc070bb000 	C:\Program Files\Java\jdk-17\bin\VCRUNTIME140.dll
0x00007ffc19fa0000 - 0x00007ffc1a04f000 	C:\Windows\System32\ADVAPI32.dll
0x00007ffc1bb70000 - 0x00007ffc1bc0e000 	C:\Windows\System32\msvcrt.dll
0x00007ffc1aa90000 - 0x00007ffc1ab2f000 	C:\Windows\System32\sechost.dll
0x00007ffc1ae90000 - 0x00007ffc1afb3000 	C:\Windows\System32\RPCRT4.dll
0x00007ffc198f0000 - 0x00007ffc19917000 	C:\Windows\System32\bcrypt.dll
0x00007ffc1b730000 - 0x00007ffc1b8cd000 	C:\Windows\System32\USER32.dll
0x00007ffc19dc0000 - 0x00007ffc19de2000 	C:\Windows\System32\win32u.dll
0x00007ffc19ec0000 - 0x00007ffc19eeb000 	C:\Windows\System32\GDI32.dll
0x00007ffc0d690000 - 0x00007ffc0d92a000 	C:\Windows\WinSxS\amd64_microsoft.windows.common-controls_6595b64144ccf1df_6.0.19041.4355_none_60b8b9eb71f62e16\COMCTL32.dll
0x00007ffc197d0000 - 0x00007ffc198ea000 	C:\Windows\System32\gdi32full.dll
0x00007ffc19920000 - 0x00007ffc199bd000 	C:\Windows\System32\msvcp_win.dll
0x00007ffc13ef0000 - 0x00007ffc13efa000 	C:\Windows\SYSTEM32\VERSION.dll
0x00007ffc1bc90000 - 0x00007ffc1bcbf000 	C:\Windows\System32\IMM32.DLL
0x00007ffc07080000 - 0x00007ffc0708c000 	C:\Program Files\Java\jdk-17\bin\vcruntime140_1.dll
0x00007ffc067b0000 - 0x00007ffc0683e000 	C:\Program Files\Java\jdk-17\bin\msvcp140.dll
0x00007ffc02a20000 - 0x00007ffc035ff000 	C:\Program Files\Java\jdk-17\bin\server\jvm.dll
0x00007ffc19eb0000 - 0x00007ffc19eb8000 	C:\Windows\System32\PSAPI.DLL
0x00007ffc07e70000 - 0x00007ffc07e79000 	C:\Windows\SYSTEM32\WSOCK32.dll
0x00007ffc0f0c0000 - 0x00007ffc0f0e7000 	C:\Windows\SYSTEM32\WINMM.dll
0x00007ffc1bcc0000 - 0x00007ffc1bd2b000 	C:\Windows\System32\WS2_32.dll
0x00007ffc17300000 - 0x00007ffc17312000 	C:\Windows\SYSTEM32\kernel.appcore.dll
0x00007ffc057f0000 - 0x00007ffc057fa000 	C:\Program Files\Java\jdk-17\bin\jimage.dll
0x00007ffc13370000 - 0x00007ffc13554000 	C:\Windows\SYSTEM32\DBGHELP.DLL
0x00007ffc12cf0000 - 0x00007ffc12d24000 	C:\Windows\SYSTEM32\dbgcore.DLL
0x00007ffc19460000 - 0x00007ffc194e2000 	C:\Windows\System32\bcryptPrimitives.dll
0x00007ffc04d50000 - 0x00007ffc04d8b000 	C:\Program Files\Java\jdk-17\bin\jdwp.dll
0x00007ffc16ae0000 - 0x00007ffc16aee000 	C:\Program Files\Java\jdk-17\bin\instrument.dll
0x00007ffc057c0000 - 0x00007ffc057e5000 	C:\Program Files\Java\jdk-17\bin\java.dll

dbghelp: loaded successfully - version: 4.0.5 - missing functions: none
symbol engine: initialized successfully - sym options: 0x614 - pdb path: .;C:\Program Files\Java\jdk-17\bin;C:\Windows\SYSTEM32;C:\Windows\WinSxS\amd64_microsoft.windows.common-controls_6595b64144ccf1df_6.0.19041.4355_none_60b8b9eb71f62e16;C:\Program Files\Java\jdk-17\bin\server

VM Arguments:
jvm_args: -javaagent:D:\Server 2\api\target\agents\spring-instrument.jar -XX:TieredStopAtLevel=1 -Xmx1536M -Xdebug -Xrunjdwp:transport=dt_socket,server=y,suspend=n,address=8003 
java_command: com.community.api.ApiApplication
java_class_path (initial): D:\Server 2\api\target\classes;C:\Users\Raman\.m2\repository\com\mycompany-community\boot-community-demo-core\1.0.0-SNAPSHOT\boot-community-demo-core-1.0.0-SNAPSHOT.jar;C:\Users\Raman\.m2\repository\org\springframework\boot\spring-boot-actuator-autoconfigure\2.7.18\spring-boot-actuator-autoconfigure-2.7.18.jar;C:\Users\Raman\.m2\repository\org\springframework\boot\spring-boot-actuator\2.7.18\spring-boot-actuator-2.7.18.jar;C:\Users\Raman\.m2\repository\io\micrometer\micrometer-core\1.9.17\micrometer-core-1.9.17.jar;C:\Users\Raman\.m2\repository\org\hdrhistogram\HdrHistogram\2.1.12\HdrHistogram-2.1.12.jar;C:\Users\Raman\.m2\repository\org\latencyutils\LatencyUtils\2.0.3\LatencyUtils-2.0.3.jar;C:\Users\Raman\.m2\repository\org\broadleafcommerce\broadleaf-framework\6.2.10-GA\broadleaf-framework-6.2.10-GA.jar;C:\Users\Raman\.m2\repository\org\apache\solr\solr-solrj\8.11.3\solr-solrj-8.11.3.jar;C:\Users\Raman\.m2\repository\commons-lang\commons-lang\2.6\commons-lang-2.6.jar;C:\Users\Raman\.m2\repository\io\netty\netty-buffer\4.1.101.Final\netty-buffer-4.1.101.Final.jar;C:\Users\Raman\.m2\repository\io\netty\netty-common\4.1.101.Final\netty-common-4.1.101.Final.jar;C:\Users\Raman\.m2\repository\io\netty\netty-handler\4.1.101.Final\netty-handler-4.1.101.Final.jar;C:\Users\Raman\.m2\repository\io\netty\netty-resolver\4.1.101.Final\netty-resolver-4.1.101.Final.jar;C:\Users\Raman\.m2\repository\io\netty\netty-transport\4.1.101.Final\netty-transport-4.1.101.Final.jar;C:\Users\Raman\.m2\repository\io\netty\netty-transport-native-epoll\4.1.101.Final\netty-transport-native-epoll-4.1.101.Final.jar;C:\Users\Raman\.m2\repository\io\netty\netty-transport-native-unix-common\4.1.101.Final\netty-transport-native-unix-common-4.1.101.Final.jar;C:\Users\Raman\.m2\repository\org\apache\commons\commons-math3\3.6.1\commons-math3-3.6.1.jar;C:\Users\Raman\.m2\repository\org\apache\httpcomponents\httpmime\4.5.14\httpmime-4.5.14.jar;C:\Users\Raman\.m2\repository\org\a
Launcher Type: SUN_STANDARD

[Global flags]
     intx CICompilerCount                          = 4                                         {product} {ergonomic}
     uint ConcGCThreads                            = 3                                         {product} {ergonomic}
     uint G1ConcRefinementThreads                  = 10                                        {product} {ergonomic}
   size_t G1HeapRegionSize                         = 1048576                                   {product} {ergonomic}
    uintx GCDrainStackTargetSize                   = 64                                        {product} {ergonomic}
   size_t InitialHeapSize                          = 534773760                                 {product} {ergonomic}
   size_t MarkStackSize                            = 4194304                                   {product} {ergonomic}
   size_t MaxHeapSize                              = 1610612736                                {product} {command line}
   size_t MinHeapDeltaBytes                        = 1048576                                   {product} {ergonomic}
   size_t MinHeapSize                              = 8388608                                   {product} {ergonomic}
    uintx NonProfiledCodeHeapSize                  = 0                                      {pd product} {ergonomic}
     bool ProfileInterpreter                       = false                                  {pd product} {command line}
    uintx ProfiledCodeHeapSize                     = 0                                      {pd product} {ergonomic}
   size_t SoftMaxHeapSize                          = 1610612736                             {manageable} {ergonomic}
     intx TieredStopAtLevel                        = 1                                         {product} {command line}
     bool UseCompressedClassPointers               = true                           {product lp64_product} {ergonomic}
     bool UseCompressedOops                        = true                           {product lp64_product} {ergonomic}
     bool UseG1GC                                  = true                                      {product} {ergonomic}
     bool UseLargePagesIndividualAllocation        = false                                  {pd product} {ergonomic}

Logging:
Log output configuration:
 #0: stdout all=warning uptime,level,tags
 #1: stderr all=off uptime,level,tags

Environment Variables:
JAVA_HOME=C:\Program Files\Java\jdk-17
PATH=C:\Program Files\Common Files\Oracle\Java\javapath;C:\Windows\system32;C:\Windows;C:\Windows\System32\Wbem;C:\Windows\System32\WindowsPowerShell\v1.0\;C:\Windows\System32\OpenSSH\;C:\Program Files\Java\jdk-17\bin;C:\Program Files\Git\cmd;C:\Program Files\Git\usr\bin;C:\Windows\System32\OpenSSH;C:\Program Files\pg\bin;C:\Program Files\apache-maven-3.9.8\bin;C:\Program Files\nodejs\;D:\ffmpeg-7.1-essentials_build\bin;C:\ffmpeg-7.1-essentials_build\bin;C:\Users\Raman\AppData\Local\Microsoft\WindowsApps;C:\Program Files\JetBrains\IntelliJ IDEA Community Edition 2024.1.4\bin;;C:\Users\Raman\AppData\Roaming\npm;C:\Users\Raman\AppData\Local\Programs\Microsoft VS Code\bin;C:\Program Files\pg\bin;
USERNAME=Raman
OS=Windows_NT
PROCESSOR_IDENTIFIER=Intel64 Family 6 Model 151 Stepping 2, GenuineIntel



---------------  S Y S T E M  ---------------

OS:
 Windows 10 , 64 bit Build 19041 (10.0.19041.5678)
OS uptime: 7 days 15:49 hours

CPU: total 12 (initial active 12) (6 cores per cpu, 2 threads per core) family 6 model 151 stepping 2 microcode 0x34, cx8, cmov, fxsr, ht, mmx, 3dnowpref, sse, sse2, sse3, ssse3, sse4.1, sse4.2, popcnt, lzcnt, tsc, tscinvbit, avx, avx2, aes, erms, clmul, bmi1, bmi2, adx, sha, fma, vzeroupper, clflush, clflushopt, clwb

Memory: 4k page, system-wide physical 32621M (6922M free)
TotalPageFile size 50040M (AvailPageFile size 427M)
current process WorkingSet (physical memory assigned to process): 10M, peak: 10M
current process commit charge ("private bytes"): 59M, peak: 569M

vm_info: Java HotSpot(TM) 64-Bit Server VM (17.0.10+11-LTS-240) for windows-amd64 JRE (17.0.10+11-LTS-240), built on Dec 19 2023 21:47:25 by "mach5one" with MS VC++ 17.1 (VS2022)

END.
